2026-02-16 14:53:40,983 INFO [File Watcher] o.s.b.d.a.LocalDevToolsAutoConfiguration$RestartingClassPathChangeChangedEventListener [LocalDevToolsAutoConfiguration.java:214] Restarting due to 2 class path changes (2 additions, 0 deletions, 0 modifications)
2026-02-16 14:53:41,003 INFO [Thread-1] o.s.b.t.GracefulShutdown [GracefulShutdown.java:54] Commencing graceful shutdown. Waiting for active requests to complete
2026-02-16 14:53:41,004 INFO [tomcat-shutdown] o.a.c.h.Http11NioProtocol [DirectJDKLog.java:168] Pausing ProtocolHandler ["http-nio-8080"]
2026-02-16 14:53:41,011 INFO [tomcat-shutdown] o.s.b.t.GracefulShutdown [GracefulShutdown.java:76] Graceful shutdown complete
2026-02-16 14:53:41,012 INFO [Thread-1] o.a.c.h.Http11NioProtocol [DirectJDKLog.java:168] Stopping ProtocolHandler ["http-nio-8080"]
2026-02-16 14:53:41,087 INFO [restartedMain] c.n.c.CommunityApplication [StartupInfoLogger.java:54] Starting CommunityApplication using Java 22.0.2 with PID 41290 (/Users/shawncai/work/workspace/community/target/classes started by shawncai in /Users/shawncai/work/workspace/community)
2026-02-16 14:53:41,088 INFO [restartedMain] c.n.c.CommunityApplication [SpringApplication.java:652] No active profile set, falling back to 1 default profile: "default"
2026-02-16 14:53:41,184 INFO [restartedMain] o.s.b.t.TomcatWebServer [TomcatWebServer.java:114] Tomcat initialized with port 8080 (http)
2026-02-16 14:53:41,185 INFO [restartedMain] o.a.c.h.Http11NioProtocol [DirectJDKLog.java:168] Initializing ProtocolHandler ["http-nio-8080"]
2026-02-16 14:53:41,185 INFO [restartedMain] o.a.c.c.StandardService [DirectJDKLog.java:168] Starting service [Tomcat]
2026-02-16 14:53:41,185 INFO [restartedMain] o.a.c.c.StandardEngine [DirectJDKLog.java:168] Starting Servlet engine: [Apache Tomcat/11.0.15]
2026-02-16 14:53:41,189 INFO [restartedMain] o.s.b.w.c.s.WebApplicationContextInitializer [WebApplicationContextInitializer.java:77] Root WebApplicationContext: initialization completed in 100 ms
2026-02-16 14:53:41,242 INFO [restartedMain] o.s.b.w.a.WelcomePageHandlerMapping [WelcomePageHandlerMapping.java:60] Adding welcome page template: index
2026-02-16 14:53:41,282 INFO [restartedMain] o.a.c.h.Http11NioProtocol [DirectJDKLog.java:168] Starting ProtocolHandler ["http-nio-8080"]
2026-02-16 14:53:41,283 INFO [restartedMain] o.s.b.t.TomcatWebServer [TomcatWebServer.java:240] Tomcat started on port 8080 (http) with context path '/community'
2026-02-16 14:53:41,285 INFO [restartedMain] c.n.c.CommunityApplication [StartupInfoLogger.java:60] Started CommunityApplication in 0.217 seconds (process running for 54101.79)
2026-02-16 14:53:41,285 INFO [restartedMain] o.s.b.d.a.ConditionEvaluationDeltaLoggingListener [ConditionEvaluationDeltaLoggingListener.java:66] Condition evaluation unchanged
2026-02-16 14:53:44,222 INFO [SpringApplicationShutdownHook] o.s.b.t.GracefulShutdown [GracefulShutdown.java:54] Commencing graceful shutdown. Waiting for active requests to complete
2026-02-16 14:53:44,224 INFO [tomcat-shutdown] o.s.b.t.GracefulShutdown [GracefulShutdown.java:76] Graceful shutdown complete
2026-02-16 16:24:17,085 INFO [main] c.n.c.MapperTests [StartupInfoLogger.java:54] Starting MapperTests using Java 22.0.2 with PID 56732 (started by shawncai in /Users/shawncai/work/workspace/community)
2026-02-16 16:24:17,085 INFO [main] c.n.c.MapperTests [SpringApplication.java:652] No active profile set, falling back to 1 default profile: "default"
2026-02-16 16:24:17,607 INFO [main] o.s.b.w.a.WelcomePageHandlerMapping [WelcomePageHandlerMapping.java:60] Adding welcome page template: index
2026-02-16 16:24:17,734 INFO [main] c.n.c.MapperTests [StartupInfoLogger.java:60] Started MapperTests in 0.851 seconds (process running for 1.42)
2026-02-16 16:24:18,192 INFO [main] c.z.h.HikariDataSource [HikariDataSource.java:109] HikariPool-1 - Starting...
2026-02-16 16:24:18,312 INFO [main] c.z.h.p.HikariPool [HikariPool.java:580] HikariPool-1 - Added connection com.mysql.cj.jdbc.ConnectionImpl@1041ebba
2026-02-16 16:24:18,314 INFO [main] c.z.h.HikariDataSource [HikariDataSource.java:122] HikariPool-1 - Start completed.
2026-02-16 16:24:18,429 INFO [SpringApplicationShutdownHook] c.z.h.HikariDataSource [HikariDataSource.java:349] HikariPool-1 - Shutdown initiated...
2026-02-16 16:24:18,454 INFO [SpringApplicationShutdownHook] c.z.h.HikariDataSource [HikariDataSource.java:351] HikariPool-1 - Shutdown completed.
2026-02-16 16:26:21,302 INFO [main] c.n.c.MapperTests [StartupInfoLogger.java:54] Starting MapperTests using Java 22.0.2 with PID 56795 (started by shawncai in /Users/shawncai/work/workspace/community)
2026-02-16 16:26:21,303 INFO [main] c.n.c.MapperTests [SpringApplication.java:652] No active profile set, falling back to 1 default profile: "default"
2026-02-16 16:26:21,788 INFO [main] o.s.b.w.a.WelcomePageHandlerMapping [WelcomePageHandlerMapping.java:60] Adding welcome page template: index
2026-02-16 16:26:21,917 INFO [main] c.n.c.MapperTests [StartupInfoLogger.java:60] Started MapperTests in 0.803 seconds (process running for 1.27)
2026-02-16 16:26:22,265 INFO [main] c.z.h.HikariDataSource [HikariDataSource.java:109] HikariPool-1 - Starting...
2026-02-16 16:26:22,342 INFO [main] c.z.h.p.HikariPool [HikariPool.java:580] HikariPool-1 - Added connection com.mysql.cj.jdbc.ConnectionImpl@4e0802e0
2026-02-16 16:26:22,343 INFO [main] c.z.h.HikariDataSource [HikariDataSource.java:122] HikariPool-1 - Start completed.
2026-02-16 16:26:22,404 INFO [SpringApplicationShutdownHook] c.z.h.HikariDataSource [HikariDataSource.java:349] HikariPool-1 - Shutdown initiated...
2026-02-16 16:26:22,409 INFO [SpringApplicationShutdownHook] c.z.h.HikariDataSource [HikariDataSource.java:351] HikariPool-1 - Shutdown completed.
2026-02-16 16:27:17,533 INFO [main] c.n.c.MapperTests [StartupInfoLogger.java:54] Starting MapperTests using Java 22.0.2 with PID 56826 (started by shawncai in /Users/shawncai/work/workspace/community)
2026-02-16 16:27:17,534 INFO [main] c.n.c.MapperTests [SpringApplication.java:652] No active profile set, falling back to 1 default profile: "default"
2026-02-16 16:27:18,009 INFO [main] o.s.b.w.a.WelcomePageHandlerMapping [WelcomePageHandlerMapping.java:60] Adding welcome page template: index
2026-02-16 16:27:18,128 INFO [main] c.n.c.MapperTests [StartupInfoLogger.java:60] Started MapperTests in 0.776 seconds (process running for 1.276)
2026-02-16 16:27:18,462 INFO [main] c.z.h.HikariDataSource [HikariDataSource.java:109] HikariPool-1 - Starting...
2026-02-16 16:27:18,532 INFO [main] c.z.h.p.HikariPool [HikariPool.java:580] HikariPool-1 - Added connection com.mysql.cj.jdbc.ConnectionImpl@6eadd342
2026-02-16 16:27:18,533 INFO [main] c.z.h.HikariDataSource [HikariDataSource.java:122] HikariPool-1 - Start completed.
2026-02-16 16:27:18,574 INFO [SpringApplicationShutdownHook] c.z.h.HikariDataSource [HikariDataSource.java:349] HikariPool-1 - Shutdown initiated...
2026-02-16 16:27:18,578 INFO [SpringApplicationShutdownHook] c.z.h.HikariDataSource [HikariDataSource.java:351] HikariPool-1 - Shutdown completed.
2026-02-16 18:30:53,265 INFO [restartedMain] c.n.c.CommunityApplication [StartupInfoLogger.java:54] Starting CommunityApplication using Java 22.0.2 with PID 58978 (/Users/shawncai/work/workspace/community/target/classes started by shawncai in /Users/shawncai/work/workspace/community)
2026-02-16 18:30:53,266 INFO [restartedMain] c.n.c.CommunityApplication [SpringApplication.java:652] No active profile set, falling back to 1 default profile: "default"
2026-02-16 18:30:53,283 INFO [restartedMain] o.s.b.d.e.DevToolsPropertyDefaultsPostProcessor [LogLevel.java:69] Devtools property defaults active! Set 'spring.devtools.add-properties' to 'false' to disable
2026-02-16 18:30:53,284 INFO [restartedMain] o.s.b.d.e.DevToolsPropertyDefaultsPostProcessor [LogLevel.java:69] For additional web related logging consider setting the 'logging.level.web' property to 'DEBUG'
2026-02-16 18:30:53,638 INFO [restartedMain] o.s.b.t.TomcatWebServer [TomcatWebServer.java:114] Tomcat initialized with port 8080 (http)
2026-02-16 18:30:53,643 INFO [restartedMain] o.a.c.h.Http11NioProtocol [DirectJDKLog.java:168] Initializing ProtocolHandler ["http-nio-8080"]
2026-02-16 18:30:53,643 INFO [restartedMain] o.a.c.c.StandardService [DirectJDKLog.java:168] Starting service [Tomcat]
2026-02-16 18:30:53,643 INFO [restartedMain] o.a.c.c.StandardEngine [DirectJDKLog.java:168] Starting Servlet engine: [Apache Tomcat/11.0.15]
2026-02-16 18:30:53,655 INFO [restartedMain] o.s.b.w.c.s.WebApplicationContextInitializer [WebApplicationContextInitializer.java:77] Root WebApplicationContext: initialization completed in 371 ms
2026-02-16 18:30:53,824 INFO [restartedMain] o.s.b.w.a.WelcomePageHandlerMapping [WelcomePageHandlerMapping.java:60] Adding welcome page template: index
2026-02-16 18:30:53,958 INFO [restartedMain] o.a.c.h.Http11NioProtocol [DirectJDKLog.java:168] Starting ProtocolHandler ["http-nio-8080"]
2026-02-16 18:30:53,965 INFO [restartedMain] o.s.b.t.TomcatWebServer [TomcatWebServer.java:240] Tomcat started on port 8080 (http) with context path '/community'
2026-02-16 18:30:53,968 INFO [restartedMain] c.n.c.CommunityApplication [StartupInfoLogger.java:60] Started CommunityApplication in 0.938 seconds (process running for 1.274)
2026-02-16 18:31:04,770 INFO [http-nio-8080-exec-1] o.a.c.c.C.[.[.[/community] [DirectJDKLog.java:168] Initializing Spring DispatcherServlet 'dispatcherServlet'
2026-02-16 18:31:04,771 INFO [http-nio-8080-exec-1] o.s.w.s.DispatcherServlet [FrameworkServlet.java:523] Initializing Servlet 'dispatcherServlet'
2026-02-16 18:31:04,772 INFO [http-nio-8080-exec-1] o.s.w.s.DispatcherServlet [FrameworkServlet.java:545] Completed initialization in 1 ms
2026-02-16 18:33:57,768 INFO [SpringApplicationShutdownHook] o.s.b.t.GracefulShutdown [GracefulShutdown.java:54] Commencing graceful shutdown. Waiting for active requests to complete
2026-02-16 18:33:57,772 INFO [tomcat-shutdown] o.s.b.t.GracefulShutdown [GracefulShutdown.java:76] Graceful shutdown complete
2026-02-16 18:33:59,012 INFO [restartedMain] c.n.c.CommunityApplication [StartupInfoLogger.java:54] Starting CommunityApplication using Java 22.0.2 with PID 59041 (/Users/shawncai/work/workspace/community/target/classes started by shawncai in /Users/shawncai/work/workspace/community)
2026-02-16 18:33:59,013 INFO [restartedMain] c.n.c.CommunityApplication [SpringApplication.java:652] No active profile set, falling back to 1 default profile: "default"
2026-02-16 18:33:59,028 INFO [restartedMain] o.s.b.d.e.DevToolsPropertyDefaultsPostProcessor [LogLevel.java:69] Devtools property defaults active! Set 'spring.devtools.add-properties' to 'false' to disable
2026-02-16 18:33:59,028 INFO [restartedMain] o.s.b.d.e.DevToolsPropertyDefaultsPostProcessor [LogLevel.java:69] For additional web related logging consider setting the 'logging.level.web' property to 'DEBUG'
2026-02-16 18:33:59,381 INFO [restartedMain] o.s.b.t.TomcatWebServer [TomcatWebServer.java:114] Tomcat initialized with port 8080 (http)
2026-02-16 18:33:59,384 INFO [restartedMain] o.a.c.h.Http11NioProtocol [DirectJDKLog.java:168] Initializing ProtocolHandler ["http-nio-8080"]
2026-02-16 18:33:59,385 INFO [restartedMain] o.a.c.c.StandardService [DirectJDKLog.java:168] Starting service [Tomcat]
2026-02-16 18:33:59,385 INFO [restartedMain] o.a.c.c.StandardEngine [DirectJDKLog.java:168] Starting Servlet engine: [Apache Tomcat/11.0.15]
2026-02-16 18:33:59,396 INFO [restartedMain] o.s.b.w.c.s.WebApplicationContextInitializer [WebApplicationContextInitializer.java:77] Root WebApplicationContext: initialization completed in 368 ms
2026-02-16 18:33:59,529 INFO [restartedMain] o.s.b.w.a.WelcomePageHandlerMapping [WelcomePageHandlerMapping.java:60] Adding welcome page template: index
2026-02-16 18:33:59,639 INFO [restartedMain] o.a.c.h.Http11NioProtocol [DirectJDKLog.java:168] Starting ProtocolHandler ["http-nio-8080"]
2026-02-16 18:33:59,647 INFO [restartedMain] o.s.b.t.TomcatWebServer [TomcatWebServer.java:240] Tomcat started on port 8080 (http) with context path '/community'
2026-02-16 18:33:59,650 INFO [restartedMain] c.n.c.CommunityApplication [StartupInfoLogger.java:60] Started CommunityApplication in 0.838 seconds (process running for 1.157)
2026-02-16 18:34:01,643 INFO [http-nio-8080-exec-1] o.a.c.c.C.[.[.[/community] [DirectJDKLog.java:168] Initializing Spring DispatcherServlet 'dispatcherServlet'
2026-02-16 18:34:01,643 INFO [http-nio-8080-exec-1] o.s.w.s.DispatcherServlet [FrameworkServlet.java:523] Initializing Servlet 'dispatcherServlet'
2026-02-16 18:34:01,645 INFO [http-nio-8080-exec-1] o.s.w.s.DispatcherServlet [FrameworkServlet.java:545] Completed initialization in 1 ms
2026-02-16 18:36:09,094 INFO [SpringApplicationShutdownHook] o.s.b.t.GracefulShutdown [GracefulShutdown.java:54] Commencing graceful shutdown. Waiting for active requests to complete
2026-02-16 18:36:09,097 INFO [tomcat-shutdown] o.s.b.t.GracefulShutdown [GracefulShutdown.java:76] Graceful shutdown complete
2026-02-16 18:36:10,328 INFO [restartedMain] c.n.c.CommunityApplication [StartupInfoLogger.java:54] Starting CommunityApplication using Java 22.0.2 with PID 59107 (/Users/shawncai/work/workspace/community/target/classes started by shawncai in /Users/shawncai/work/workspace/community)
2026-02-16 18:36:10,329 INFO [restartedMain] c.n.c.CommunityApplication [SpringApplication.java:652] No active profile set, falling back to 1 default profile: "default"
2026-02-16 18:36:10,344 INFO [restartedMain] o.s.b.d.e.DevToolsPropertyDefaultsPostProcessor [LogLevel.java:69] Devtools property defaults active! Set 'spring.devtools.add-properties' to 'false' to disable
2026-02-16 18:36:10,344 INFO [restartedMain] o.s.b.d.e.DevToolsPropertyDefaultsPostProcessor [LogLevel.java:69] For additional web related logging consider setting the 'logging.level.web' property to 'DEBUG'
2026-02-16 18:36:10,703 INFO [restartedMain] o.s.b.t.TomcatWebServer [TomcatWebServer.java:114] Tomcat initialized with port 8080 (http)
2026-02-16 18:36:10,707 INFO [restartedMain] o.a.c.h.Http11NioProtocol [DirectJDKLog.java:168] Initializing ProtocolHandler ["http-nio-8080"]
2026-02-16 18:36:10,708 INFO [restartedMain] o.a.c.c.StandardService [DirectJDKLog.java:168] Starting service [Tomcat]
2026-02-16 18:36:10,708 INFO [restartedMain] o.a.c.c.StandardEngine [DirectJDKLog.java:168] Starting Servlet engine: [Apache Tomcat/11.0.15]
2026-02-16 18:36:10,720 INFO [restartedMain] o.s.b.w.c.s.WebApplicationContextInitializer [WebApplicationContextInitializer.java:77] Root WebApplicationContext: initialization completed in 376 ms
2026-02-16 18:36:10,866 INFO [restartedMain] o.s.b.w.a.WelcomePageHandlerMapping [WelcomePageHandlerMapping.java:60] Adding welcome page template: index
2026-02-16 18:36:10,977 INFO [restartedMain] o.a.c.h.Http11NioProtocol [DirectJDKLog.java:168] Starting ProtocolHandler ["http-nio-8080"]
2026-02-16 18:36:10,984 INFO [restartedMain] o.s.b.t.TomcatWebServer [TomcatWebServer.java:240] Tomcat started on port 8080 (http) with context path '/community'
2026-02-16 18:36:10,987 INFO [restartedMain] c.n.c.CommunityApplication [StartupInfoLogger.java:60] Started CommunityApplication in 0.913 seconds (process running for 1.198)
2026-02-16 18:36:13,385 INFO [http-nio-8080-exec-1] o.a.c.c.C.[.[.[/community] [DirectJDKLog.java:168] Initializing Spring DispatcherServlet 'dispatcherServlet'
2026-02-16 18:36:13,386 INFO [http-nio-8080-exec-1] o.s.w.s.DispatcherServlet [FrameworkServlet.java:523] Initializing Servlet 'dispatcherServlet'
2026-02-16 18:36:13,387 INFO [http-nio-8080-exec-1] o.s.w.s.DispatcherServlet [FrameworkServlet.java:545] Completed initialization in 1 ms
2026-02-16 18:36:57,177 INFO [http-nio-8080-exec-9] c.z.h.HikariDataSource [HikariDataSource.java:109] HikariPool-1 - Starting...
2026-02-16 18:36:57,276 INFO [http-nio-8080-exec-9] c.z.h.p.HikariPool [HikariPool.java:580] HikariPool-1 - Added connection com.mysql.cj.jdbc.ConnectionImpl@52667af8
2026-02-16 18:36:57,277 INFO [http-nio-8080-exec-9] c.z.h.HikariDataSource [HikariDataSource.java:122] HikariPool-1 - Start completed.
2026-02-16 18:39:34,261 INFO [SpringApplicationShutdownHook] o.s.b.t.GracefulShutdown [GracefulShutdown.java:54] Commencing graceful shutdown. Waiting for active requests to complete
2026-02-16 18:39:34,265 INFO [tomcat-shutdown] o.s.b.t.GracefulShutdown [GracefulShutdown.java:76] Graceful shutdown complete
2026-02-16 18:39:34,269 INFO [SpringApplicationShutdownHook] c.z.h.HikariDataSource [HikariDataSource.java:349] HikariPool-1 - Shutdown initiated...
2026-02-16 18:39:34,277 INFO [SpringApplicationShutdownHook] c.z.h.HikariDataSource [HikariDataSource.java:351] HikariPool-1 - Shutdown completed.
2026-02-16 18:39:35,299 INFO [restartedMain] c.n.c.CommunityApplication [StartupInfoLogger.java:54] Starting CommunityApplication using Java 22.0.2 with PID 59184 (/Users/shawncai/work/workspace/community/target/classes started by shawncai in /Users/shawncai/work/workspace/community)
2026-02-16 18:39:35,300 INFO [restartedMain] c.n.c.CommunityApplication [SpringApplication.java:652] No active profile set, falling back to 1 default profile: "default"
2026-02-16 18:39:35,316 INFO [restartedMain] o.s.b.d.e.DevToolsPropertyDefaultsPostProcessor [LogLevel.java:69] Devtools property defaults active! Set 'spring.devtools.add-properties' to 'false' to disable
2026-02-16 18:39:35,316 INFO [restartedMain] o.s.b.d.e.DevToolsPropertyDefaultsPostProcessor [LogLevel.java:69] For additional web related logging consider setting the 'logging.level.web' property to 'DEBUG'
2026-02-16 18:39:35,679 INFO [restartedMain] o.s.b.t.TomcatWebServer [TomcatWebServer.java:114] Tomcat initialized with port 8080 (http)
2026-02-16 18:39:35,684 INFO [restartedMain] o.a.c.h.Http11NioProtocol [DirectJDKLog.java:168] Initializing ProtocolHandler ["http-nio-8080"]
2026-02-16 18:39:35,684 INFO [restartedMain] o.a.c.c.StandardService [DirectJDKLog.java:168] Starting service [Tomcat]
2026-02-16 18:39:35,684 INFO [restartedMain] o.a.c.c.StandardEngine [DirectJDKLog.java:168] Starting Servlet engine: [Apache Tomcat/11.0.15]
2026-02-16 18:39:35,697 INFO [restartedMain] o.s.b.w.c.s.WebApplicationContextInitializer [WebApplicationContextInitializer.java:77] Root WebApplicationContext: initialization completed in 380 ms
2026-02-16 18:39:35,902 INFO [restartedMain] o.s.b.w.a.WelcomePageHandlerMapping [WelcomePageHandlerMapping.java:60] Adding welcome page template: index
2026-02-16 18:39:36,034 INFO [restartedMain] o.a.c.h.Http11NioProtocol [DirectJDKLog.java:168] Starting ProtocolHandler ["http-nio-8080"]
2026-02-16 18:39:36,042 INFO [restartedMain] o.s.b.t.TomcatWebServer [TomcatWebServer.java:240] Tomcat started on port 8080 (http) with context path '/community'
2026-02-16 18:39:36,045 INFO [restartedMain] c.n.c.CommunityApplication [StartupInfoLogger.java:60] Started CommunityApplication in 0.964 seconds (process running for 1.264)
2026-02-16 18:39:38,716 INFO [http-nio-8080-exec-1] o.a.c.c.C.[.[.[/community] [DirectJDKLog.java:168] Initializing Spring DispatcherServlet 'dispatcherServlet'
2026-02-16 18:39:38,716 INFO [http-nio-8080-exec-1] o.s.w.s.DispatcherServlet [FrameworkServlet.java:523] Initializing Servlet 'dispatcherServlet'
2026-02-16 18:39:38,717 INFO [http-nio-8080-exec-1] o.s.w.s.DispatcherServlet [FrameworkServlet.java:545] Completed initialization in 1 ms
2026-02-16 18:40:00,976 INFO [http-nio-8080-exec-3] c.z.h.HikariDataSource [HikariDataSource.java:109] HikariPool-1 - Starting...
2026-02-16 18:40:01,059 INFO [http-nio-8080-exec-3] c.z.h.p.HikariPool [HikariPool.java:580] HikariPool-1 - Added connection com.mysql.cj.jdbc.ConnectionImpl@3e28e30c
2026-02-16 18:40:01,060 INFO [http-nio-8080-exec-3] c.z.h.HikariDataSource [HikariDataSource.java:122] HikariPool-1 - Start completed.
2026-02-16 18:44:08,966 INFO [File Watcher] o.s.b.d.a.LocalDevToolsAutoConfiguration$RestartingClassPathChangeChangedEventListener [LocalDevToolsAutoConfiguration.java:214] Restarting due to 1 class path change (0 additions, 0 deletions, 1 modification)
2026-02-16 18:44:08,976 INFO [Thread-1] o.s.b.t.GracefulShutdown [GracefulShutdown.java:54] Commencing graceful shutdown. Waiting for active requests to complete
2026-02-16 18:44:08,977 INFO [tomcat-shutdown] o.a.c.h.Http11NioProtocol [DirectJDKLog.java:168] Pausing ProtocolHandler ["http-nio-8080"]
2026-02-16 18:44:08,982 INFO [tomcat-shutdown] o.s.b.t.GracefulShutdown [GracefulShutdown.java:76] Graceful shutdown complete
2026-02-16 18:44:08,982 INFO [Thread-1] o.a.c.h.Http11NioProtocol [DirectJDKLog.java:168] Stopping ProtocolHandler ["http-nio-8080"]
2026-02-16 18:44:08,989 INFO [Thread-1] c.z.h.HikariDataSource [HikariDataSource.java:349] HikariPool-1 - Shutdown initiated...
2026-02-16 18:44:08,996 INFO [Thread-1] c.z.h.HikariDataSource [HikariDataSource.java:351] HikariPool-1 - Shutdown completed.
2026-02-16 18:44:09,048 INFO [restartedMain] c.n.c.CommunityApplication [StartupInfoLogger.java:54] Starting CommunityApplication using Java 22.0.2 with PID 59184 (/Users/shawncai/work/workspace/community/target/classes started by shawncai in /Users/shawncai/work/workspace/community)
2026-02-16 18:44:09,048 INFO [restartedMain] c.n.c.CommunityApplication [SpringApplication.java:652] No active profile set, falling back to 1 default profile: "default"
2026-02-16 18:44:09,135 INFO [restartedMain] o.s.b.t.TomcatWebServer [TomcatWebServer.java:114] Tomcat initialized with port 8080 (http)
2026-02-16 18:44:09,135 INFO [restartedMain] o.a.c.h.Http11NioProtocol [DirectJDKLog.java:168] Initializing ProtocolHandler ["http-nio-8080"]
2026-02-16 18:44:09,136 INFO [restartedMain] o.a.c.c.StandardService [DirectJDKLog.java:168] Starting service [Tomcat]
2026-02-16 18:44:09,136 INFO [restartedMain] o.a.c.c.StandardEngine [DirectJDKLog.java:168] Starting Servlet engine: [Apache Tomcat/11.0.15]
2026-02-16 18:44:09,139 INFO [restartedMain] o.s.b.w.c.s.WebApplicationContextInitializer [WebApplicationContextInitializer.java:77] Root WebApplicationContext: initialization completed in 89 ms
2026-02-16 18:44:09,177 INFO [restartedMain] o.s.b.w.a.WelcomePageHandlerMapping [WelcomePageHandlerMapping.java:60] Adding welcome page template: index
2026-02-16 18:44:09,209 INFO [restartedMain] o.a.c.h.Http11NioProtocol [DirectJDKLog.java:168] Starting ProtocolHandler ["http-nio-8080"]
2026-02-16 18:44:09,209 INFO [restartedMain] o.s.b.t.TomcatWebServer [TomcatWebServer.java:240] Tomcat started on port 8080 (http) with context path '/community'
2026-02-16 18:44:09,211 INFO [restartedMain] c.n.c.CommunityApplication [StartupInfoLogger.java:60] Started CommunityApplication in 0.178 seconds (process running for 274.426)
2026-02-16 18:44:09,212 INFO [restartedMain] o.s.b.d.a.ConditionEvaluationDeltaLoggingListener [ConditionEvaluationDeltaLoggingListener.java:66] Condition evaluation unchanged
2026-02-16 18:44:13,512 INFO [http-nio-8080-exec-1] o.a.c.c.C.[.[.[/community] [DirectJDKLog.java:168] Initializing Spring DispatcherServlet 'dispatcherServlet'
2026-02-16 18:44:13,512 INFO [http-nio-8080-exec-1] o.s.w.s.DispatcherServlet [FrameworkServlet.java:523] Initializing Servlet 'dispatcherServlet'
2026-02-16 18:44:13,514 INFO [http-nio-8080-exec-1] o.s.w.s.DispatcherServlet [FrameworkServlet.java:545] Completed initialization in 1 ms
2026-02-16 18:44:13,519 INFO [http-nio-8080-exec-1] c.z.h.HikariDataSource [HikariDataSource.java:109] HikariPool-2 - Starting...
2026-02-16 18:44:13,528 INFO [http-nio-8080-exec-1] c.z.h.p.HikariPool [HikariPool.java:580] HikariPool-2 - Added connection com.mysql.cj.jdbc.ConnectionImpl@634f233
2026-02-16 18:44:13,529 INFO [http-nio-8080-exec-1] c.z.h.HikariDataSource [HikariDataSource.java:122] HikariPool-2 - Start completed.
2026-02-16 18:46:25,159 INFO [SpringApplicationShutdownHook] o.s.b.t.GracefulShutdown [GracefulShutdown.java:54] Commencing graceful shutdown. Waiting for active requests to complete
2026-02-16 18:46:25,166 INFO [tomcat-shutdown] o.s.b.t.GracefulShutdown [GracefulShutdown.java:76] Graceful shutdown complete
2026-02-16 18:46:25,168 INFO [SpringApplicationShutdownHook] c.z.h.HikariDataSource [HikariDataSource.java:349] HikariPool-2 - Shutdown initiated...
2026-02-16 18:46:25,169 INFO [SpringApplicationShutdownHook] c.z.h.HikariDataSource [HikariDataSource.java:351] HikariPool-2 - Shutdown completed.
2026-02-16 18:46:26,759 INFO [restartedMain] c.n.c.CommunityApplication [StartupInfoLogger.java:54] Starting CommunityApplication using Java 22.0.2 with PID 59396 (/Users/shawncai/work/workspace/community/target/classes started by shawncai in /Users/shawncai/work/workspace/community)
2026-02-16 18:46:26,760 INFO [restartedMain] c.n.c.CommunityApplication [SpringApplication.java:652] No active profile set, falling back to 1 default profile: "default"
2026-02-16 18:46:26,776 INFO [restartedMain] o.s.b.d.e.DevToolsPropertyDefaultsPostProcessor [LogLevel.java:69] Devtools property defaults active! Set 'spring.devtools.add-properties' to 'false' to disable
2026-02-16 18:46:26,776 INFO [restartedMain] o.s.b.d.e.DevToolsPropertyDefaultsPostProcessor [LogLevel.java:69] For additional web related logging consider setting the 'logging.level.web' property to 'DEBUG'
2026-02-16 18:46:27,134 INFO [restartedMain] o.s.b.t.TomcatWebServer [TomcatWebServer.java:114] Tomcat initialized with port 8080 (http)
2026-02-16 18:46:27,138 INFO [restartedMain] o.a.c.h.Http11NioProtocol [DirectJDKLog.java:168] Initializing ProtocolHandler ["http-nio-8080"]
2026-02-16 18:46:27,139 INFO [restartedMain] o.a.c.c.StandardService [DirectJDKLog.java:168] Starting service [Tomcat]
2026-02-16 18:46:27,139 INFO [restartedMain] o.a.c.c.StandardEngine [DirectJDKLog.java:168] Starting Servlet engine: [Apache Tomcat/11.0.15]
2026-02-16 18:46:27,150 INFO [restartedMain] o.s.b.w.c.s.WebApplicationContextInitializer [WebApplicationContextInitializer.java:77] Root WebApplicationContext: initialization completed in 374 ms
2026-02-16 18:46:27,295 INFO [restartedMain] o.s.b.w.a.WelcomePageHandlerMapping [WelcomePageHandlerMapping.java:60] Adding welcome page template: index
2026-02-16 18:46:27,406 INFO [restartedMain] o.a.c.h.Http11NioProtocol [DirectJDKLog.java:168] Starting ProtocolHandler ["http-nio-8080"]
2026-02-16 18:46:27,414 INFO [restartedMain] o.s.b.t.TomcatWebServer [TomcatWebServer.java:240] Tomcat started on port 8080 (http) with context path '/community'
2026-02-16 18:46:27,416 INFO [restartedMain] c.n.c.CommunityApplication [StartupInfoLogger.java:60] Started CommunityApplication in 0.857 seconds (process running for 1.158)
2026-02-16 18:46:30,587 INFO [SpringApplicationShutdownHook] o.s.b.t.GracefulShutdown [GracefulShutdown.java:54] Commencing graceful shutdown. Waiting for active requests to complete
2026-02-16 18:46:30,590 INFO [tomcat-shutdown] o.s.b.t.GracefulShutdown [GracefulShutdown.java:76] Graceful shutdown complete
2026-02-16 18:46:31,930 INFO [restartedMain] c.n.c.CommunityApplication [StartupInfoLogger.java:54] Starting CommunityApplication using Java 22.0.2 with PID 59411 (/Users/shawncai/work/workspace/community/target/classes started by shawncai in /Users/shawncai/work/workspace/community)
2026-02-16 18:46:31,931 INFO [restartedMain] c.n.c.CommunityApplication [SpringApplication.java:652] No active profile set, falling back to 1 default profile: "default"
2026-02-16 18:46:31,943 INFO [restartedMain] o.s.b.d.e.DevToolsPropertyDefaultsPostProcessor [LogLevel.java:69] Devtools property defaults active! Set 'spring.devtools.add-properties' to 'false' to disable
2026-02-16 18:46:31,944 INFO [restartedMain] o.s.b.d.e.DevToolsPropertyDefaultsPostProcessor [LogLevel.java:69] For additional web related logging consider setting the 'logging.level.web' property to 'DEBUG'
2026-02-16 18:46:32,273 INFO [restartedMain] o.s.b.t.TomcatWebServer [TomcatWebServer.java:114] Tomcat initialized with port 8080 (http)
2026-02-16 18:46:32,277 INFO [restartedMain] o.a.c.h.Http11NioProtocol [DirectJDKLog.java:168] Initializing ProtocolHandler ["http-nio-8080"]
2026-02-16 18:46:32,277 INFO [restartedMain] o.a.c.c.StandardService [DirectJDKLog.java:168] Starting service [Tomcat]
2026-02-16 18:46:32,277 INFO [restartedMain] o.a.c.c.StandardEngine [DirectJDKLog.java:168] Starting Servlet engine: [Apache Tomcat/11.0.15]
2026-02-16 18:46:32,288 INFO [restartedMain] o.s.b.w.c.s.WebApplicationContextInitializer [WebApplicationContextInitializer.java:77] Root WebApplicationContext: initialization completed in 344 ms
2026-02-16 18:46:32,416 INFO [restartedMain] o.s.b.w.a.WelcomePageHandlerMapping [WelcomePageHandlerMapping.java:60] Adding welcome page template: index
2026-02-16 18:46:32,520 INFO [restartedMain] o.a.c.h.Http11NioProtocol [DirectJDKLog.java:168] Starting ProtocolHandler ["http-nio-8080"]
2026-02-16 18:46:32,528 INFO [restartedMain] o.s.b.t.TomcatWebServer [TomcatWebServer.java:240] Tomcat started on port 8080 (http) with context path '/community'
2026-02-16 18:46:32,531 INFO [restartedMain] c.n.c.CommunityApplication [StartupInfoLogger.java:60] Started CommunityApplication in 0.779 seconds (process running for 1.018)
2026-02-16 18:46:35,005 INFO [http-nio-8080-exec-1] o.a.c.c.C.[.[.[/community] [DirectJDKLog.java:168] Initializing Spring DispatcherServlet 'dispatcherServlet'
2026-02-16 18:46:35,006 INFO [http-nio-8080-exec-1] o.s.w.s.DispatcherServlet [FrameworkServlet.java:523] Initializing Servlet 'dispatcherServlet'
2026-02-16 18:46:35,008 INFO [http-nio-8080-exec-1] o.s.w.s.DispatcherServlet [FrameworkServlet.java:545] Completed initialization in 2 ms
2026-02-16 18:46:39,915 INFO [SpringApplicationShutdownHook] o.s.b.t.GracefulShutdown [GracefulShutdown.java:54] Commencing graceful shutdown. Waiting for active requests to complete
2026-02-16 18:46:39,918 INFO [tomcat-shutdown] o.s.b.t.GracefulShutdown [GracefulShutdown.java:76] Graceful shutdown complete
2026-02-16 18:46:41,015 INFO [restartedMain] c.n.c.CommunityApplication [StartupInfoLogger.java:54] Starting CommunityApplication using Java 22.0.2 with PID 59420 (/Users/shawncai/work/workspace/community/target/classes started by shawncai in /Users/shawncai/work/workspace/community)
2026-02-16 18:46:41,016 INFO [restartedMain] c.n.c.CommunityApplication [SpringApplication.java:652] No active profile set, falling back to 1 default profile: "default"
2026-02-16 18:46:41,029 INFO [restartedMain] o.s.b.d.e.DevToolsPropertyDefaultsPostProcessor [LogLevel.java:69] Devtools property defaults active! Set 'spring.devtools.add-properties' to 'false' to disable
2026-02-16 18:46:41,030 INFO [restartedMain] o.s.b.d.e.DevToolsPropertyDefaultsPostProcessor [LogLevel.java:69] For additional web related logging consider setting the 'logging.level.web' property to 'DEBUG'
2026-02-16 18:46:41,359 INFO [restartedMain] o.s.b.t.TomcatWebServer [TomcatWebServer.java:114] Tomcat initialized with port 8080 (http)
2026-02-16 18:46:41,363 INFO [restartedMain] o.a.c.h.Http11NioProtocol [DirectJDKLog.java:168] Initializing ProtocolHandler ["http-nio-8080"]
2026-02-16 18:46:41,363 INFO [restartedMain] o.a.c.c.StandardService [DirectJDKLog.java:168] Starting service [Tomcat]
2026-02-16 18:46:41,363 INFO [restartedMain] o.a.c.c.StandardEngine [DirectJDKLog.java:168] Starting Servlet engine: [Apache Tomcat/11.0.15]
2026-02-16 18:46:41,374 INFO [restartedMain] o.s.b.w.c.s.WebApplicationContextInitializer [WebApplicationContextInitializer.java:77] Root WebApplicationContext: initialization completed in 344 ms
2026-02-16 18:46:41,509 INFO [restartedMain] o.s.b.w.a.WelcomePageHandlerMapping [WelcomePageHandlerMapping.java:60] Adding welcome page template: index
2026-02-16 18:46:41,611 INFO [restartedMain] o.a.c.h.Http11NioProtocol [DirectJDKLog.java:168] Starting ProtocolHandler ["http-nio-8080"]
2026-02-16 18:46:41,618 INFO [restartedMain] o.s.b.t.TomcatWebServer [TomcatWebServer.java:240] Tomcat started on port 8080 (http) with context path '/community'
2026-02-16 18:46:41,621 INFO [restartedMain] c.n.c.CommunityApplication [StartupInfoLogger.java:60] Started CommunityApplication in 0.808 seconds (process running for 1.055)
2026-02-16 18:46:43,517 INFO [http-nio-8080-exec-1] o.a.c.c.C.[.[.[/community] [DirectJDKLog.java:168] Initializing Spring DispatcherServlet 'dispatcherServlet'
2026-02-16 18:46:43,517 INFO [http-nio-8080-exec-1] o.s.w.s.DispatcherServlet [FrameworkServlet.java:523] Initializing Servlet 'dispatcherServlet'
2026-02-16 18:46:43,518 INFO [http-nio-8080-exec-1] o.s.w.s.DispatcherServlet [FrameworkServlet.java:545] Completed initialization in 1 ms
2026-02-16 18:46:43,545 INFO [http-nio-8080-exec-1] c.z.h.HikariDataSource [HikariDataSource.java:109] HikariPool-1 - Starting...
2026-02-16 18:46:43,613 INFO [http-nio-8080-exec-1] c.z.h.p.HikariPool [HikariPool.java:580] HikariPool-1 - Added connection com.mysql.cj.jdbc.ConnectionImpl@67e2fef0
2026-02-16 18:46:43,614 INFO [http-nio-8080-exec-1] c.z.h.HikariDataSource [HikariDataSource.java:122] HikariPool-1 - Start completed.
2026-02-16 18:46:51,452 INFO [SpringApplicationShutdownHook] o.s.b.t.GracefulShutdown [GracefulShutdown.java:54] Commencing graceful shutdown. Waiting for active requests to complete
2026-02-16 18:46:51,455 INFO [tomcat-shutdown] o.s.b.t.GracefulShutdown [GracefulShutdown.java:76] Graceful shutdown complete
2026-02-16 18:46:51,458 INFO [SpringApplicationShutdownHook] c.z.h.HikariDataSource [HikariDataSource.java:349] HikariPool-1 - Shutdown initiated...
2026-02-16 18:46:51,461 INFO [SpringApplicationShutdownHook] c.z.h.HikariDataSource [HikariDataSource.java:351] HikariPool-1 - Shutdown completed.
2026-02-16 18:46:52,901 INFO [restartedMain] c.n.c.CommunityApplication [StartupInfoLogger.java:54] Starting CommunityApplication using Java 22.0.2 with PID 59438 (/Users/shawncai/work/workspace/community/target/classes started by shawncai in /Users/shawncai/work/workspace/community)
2026-02-16 18:46:52,904 INFO [restartedMain] c.n.c.CommunityApplication [SpringApplication.java:652] No active profile set, falling back to 1 default profile: "default"
2026-02-16 18:46:52,920 INFO [restartedMain] o.s.b.d.e.DevToolsPropertyDefaultsPostProcessor [LogLevel.java:69] Devtools property defaults active! Set 'spring.devtools.add-properties' to 'false' to disable
2026-02-16 18:46:52,920 INFO [restartedMain] o.s.b.d.e.DevToolsPropertyDefaultsPostProcessor [LogLevel.java:69] For additional web related logging consider setting the 'logging.level.web' property to 'DEBUG'
2026-02-16 18:46:53,268 INFO [restartedMain] o.s.b.t.TomcatWebServer [TomcatWebServer.java:114] Tomcat initialized with port 8080 (http)
2026-02-16 18:46:53,272 INFO [restartedMain] o.a.c.h.Http11NioProtocol [DirectJDKLog.java:168] Initializing ProtocolHandler ["http-nio-8080"]
2026-02-16 18:46:53,272 INFO [restartedMain] o.a.c.c.StandardService [DirectJDKLog.java:168] Starting service [Tomcat]
2026-02-16 18:46:53,273 INFO [restartedMain] o.a.c.c.StandardEngine [DirectJDKLog.java:168] Starting Servlet engine: [Apache Tomcat/11.0.15]
2026-02-16 18:46:53,284 INFO [restartedMain] o.s.b.w.c.s.WebApplicationContextInitializer [WebApplicationContextInitializer.java:77] Root WebApplicationContext: initialization completed in 364 ms
2026-02-16 18:46:53,420 INFO [restartedMain] o.s.b.w.a.WelcomePageHandlerMapping [WelcomePageHandlerMapping.java:60] Adding welcome page template: index
2026-02-16 18:46:53,524 INFO [restartedMain] o.a.c.h.Http11NioProtocol [DirectJDKLog.java:168] Starting ProtocolHandler ["http-nio-8080"]
2026-02-16 18:46:53,531 INFO [restartedMain] o.s.b.t.TomcatWebServer [TomcatWebServer.java:240] Tomcat started on port 8080 (http) with context path '/community'
2026-02-16 18:46:53,534 INFO [restartedMain] c.n.c.CommunityApplication [StartupInfoLogger.java:60] Started CommunityApplication in 0.829 seconds (process running for 1.081)
2026-02-16 18:46:56,514 INFO [http-nio-8080-exec-1] o.a.c.c.C.[.[.[/community] [DirectJDKLog.java:168] Initializing Spring DispatcherServlet 'dispatcherServlet'
2026-02-16 18:46:56,515 INFO [http-nio-8080-exec-1] o.s.w.s.DispatcherServlet [FrameworkServlet.java:523] Initializing Servlet 'dispatcherServlet'
2026-02-16 18:46:56,518 INFO [http-nio-8080-exec-1] o.s.w.s.DispatcherServlet [FrameworkServlet.java:545] Completed initialization in 3 ms
2026-02-16 18:47:09,129 INFO [http-nio-8080-exec-7] c.z.h.HikariDataSource [HikariDataSource.java:109] HikariPool-1 - Starting...
2026-02-16 18:47:09,217 INFO [http-nio-8080-exec-7] c.z.h.p.HikariPool [HikariPool.java:580] HikariPool-1 - Added connection com.mysql.cj.jdbc.ConnectionImpl@7723c6db
2026-02-16 18:47:09,217 INFO [http-nio-8080-exec-7] c.z.h.HikariDataSource [HikariDataSource.java:122] HikariPool-1 - Start completed.
2026-02-16 18:51:44,093 INFO [SpringApplicationShutdownHook] o.s.b.t.GracefulShutdown [GracefulShutdown.java:54] Commencing graceful shutdown. Waiting for active requests to complete
2026-02-16 18:51:44,096 INFO [tomcat-shutdown] o.s.b.t.GracefulShutdown [GracefulShutdown.java:76] Graceful shutdown complete
2026-02-16 18:51:44,102 INFO [SpringApplicationShutdownHook] c.z.h.HikariDataSource [HikariDataSource.java:349] HikariPool-1 - Shutdown initiated...
2026-02-16 18:51:44,107 INFO [SpringApplicationShutdownHook] c.z.h.HikariDataSource [HikariDataSource.java:351] HikariPool-1 - Shutdown completed.
2026-02-16 18:51:45,410 INFO [restartedMain] c.n.c.CommunityApplication [StartupInfoLogger.java:54] Starting CommunityApplication using Java 22.0.2 with PID 59519 (/Users/shawncai/work/workspace/community/target/classes started by shawncai in /Users/shawncai/work/workspace/community)
2026-02-16 18:51:45,411 INFO [restartedMain] c.n.c.CommunityApplication [SpringApplication.java:652] No active profile set, falling back to 1 default profile: "default"
2026-02-16 18:51:45,430 INFO [restartedMain] o.s.b.d.e.DevToolsPropertyDefaultsPostProcessor [LogLevel.java:69] Devtools property defaults active! Set 'spring.devtools.add-properties' to 'false' to disable
2026-02-16 18:51:45,430 INFO [restartedMain] o.s.b.d.e.DevToolsPropertyDefaultsPostProcessor [LogLevel.java:69] For additional web related logging consider setting the 'logging.level.web' property to 'DEBUG'
2026-02-16 18:51:45,774 INFO [restartedMain] o.s.b.t.TomcatWebServer [TomcatWebServer.java:114] Tomcat initialized with port 8080 (http)
2026-02-16 18:51:45,778 INFO [restartedMain] o.a.c.h.Http11NioProtocol [DirectJDKLog.java:168] Initializing ProtocolHandler ["http-nio-8080"]
2026-02-16 18:51:45,779 INFO [restartedMain] o.a.c.c.StandardService [DirectJDKLog.java:168] Starting service [Tomcat]
2026-02-16 18:51:45,779 INFO [restartedMain] o.a.c.c.StandardEngine [DirectJDKLog.java:168] Starting Servlet engine: [Apache Tomcat/11.0.15]
2026-02-16 18:51:45,790 INFO [restartedMain] o.s.b.w.c.s.WebApplicationContextInitializer [WebApplicationContextInitializer.java:77] Root WebApplicationContext: initialization completed in 359 ms
2026-02-16 18:51:45,934 INFO [restartedMain] o.s.b.w.a.WelcomePageHandlerMapping [WelcomePageHandlerMapping.java:60] Adding welcome page template: index
2026-02-16 18:51:46,048 INFO [restartedMain] o.a.c.h.Http11NioProtocol [DirectJDKLog.java:168] Starting ProtocolHandler ["http-nio-8080"]
2026-02-16 18:51:46,056 INFO [restartedMain] o.s.b.t.TomcatWebServer [TomcatWebServer.java:240] Tomcat started on port 8080 (http) with context path '/community'
2026-02-16 18:51:46,059 INFO [restartedMain] c.n.c.CommunityApplication [StartupInfoLogger.java:60] Started CommunityApplication in 0.92 seconds (process running for 1.209)
2026-02-16 18:51:47,296 INFO [http-nio-8080-exec-4] o.a.c.c.C.[.[.[/community] [DirectJDKLog.java:168] Initializing Spring DispatcherServlet 'dispatcherServlet'
2026-02-16 18:51:47,297 INFO [http-nio-8080-exec-4] o.s.w.s.DispatcherServlet [FrameworkServlet.java:523] Initializing Servlet 'dispatcherServlet'
2026-02-16 18:51:47,298 INFO [http-nio-8080-exec-4] o.s.w.s.DispatcherServlet [FrameworkServlet.java:545] Completed initialization in 1 ms
2026-02-16 18:53:14,474 INFO [SpringApplicationShutdownHook] o.s.b.t.GracefulShutdown [GracefulShutdown.java:54] Commencing graceful shutdown. Waiting for active requests to complete
2026-02-16 18:53:14,482 INFO [tomcat-shutdown] o.s.b.t.GracefulShutdown [GracefulShutdown.java:76] Graceful shutdown complete
2026-02-16 18:53:23,559 INFO [restartedMain] c.n.c.CommunityApplication [StartupInfoLogger.java:54] Starting CommunityApplication using Java 22.0.2 with PID 59573 (/Users/shawncai/work/workspace/community/target/classes started by shawncai in /Users/shawncai/work/workspace/community)
2026-02-16 18:53:23,559 INFO [restartedMain] c.n.c.CommunityApplication [SpringApplication.java:652] No active profile set, falling back to 1 default profile: "default"
2026-02-16 18:53:23,573 INFO [restartedMain] o.s.b.d.e.DevToolsPropertyDefaultsPostProcessor [LogLevel.java:69] Devtools property defaults active! Set 'spring.devtools.add-properties' to 'false' to disable
2026-02-16 18:53:23,574 INFO [restartedMain] o.s.b.d.e.DevToolsPropertyDefaultsPostProcessor [LogLevel.java:69] For additional web related logging consider setting the 'logging.level.web' property to 'DEBUG'
2026-02-16 18:53:23,896 INFO [restartedMain] o.s.b.t.TomcatWebServer [TomcatWebServer.java:114] Tomcat initialized with port 8080 (http)
2026-02-16 18:53:23,900 INFO [restartedMain] o.a.c.h.Http11NioProtocol [DirectJDKLog.java:168] Initializing ProtocolHandler ["http-nio-8080"]
2026-02-16 18:53:23,901 INFO [restartedMain] o.a.c.c.StandardService [DirectJDKLog.java:168] Starting service [Tomcat]
2026-02-16 18:53:23,901 INFO [restartedMain] o.a.c.c.StandardEngine [DirectJDKLog.java:168] Starting Servlet engine: [Apache Tomcat/11.0.15]
2026-02-16 18:53:23,912 INFO [restartedMain] o.s.b.w.c.s.WebApplicationContextInitializer [WebApplicationContextInitializer.java:77] Root WebApplicationContext: initialization completed in 337 ms
2026-02-16 18:53:24,042 INFO [restartedMain] o.s.b.w.a.WelcomePageHandlerMapping [WelcomePageHandlerMapping.java:60] Adding welcome page template: index
2026-02-16 18:53:24,144 INFO [restartedMain] o.a.c.h.Http11NioProtocol [DirectJDKLog.java:168] Starting ProtocolHandler ["http-nio-8080"]
2026-02-16 18:53:24,154 INFO [restartedMain] o.s.b.t.TomcatWebServer [TomcatWebServer.java:240] Tomcat started on port 8080 (http) with context path '/community'
2026-02-16 18:53:24,157 INFO [restartedMain] c.n.c.CommunityApplication [StartupInfoLogger.java:60] Started CommunityApplication in 0.777 seconds (process running for 1.051)
2026-02-16 18:53:42,295 INFO [http-nio-8080-exec-1] o.a.c.c.C.[.[.[/community] [DirectJDKLog.java:168] Initializing Spring DispatcherServlet 'dispatcherServlet'
2026-02-16 18:53:42,295 INFO [http-nio-8080-exec-1] o.s.w.s.DispatcherServlet [FrameworkServlet.java:523] Initializing Servlet 'dispatcherServlet'
2026-02-16 18:53:42,297 INFO [http-nio-8080-exec-1] o.s.w.s.DispatcherServlet [FrameworkServlet.java:545] Completed initialization in 2 ms
2026-02-16 18:53:53,639 INFO [http-nio-8080-exec-7] c.z.h.HikariDataSource [HikariDataSource.java:109] HikariPool-1 - Starting...
2026-02-16 18:53:53,729 INFO [http-nio-8080-exec-7] c.z.h.p.HikariPool [HikariPool.java:580] HikariPool-1 - Added connection com.mysql.cj.jdbc.ConnectionImpl@1360dff2
2026-02-16 18:53:53,730 INFO [http-nio-8080-exec-7] c.z.h.HikariDataSource [HikariDataSource.java:122] HikariPool-1 - Start completed.
2026-02-16 18:55:39,220 INFO [SpringApplicationShutdownHook] o.s.b.t.GracefulShutdown [GracefulShutdown.java:54] Commencing graceful shutdown. Waiting for active requests to complete
2026-02-16 18:55:39,222 INFO [tomcat-shutdown] o.s.b.t.GracefulShutdown [GracefulShutdown.java:76] Graceful shutdown complete
2026-02-16 18:55:39,225 INFO [SpringApplicationShutdownHook] c.z.h.HikariDataSource [HikariDataSource.java:349] HikariPool-1 - Shutdown initiated...
2026-02-16 18:55:39,228 INFO [SpringApplicationShutdownHook] c.z.h.HikariDataSource [HikariDataSource.java:351] HikariPool-1 - Shutdown completed.
2026-02-16 18:55:40,371 INFO [restartedMain] c.n.c.CommunityApplication [StartupInfoLogger.java:54] Starting CommunityApplication using Java 22.0.2 with PID 59609 (/Users/shawncai/work/workspace/community/target/classes started by shawncai in /Users/shawncai/work/workspace/community)
2026-02-16 18:55:40,372 INFO [restartedMain] c.n.c.CommunityApplication [SpringApplication.java:652] No active profile set, falling back to 1 default profile: "default"
2026-02-16 18:55:40,386 INFO [restartedMain] o.s.b.d.e.DevToolsPropertyDefaultsPostProcessor [LogLevel.java:69] Devtools property defaults active! Set 'spring.devtools.add-properties' to 'false' to disable
2026-02-16 18:55:40,387 INFO [restartedMain] o.s.b.d.e.DevToolsPropertyDefaultsPostProcessor [LogLevel.java:69] For additional web related logging consider setting the 'logging.level.web' property to 'DEBUG'
2026-02-16 18:55:40,718 INFO [restartedMain] o.s.b.t.TomcatWebServer [TomcatWebServer.java:114] Tomcat initialized with port 8080 (http)
2026-02-16 18:55:40,722 INFO [restartedMain] o.a.c.h.Http11NioProtocol [DirectJDKLog.java:168] Initializing ProtocolHandler ["http-nio-8080"]
2026-02-16 18:55:40,722 INFO [restartedMain] o.a.c.c.StandardService [DirectJDKLog.java:168] Starting service [Tomcat]
2026-02-16 18:55:40,722 INFO [restartedMain] o.a.c.c.StandardEngine [DirectJDKLog.java:168] Starting Servlet engine: [Apache Tomcat/11.0.15]
2026-02-16 18:55:40,733 INFO [restartedMain] o.s.b.w.c.s.WebApplicationContextInitializer [WebApplicationContextInitializer.java:77] Root WebApplicationContext: initialization completed in 346 ms
2026-02-16 18:55:40,864 INFO [restartedMain] o.s.b.w.a.WelcomePageHandlerMapping [WelcomePageHandlerMapping.java:60] Adding welcome page template: index
2026-02-16 18:55:40,966 INFO [restartedMain] o.a.c.h.Http11NioProtocol [DirectJDKLog.java:168] Starting ProtocolHandler ["http-nio-8080"]
2026-02-16 18:55:40,974 INFO [restartedMain] o.s.b.t.TomcatWebServer [TomcatWebServer.java:240] Tomcat started on port 8080 (http) with context path '/community'
2026-02-16 18:55:40,977 INFO [restartedMain] c.n.c.CommunityApplication [StartupInfoLogger.java:60] Started CommunityApplication in 0.796 seconds (process running for 1.161)
2026-02-16 18:55:46,277 INFO [http-nio-8080-exec-1] o.a.c.c.C.[.[.[/community] [DirectJDKLog.java:168] Initializing Spring DispatcherServlet 'dispatcherServlet'
2026-02-16 18:55:46,278 INFO [http-nio-8080-exec-1] o.s.w.s.DispatcherServlet [FrameworkServlet.java:523] Initializing Servlet 'dispatcherServlet'
2026-02-16 18:55:46,280 INFO [http-nio-8080-exec-1] o.s.w.s.DispatcherServlet [FrameworkServlet.java:545] Completed initialization in 2 ms
2026-02-16 18:55:46,334 INFO [http-nio-8080-exec-1] c.z.h.HikariDataSource [HikariDataSource.java:109] HikariPool-1 - Starting...
2026-02-16 18:55:46,431 INFO [http-nio-8080-exec-1] c.z.h.p.HikariPool [HikariPool.java:580] HikariPool-1 - Added connection com.mysql.cj.jdbc.ConnectionImpl@7131c04a
2026-02-16 18:55:46,432 INFO [http-nio-8080-exec-1] c.z.h.HikariDataSource [HikariDataSource.java:122] HikariPool-1 - Start completed.
2026-02-16 19:04:29,127 INFO [File Watcher] o.s.b.d.a.LocalDevToolsAutoConfiguration$RestartingClassPathChangeChangedEventListener [LocalDevToolsAutoConfiguration.java:214] Restarting due to 1 class path change (0 additions, 0 deletions, 1 modification)
2026-02-16 19:04:29,139 INFO [Thread-1] o.s.b.t.GracefulShutdown [GracefulShutdown.java:54] Commencing graceful shutdown. Waiting for active requests to complete
2026-02-16 19:04:29,140 INFO [tomcat-shutdown] o.a.c.h.Http11NioProtocol [DirectJDKLog.java:168] Pausing ProtocolHandler ["http-nio-8080"]
2026-02-16 19:04:29,144 INFO [tomcat-shutdown] o.s.b.t.GracefulShutdown [GracefulShutdown.java:76] Graceful shutdown complete
2026-02-16 19:04:29,145 INFO [Thread-1] o.a.c.h.Http11NioProtocol [DirectJDKLog.java:168] Stopping ProtocolHandler ["http-nio-8080"]
2026-02-16 19:04:29,151 INFO [Thread-1] c.z.h.HikariDataSource [HikariDataSource.java:349] HikariPool-1 - Shutdown initiated...
2026-02-16 19:04:29,156 INFO [Thread-1] c.z.h.HikariDataSource [HikariDataSource.java:351] HikariPool-1 - Shutdown completed.
2026-02-16 19:04:29,213 INFO [restartedMain] c.n.c.CommunityApplication [StartupInfoLogger.java:54] Starting CommunityApplication using Java 22.0.2 with PID 59609 (/Users/shawncai/work/workspace/community/target/classes started by shawncai in /Users/shawncai/work/workspace/community)
2026-02-16 19:04:29,213 INFO [restartedMain] c.n.c.CommunityApplication [SpringApplication.java:652] No active profile set, falling back to 1 default profile: "default"
2026-02-16 19:04:29,292 INFO [restartedMain] o.s.b.t.TomcatWebServer [TomcatWebServer.java:114] Tomcat initialized with port 8080 (http)
2026-02-16 19:04:29,292 INFO [restartedMain] o.a.c.h.Http11NioProtocol [DirectJDKLog.java:168] Initializing ProtocolHandler ["http-nio-8080"]
2026-02-16 19:04:29,293 INFO [restartedMain] o.a.c.c.StandardService [DirectJDKLog.java:168] Starting service [Tomcat]
2026-02-16 19:04:29,293 INFO [restartedMain] o.a.c.c.StandardEngine [DirectJDKLog.java:168] Starting Servlet engine: [Apache Tomcat/11.0.15]
2026-02-16 19:04:29,296 INFO [restartedMain] o.s.b.w.c.s.WebApplicationContextInitializer [WebApplicationContextInitializer.java:77] Root WebApplicationContext: initialization completed in 82 ms
2026-02-16 19:04:29,338 INFO [restartedMain] o.s.b.w.a.WelcomePageHandlerMapping [WelcomePageHandlerMapping.java:60] Adding welcome page template: index
2026-02-16 19:04:29,374 INFO [restartedMain] o.a.c.h.Http11NioProtocol [DirectJDKLog.java:168] Starting ProtocolHandler ["http-nio-8080"]
2026-02-16 19:04:29,375 INFO [restartedMain] o.s.b.t.TomcatWebServer [TomcatWebServer.java:240] Tomcat started on port 8080 (http) with context path '/community'
2026-02-16 19:04:29,376 INFO [restartedMain] c.n.c.CommunityApplication [StartupInfoLogger.java:60] Started CommunityApplication in 0.179 seconds (process running for 529.554)
2026-02-16 19:04:29,377 INFO [restartedMain] o.s.b.d.a.ConditionEvaluationDeltaLoggingListener [ConditionEvaluationDeltaLoggingListener.java:66] Condition evaluation unchanged
2026-02-16 19:06:55,694 INFO [File Watcher] o.s.b.d.a.LocalDevToolsAutoConfiguration$RestartingClassPathChangeChangedEventListener [LocalDevToolsAutoConfiguration.java:214] Restarting due to 1 class path change (0 additions, 0 deletions, 1 modification)
2026-02-16 19:06:55,706 INFO [Thread-5] o.s.b.t.GracefulShutdown [GracefulShutdown.java:54] Commencing graceful shutdown. Waiting for active requests to complete
2026-02-16 19:06:55,708 INFO [tomcat-shutdown] o.a.c.h.Http11NioProtocol [DirectJDKLog.java:168] Pausing ProtocolHandler ["http-nio-8080"]
2026-02-16 19:06:55,712 INFO [tomcat-shutdown] o.s.b.t.GracefulShutdown [GracefulShutdown.java:76] Graceful shutdown complete
2026-02-16 19:06:55,712 INFO [Thread-5] o.a.c.h.Http11NioProtocol [DirectJDKLog.java:168] Stopping ProtocolHandler ["http-nio-8080"]
2026-02-16 19:06:55,779 INFO [restartedMain] c.n.c.CommunityApplication [StartupInfoLogger.java:54] Starting CommunityApplication using Java 22.0.2 with PID 59609 (/Users/shawncai/work/workspace/community/target/classes started by shawncai in /Users/shawncai/work/workspace/community)
2026-02-16 19:06:55,780 INFO [restartedMain] c.n.c.CommunityApplication [SpringApplication.java:652] No active profile set, falling back to 1 default profile: "default"
2026-02-16 19:06:55,847 INFO [restartedMain] o.s.b.t.TomcatWebServer [TomcatWebServer.java:114] Tomcat initialized with port 8080 (http)
2026-02-16 19:06:55,848 INFO [restartedMain] o.a.c.h.Http11NioProtocol [DirectJDKLog.java:168] Initializing ProtocolHandler ["http-nio-8080"]
2026-02-16 19:06:55,848 INFO [restartedMain] o.a.c.c.StandardService [DirectJDKLog.java:168] Starting service [Tomcat]
2026-02-16 19:06:55,848 INFO [restartedMain] o.a.c.c.StandardEngine [DirectJDKLog.java:168] Starting Servlet engine: [Apache Tomcat/11.0.15]
2026-02-16 19:06:55,851 INFO [restartedMain] o.s.b.w.c.s.WebApplicationContextInitializer [WebApplicationContextInitializer.java:77] Root WebApplicationContext: initialization completed in 71 ms
2026-02-16 19:06:55,885 INFO [restartedMain] o.s.b.w.a.WelcomePageHandlerMapping [WelcomePageHandlerMapping.java:60] Adding welcome page template: index
2026-02-16 19:06:55,911 INFO [restartedMain] o.a.c.h.Http11NioProtocol [DirectJDKLog.java:168] Starting ProtocolHandler ["http-nio-8080"]
2026-02-16 19:06:55,911 INFO [restartedMain] o.s.b.t.TomcatWebServer [TomcatWebServer.java:240] Tomcat started on port 8080 (http) with context path '/community'
2026-02-16 19:06:55,912 INFO [restartedMain] c.n.c.CommunityApplication [StartupInfoLogger.java:60] Started CommunityApplication in 0.145 seconds (process running for 676.089)
2026-02-16 19:06:55,913 INFO [restartedMain] o.s.b.d.a.ConditionEvaluationDeltaLoggingListener [ConditionEvaluationDeltaLoggingListener.java:66] Condition evaluation unchanged
2026-02-16 19:07:46,344 INFO [File Watcher] o.s.b.d.a.LocalDevToolsAutoConfiguration$RestartingClassPathChangeChangedEventListener [LocalDevToolsAutoConfiguration.java:214] Restarting due to 1 class path change (0 additions, 0 deletions, 1 modification)
2026-02-16 19:07:46,348 INFO [Thread-9] o.s.b.t.GracefulShutdown [GracefulShutdown.java:54] Commencing graceful shutdown. Waiting for active requests to complete
2026-02-16 19:07:46,349 INFO [tomcat-shutdown] o.a.c.h.Http11NioProtocol [DirectJDKLog.java:168] Pausing ProtocolHandler ["http-nio-8080"]
2026-02-16 19:07:46,353 INFO [tomcat-shutdown] o.s.b.t.GracefulShutdown [GracefulShutdown.java:76] Graceful shutdown complete
2026-02-16 19:07:46,354 INFO [Thread-9] o.a.c.h.Http11NioProtocol [DirectJDKLog.java:168] Stopping ProtocolHandler ["http-nio-8080"]
2026-02-16 19:07:46,412 INFO [restartedMain] c.n.c.CommunityApplication [StartupInfoLogger.java:54] Starting CommunityApplication using Java 22.0.2 with PID 59609 (/Users/shawncai/work/workspace/community/target/classes started by shawncai in /Users/shawncai/work/workspace/community)
2026-02-16 19:07:46,413 INFO [restartedMain] c.n.c.CommunityApplication [SpringApplication.java:652] No active profile set, falling back to 1 default profile: "default"
2026-02-16 19:07:46,480 INFO [restartedMain] o.s.b.t.TomcatWebServer [TomcatWebServer.java:114] Tomcat initialized with port 8080 (http)
2026-02-16 19:07:46,480 INFO [restartedMain] o.a.c.h.Http11NioProtocol [DirectJDKLog.java:168] Initializing ProtocolHandler ["http-nio-8080"]
2026-02-16 19:07:46,480 INFO [restartedMain] o.a.c.c.StandardService [DirectJDKLog.java:168] Starting service [Tomcat]
2026-02-16 19:07:46,480 INFO [restartedMain] o.a.c.c.StandardEngine [DirectJDKLog.java:168] Starting Servlet engine: [Apache Tomcat/11.0.15]
2026-02-16 19:07:46,483 INFO [restartedMain] o.s.b.w.c.s.WebApplicationContextInitializer [WebApplicationContextInitializer.java:77] Root WebApplicationContext: initialization completed in 69 ms
2026-02-16 19:07:46,516 INFO [restartedMain] o.s.b.w.a.WelcomePageHandlerMapping [WelcomePageHandlerMapping.java:60] Adding welcome page template: index
2026-02-16 19:07:46,543 INFO [restartedMain] o.a.c.h.Http11NioProtocol [DirectJDKLog.java:168] Starting ProtocolHandler ["http-nio-8080"]
2026-02-16 19:07:46,544 INFO [restartedMain] o.s.b.t.TomcatWebServer [TomcatWebServer.java:240] Tomcat started on port 8080 (http) with context path '/community'
2026-02-16 19:07:46,545 INFO [restartedMain] c.n.c.CommunityApplication [StartupInfoLogger.java:60] Started CommunityApplication in 0.147 seconds (process running for 726.72)
2026-02-16 19:07:46,545 INFO [restartedMain] o.s.b.d.a.ConditionEvaluationDeltaLoggingListener [ConditionEvaluationDeltaLoggingListener.java:66] Condition evaluation unchanged
2026-02-16 19:08:21,404 INFO [File Watcher] o.s.b.d.a.LocalDevToolsAutoConfiguration$RestartingClassPathChangeChangedEventListener [LocalDevToolsAutoConfiguration.java:214] Restarting due to 1 class path change (0 additions, 0 deletions, 1 modification)
2026-02-16 19:08:21,413 INFO [Thread-13] o.s.b.t.GracefulShutdown [GracefulShutdown.java:54] Commencing graceful shutdown. Waiting for active requests to complete
2026-02-16 19:08:21,414 INFO [tomcat-shutdown] o.a.c.h.Http11NioProtocol [DirectJDKLog.java:168] Pausing ProtocolHandler ["http-nio-8080"]
2026-02-16 19:08:21,419 INFO [tomcat-shutdown] o.s.b.t.GracefulShutdown [GracefulShutdown.java:76] Graceful shutdown complete
2026-02-16 19:08:21,419 INFO [Thread-13] o.a.c.h.Http11NioProtocol [DirectJDKLog.java:168] Stopping ProtocolHandler ["http-nio-8080"]
2026-02-16 19:08:21,480 INFO [restartedMain] c.n.c.CommunityApplication [StartupInfoLogger.java:54] Starting CommunityApplication using Java 22.0.2 with PID 59609 (/Users/shawncai/work/workspace/community/target/classes started by shawncai in /Users/shawncai/work/workspace/community)
2026-02-16 19:08:21,480 INFO [restartedMain] c.n.c.CommunityApplication [SpringApplication.java:652] No active profile set, falling back to 1 default profile: "default"
2026-02-16 19:08:21,543 INFO [restartedMain] o.s.b.t.TomcatWebServer [TomcatWebServer.java:114] Tomcat initialized with port 8080 (http)
2026-02-16 19:08:21,544 INFO [restartedMain] o.a.c.h.Http11NioProtocol [DirectJDKLog.java:168] Initializing ProtocolHandler ["http-nio-8080"]
2026-02-16 19:08:21,544 INFO [restartedMain] o.a.c.c.StandardService [DirectJDKLog.java:168] Starting service [Tomcat]
2026-02-16 19:08:21,544 INFO [restartedMain] o.a.c.c.StandardEngine [DirectJDKLog.java:168] Starting Servlet engine: [Apache Tomcat/11.0.15]
2026-02-16 19:08:21,547 INFO [restartedMain] o.s.b.w.c.s.WebApplicationContextInitializer [WebApplicationContextInitializer.java:77] Root WebApplicationContext: initialization completed in 66 ms
2026-02-16 19:08:21,578 INFO [restartedMain] o.s.b.w.a.WelcomePageHandlerMapping [WelcomePageHandlerMapping.java:60] Adding welcome page template: index
2026-02-16 19:08:21,604 INFO [restartedMain] o.a.c.h.Http11NioProtocol [DirectJDKLog.java:168] Starting ProtocolHandler ["http-nio-8080"]
2026-02-16 19:08:21,605 INFO [restartedMain] o.s.b.t.TomcatWebServer [TomcatWebServer.java:240] Tomcat started on port 8080 (http) with context path '/community'
2026-02-16 19:08:21,605 INFO [restartedMain] c.n.c.CommunityApplication [StartupInfoLogger.java:60] Started CommunityApplication in 0.136 seconds (process running for 761.781)
2026-02-16 19:08:21,606 INFO [restartedMain] o.s.b.d.a.ConditionEvaluationDeltaLoggingListener [ConditionEvaluationDeltaLoggingListener.java:66] Condition evaluation unchanged
2026-02-16 19:08:24,185 INFO [SpringApplicationShutdownHook] o.s.b.t.GracefulShutdown [GracefulShutdown.java:54] Commencing graceful shutdown. Waiting for active requests to complete
2026-02-16 19:08:24,187 INFO [tomcat-shutdown] o.s.b.t.GracefulShutdown [GracefulShutdown.java:76] Graceful shutdown complete
2026-02-16 19:08:25,331 INFO [restartedMain] c.n.c.CommunityApplication [StartupInfoLogger.java:54] Starting CommunityApplication using Java 22.0.2 with PID 59961 (/Users/shawncai/work/workspace/community/target/classes started by shawncai in /Users/shawncai/work/workspace/community)
2026-02-16 19:08:25,331 INFO [restartedMain] c.n.c.CommunityApplication [SpringApplication.java:652] No active profile set, falling back to 1 default profile: "default"
2026-02-16 19:08:25,347 INFO [restartedMain] o.s.b.d.e.DevToolsPropertyDefaultsPostProcessor [LogLevel.java:69] Devtools property defaults active! Set 'spring.devtools.add-properties' to 'false' to disable
2026-02-16 19:08:25,347 INFO [restartedMain] o.s.b.d.e.DevToolsPropertyDefaultsPostProcessor [LogLevel.java:69] For additional web related logging consider setting the 'logging.level.web' property to 'DEBUG'
2026-02-16 19:08:25,698 INFO [restartedMain] o.s.b.t.TomcatWebServer [TomcatWebServer.java:114] Tomcat initialized with port 8080 (http)
2026-02-16 19:08:25,702 INFO [restartedMain] o.a.c.h.Http11NioProtocol [DirectJDKLog.java:168] Initializing ProtocolHandler ["http-nio-8080"]
2026-02-16 19:08:25,703 INFO [restartedMain] o.a.c.c.StandardService [DirectJDKLog.java:168] Starting service [Tomcat]
2026-02-16 19:08:25,703 INFO [restartedMain] o.a.c.c.StandardEngine [DirectJDKLog.java:168] Starting Servlet engine: [Apache Tomcat/11.0.15]
2026-02-16 19:08:25,715 INFO [restartedMain] o.s.b.w.c.s.WebApplicationContextInitializer [WebApplicationContextInitializer.java:77] Root WebApplicationContext: initialization completed in 368 ms
2026-02-16 19:08:25,864 INFO [restartedMain] o.s.b.w.a.WelcomePageHandlerMapping [WelcomePageHandlerMapping.java:60] Adding welcome page template: index
2026-02-16 19:08:25,977 INFO [restartedMain] o.a.c.h.Http11NioProtocol [DirectJDKLog.java:168] Starting ProtocolHandler ["http-nio-8080"]
2026-02-16 19:08:25,984 INFO [restartedMain] o.s.b.t.TomcatWebServer [TomcatWebServer.java:240] Tomcat started on port 8080 (http) with context path '/community'
2026-02-16 19:08:25,986 INFO [restartedMain] c.n.c.CommunityApplication [StartupInfoLogger.java:60] Started CommunityApplication in 0.907 seconds (process running for 1.175)
2026-02-16 19:08:34,157 INFO [http-nio-8080-exec-1] o.a.c.c.C.[.[.[/community] [DirectJDKLog.java:168] Initializing Spring DispatcherServlet 'dispatcherServlet'
2026-02-16 19:08:34,157 INFO [http-nio-8080-exec-1] o.s.w.s.DispatcherServlet [FrameworkServlet.java:523] Initializing Servlet 'dispatcherServlet'
2026-02-16 19:08:34,159 INFO [http-nio-8080-exec-1] o.s.w.s.DispatcherServlet [FrameworkServlet.java:545] Completed initialization in 1 ms
2026-02-16 19:09:02,538 INFO [http-nio-8080-exec-9] c.z.h.HikariDataSource [HikariDataSource.java:109] HikariPool-1 - Starting...
2026-02-16 19:09:02,617 INFO [http-nio-8080-exec-9] c.z.h.p.HikariPool [HikariPool.java:580] HikariPool-1 - Added connection com.mysql.cj.jdbc.ConnectionImpl@713ef738
2026-02-16 19:09:02,618 INFO [http-nio-8080-exec-9] c.z.h.HikariDataSource [HikariDataSource.java:122] HikariPool-1 - Start completed.
2026-02-16 19:10:54,169 INFO [File Watcher] o.s.b.d.a.LocalDevToolsAutoConfiguration$RestartingClassPathChangeChangedEventListener [LocalDevToolsAutoConfiguration.java:214] Restarting due to 1 class path change (0 additions, 0 deletions, 1 modification)
2026-02-16 19:10:54,180 INFO [Thread-1] o.s.b.t.GracefulShutdown [GracefulShutdown.java:54] Commencing graceful shutdown. Waiting for active requests to complete
2026-02-16 19:10:54,181 INFO [tomcat-shutdown] o.a.c.h.Http11NioProtocol [DirectJDKLog.java:168] Pausing ProtocolHandler ["http-nio-8080"]
2026-02-16 19:10:54,186 INFO [tomcat-shutdown] o.s.b.t.GracefulShutdown [GracefulShutdown.java:76] Graceful shutdown complete
2026-02-16 19:10:54,186 INFO [Thread-1] o.a.c.h.Http11NioProtocol [DirectJDKLog.java:168] Stopping ProtocolHandler ["http-nio-8080"]
2026-02-16 19:10:54,193 INFO [Thread-1] c.z.h.HikariDataSource [HikariDataSource.java:349] HikariPool-1 - Shutdown initiated...
2026-02-16 19:10:54,199 INFO [Thread-1] c.z.h.HikariDataSource [HikariDataSource.java:351] HikariPool-1 - Shutdown completed.
2026-02-16 19:10:54,247 INFO [restartedMain] c.n.c.CommunityApplication [StartupInfoLogger.java:54] Starting CommunityApplication using Java 22.0.2 with PID 59961 (/Users/shawncai/work/workspace/community/target/classes started by shawncai in /Users/shawncai/work/workspace/community)
2026-02-16 19:10:54,247 INFO [restartedMain] c.n.c.CommunityApplication [SpringApplication.java:652] No active profile set, falling back to 1 default profile: "default"
2026-02-16 19:10:54,317 INFO [restartedMain] o.s.b.t.TomcatWebServer [TomcatWebServer.java:114] Tomcat initialized with port 8080 (http)
2026-02-16 19:10:54,317 INFO [restartedMain] o.a.c.h.Http11NioProtocol [DirectJDKLog.java:168] Initializing ProtocolHandler ["http-nio-8080"]
2026-02-16 19:10:54,317 INFO [restartedMain] o.a.c.c.StandardService [DirectJDKLog.java:168] Starting service [Tomcat]
2026-02-16 19:10:54,317 INFO [restartedMain] o.a.c.c.StandardEngine [DirectJDKLog.java:168] Starting Servlet engine: [Apache Tomcat/11.0.15]
2026-02-16 19:10:54,320 INFO [restartedMain] o.s.b.w.c.s.WebApplicationContextInitializer [WebApplicationContextInitializer.java:77] Root WebApplicationContext: initialization completed in 72 ms
2026-02-16 19:10:54,358 INFO [restartedMain] o.s.b.w.a.WelcomePageHandlerMapping [WelcomePageHandlerMapping.java:60] Adding welcome page template: index
2026-02-16 19:10:54,386 INFO [restartedMain] o.a.c.h.Http11NioProtocol [DirectJDKLog.java:168] Starting ProtocolHandler ["http-nio-8080"]
2026-02-16 19:10:54,387 INFO [restartedMain] o.s.b.t.TomcatWebServer [TomcatWebServer.java:240] Tomcat started on port 8080 (http) with context path '/community'
2026-02-16 19:10:54,389 INFO [restartedMain] c.n.c.CommunityApplication [StartupInfoLogger.java:60] Started CommunityApplication in 0.156 seconds (process running for 149.576)
2026-02-16 19:10:54,390 INFO [restartedMain] o.s.b.d.a.ConditionEvaluationDeltaLoggingListener [ConditionEvaluationDeltaLoggingListener.java:66] Condition evaluation unchanged
2026-02-16 19:11:21,462 INFO [SpringApplicationShutdownHook] o.s.b.t.GracefulShutdown [GracefulShutdown.java:54] Commencing graceful shutdown. Waiting for active requests to complete
2026-02-16 19:11:21,464 INFO [tomcat-shutdown] o.s.b.t.GracefulShutdown [GracefulShutdown.java:76] Graceful shutdown complete
2026-02-16 19:11:22,756 INFO [restartedMain] c.n.c.CommunityApplication [StartupInfoLogger.java:54] Starting CommunityApplication using Java 22.0.2 with PID 60021 (/Users/shawncai/work/workspace/community/target/classes started by shawncai in /Users/shawncai/work/workspace/community)
2026-02-16 19:11:22,757 INFO [restartedMain] c.n.c.CommunityApplication [SpringApplication.java:652] No active profile set, falling back to 1 default profile: "default"
2026-02-16 19:11:22,771 INFO [restartedMain] o.s.b.d.e.DevToolsPropertyDefaultsPostProcessor [LogLevel.java:69] Devtools property defaults active! Set 'spring.devtools.add-properties' to 'false' to disable
2026-02-16 19:11:22,771 INFO [restartedMain] o.s.b.d.e.DevToolsPropertyDefaultsPostProcessor [LogLevel.java:69] For additional web related logging consider setting the 'logging.level.web' property to 'DEBUG'
2026-02-16 19:11:23,110 INFO [restartedMain] o.s.b.t.TomcatWebServer [TomcatWebServer.java:114] Tomcat initialized with port 8080 (http)
2026-02-16 19:11:23,114 INFO [restartedMain] o.a.c.h.Http11NioProtocol [DirectJDKLog.java:168] Initializing ProtocolHandler ["http-nio-8080"]
2026-02-16 19:11:23,115 INFO [restartedMain] o.a.c.c.StandardService [DirectJDKLog.java:168] Starting service [Tomcat]
2026-02-16 19:11:23,115 INFO [restartedMain] o.a.c.c.StandardEngine [DirectJDKLog.java:168] Starting Servlet engine: [Apache Tomcat/11.0.15]
2026-02-16 19:11:23,127 INFO [restartedMain] o.s.b.w.c.s.WebApplicationContextInitializer [WebApplicationContextInitializer.java:77] Root WebApplicationContext: initialization completed in 356 ms
2026-02-16 19:11:23,276 INFO [restartedMain] o.s.b.w.a.WelcomePageHandlerMapping [WelcomePageHandlerMapping.java:60] Adding welcome page template: index
2026-02-16 19:11:23,392 INFO [restartedMain] o.a.c.h.Http11NioProtocol [DirectJDKLog.java:168] Starting ProtocolHandler ["http-nio-8080"]
2026-02-16 19:11:23,399 INFO [restartedMain] o.s.b.t.TomcatWebServer [TomcatWebServer.java:240] Tomcat started on port 8080 (http) with context path '/community'
2026-02-16 19:11:23,401 INFO [restartedMain] c.n.c.CommunityApplication [StartupInfoLogger.java:60] Started CommunityApplication in 0.933 seconds (process running for 1.244)
2026-02-16 19:11:25,508 INFO [http-nio-8080-exec-1] o.a.c.c.C.[.[.[/community] [DirectJDKLog.java:168] Initializing Spring DispatcherServlet 'dispatcherServlet'
2026-02-16 19:11:25,508 INFO [http-nio-8080-exec-1] o.s.w.s.DispatcherServlet [FrameworkServlet.java:523] Initializing Servlet 'dispatcherServlet'
2026-02-16 19:11:25,510 INFO [http-nio-8080-exec-1] o.s.w.s.DispatcherServlet [FrameworkServlet.java:545] Completed initialization in 2 ms
2026-02-16 19:11:25,544 INFO [http-nio-8080-exec-1] c.z.h.HikariDataSource [HikariDataSource.java:109] HikariPool-1 - Starting...
2026-02-16 19:11:25,614 INFO [http-nio-8080-exec-1] c.z.h.p.HikariPool [HikariPool.java:580] HikariPool-1 - Added connection com.mysql.cj.jdbc.ConnectionImpl@21e553e1
2026-02-16 19:11:25,615 INFO [http-nio-8080-exec-1] c.z.h.HikariDataSource [HikariDataSource.java:122] HikariPool-1 - Start completed.
2026-02-16 19:16:38,019 INFO [File Watcher] o.s.b.d.a.LocalDevToolsAutoConfiguration$RestartingClassPathChangeChangedEventListener [LocalDevToolsAutoConfiguration.java:214] Restarting due to 1 class path change (0 additions, 0 deletions, 1 modification)
2026-02-16 19:16:38,026 INFO [Thread-1] o.s.b.t.GracefulShutdown [GracefulShutdown.java:54] Commencing graceful shutdown. Waiting for active requests to complete
2026-02-16 19:16:38,027 INFO [tomcat-shutdown] o.a.c.h.Http11NioProtocol [DirectJDKLog.java:168] Pausing ProtocolHandler ["http-nio-8080"]
2026-02-16 19:16:38,030 INFO [tomcat-shutdown] o.s.b.t.GracefulShutdown [GracefulShutdown.java:76] Graceful shutdown complete
2026-02-16 19:16:38,031 INFO [Thread-1] o.a.c.h.Http11NioProtocol [DirectJDKLog.java:168] Stopping ProtocolHandler ["http-nio-8080"]
2026-02-16 19:16:38,035 INFO [Thread-1] c.z.h.HikariDataSource [HikariDataSource.java:349] HikariPool-1 - Shutdown initiated...
2026-02-16 19:16:38,039 INFO [Thread-1] c.z.h.HikariDataSource [HikariDataSource.java:351] HikariPool-1 - Shutdown completed.
2026-02-16 19:16:38,088 INFO [restartedMain] c.n.c.CommunityApplication [StartupInfoLogger.java:54] Starting CommunityApplication using Java 22.0.2 with PID 60021 (/Users/shawncai/work/workspace/community/target/classes started by shawncai in /Users/shawncai/work/workspace/community)
2026-02-16 19:16:38,088 INFO [restartedMain] c.n.c.CommunityApplication [SpringApplication.java:652] No active profile set, falling back to 1 default profile: "default"
2026-02-16 19:16:38,169 INFO [restartedMain] o.s.b.t.TomcatWebServer [TomcatWebServer.java:114] Tomcat initialized with port 8080 (http)
2026-02-16 19:16:38,169 INFO [restartedMain] o.a.c.h.Http11NioProtocol [DirectJDKLog.java:168] Initializing ProtocolHandler ["http-nio-8080"]
2026-02-16 19:16:38,170 INFO [restartedMain] o.a.c.c.StandardService [DirectJDKLog.java:168] Starting service [Tomcat]
2026-02-16 19:16:38,170 INFO [restartedMain] o.a.c.c.StandardEngine [DirectJDKLog.java:168] Starting Servlet engine: [Apache Tomcat/11.0.15]
2026-02-16 19:16:38,173 INFO [restartedMain] o.s.b.w.c.s.WebApplicationContextInitializer [WebApplicationContextInitializer.java:77] Root WebApplicationContext: initialization completed in 84 ms
2026-02-16 19:16:38,213 INFO [restartedMain] o.s.b.w.a.WelcomePageHandlerMapping [WelcomePageHandlerMapping.java:60] Adding welcome page template: index
2026-02-16 19:16:38,249 INFO [restartedMain] o.a.c.h.Http11NioProtocol [DirectJDKLog.java:168] Starting ProtocolHandler ["http-nio-8080"]
2026-02-16 19:16:38,250 INFO [restartedMain] o.s.b.t.TomcatWebServer [TomcatWebServer.java:240] Tomcat started on port 8080 (http) with context path '/community'
2026-02-16 19:16:38,252 INFO [restartedMain] c.n.c.CommunityApplication [StartupInfoLogger.java:60] Started CommunityApplication in 0.181 seconds (process running for 316.091)
2026-02-16 19:16:38,252 INFO [restartedMain] o.s.b.d.a.ConditionEvaluationDeltaLoggingListener [ConditionEvaluationDeltaLoggingListener.java:66] Condition evaluation unchanged
2026-02-16 19:16:58,729 INFO [SpringApplicationShutdownHook] o.s.b.t.GracefulShutdown [GracefulShutdown.java:54] Commencing graceful shutdown. Waiting for active requests to complete
2026-02-16 19:16:58,731 INFO [tomcat-shutdown] o.s.b.t.GracefulShutdown [GracefulShutdown.java:76] Graceful shutdown complete
2026-02-16 19:17:00,222 INFO [restartedMain] c.n.c.CommunityApplication [StartupInfoLogger.java:54] Starting CommunityApplication using Java 22.0.2 with PID 60173 (/Users/shawncai/work/workspace/community/target/classes started by shawncai in /Users/shawncai/work/workspace/community)
2026-02-16 19:17:00,223 INFO [restartedMain] c.n.c.CommunityApplication [SpringApplication.java:652] No active profile set, falling back to 1 default profile: "default"
2026-02-16 19:17:00,237 INFO [restartedMain] o.s.b.d.e.DevToolsPropertyDefaultsPostProcessor [LogLevel.java:69] Devtools property defaults active! Set 'spring.devtools.add-properties' to 'false' to disable
2026-02-16 19:17:00,237 INFO [restartedMain] o.s.b.d.e.DevToolsPropertyDefaultsPostProcessor [LogLevel.java:69] For additional web related logging consider setting the 'logging.level.web' property to 'DEBUG'
2026-02-16 19:17:00,572 INFO [restartedMain] o.s.b.t.TomcatWebServer [TomcatWebServer.java:114] Tomcat initialized with port 8080 (http)
2026-02-16 19:17:00,576 INFO [restartedMain] o.a.c.h.Http11NioProtocol [DirectJDKLog.java:168] Initializing ProtocolHandler ["http-nio-8080"]
2026-02-16 19:17:00,577 INFO [restartedMain] o.a.c.c.StandardService [DirectJDKLog.java:168] Starting service [Tomcat]
2026-02-16 19:17:00,577 INFO [restartedMain] o.a.c.c.StandardEngine [DirectJDKLog.java:168] Starting Servlet engine: [Apache Tomcat/11.0.15]
2026-02-16 19:17:00,589 INFO [restartedMain] o.s.b.w.c.s.WebApplicationContextInitializer [WebApplicationContextInitializer.java:77] Root WebApplicationContext: initialization completed in 351 ms
2026-02-16 19:17:00,721 INFO [restartedMain] o.s.b.w.a.WelcomePageHandlerMapping [WelcomePageHandlerMapping.java:60] Adding welcome page template: index
2026-02-16 19:17:00,820 INFO [restartedMain] o.a.c.h.Http11NioProtocol [DirectJDKLog.java:168] Starting ProtocolHandler ["http-nio-8080"]
2026-02-16 19:17:00,828 INFO [restartedMain] o.s.b.t.TomcatWebServer [TomcatWebServer.java:240] Tomcat started on port 8080 (http) with context path '/community'
2026-02-16 19:17:00,831 INFO [restartedMain] c.n.c.CommunityApplication [StartupInfoLogger.java:60] Started CommunityApplication in 0.791 seconds (process running for 1.057)
2026-02-16 19:17:04,704 INFO [http-nio-8080-exec-1] o.a.c.c.C.[.[.[/community] [DirectJDKLog.java:168] Initializing Spring DispatcherServlet 'dispatcherServlet'
2026-02-16 19:17:04,704 INFO [http-nio-8080-exec-1] o.s.w.s.DispatcherServlet [FrameworkServlet.java:523] Initializing Servlet 'dispatcherServlet'
2026-02-16 19:17:04,705 INFO [http-nio-8080-exec-1] o.s.w.s.DispatcherServlet [FrameworkServlet.java:545] Completed initialization in 1 ms
2026-02-16 19:17:20,816 INFO [http-nio-8080-exec-7] c.z.h.HikariDataSource [HikariDataSource.java:109] HikariPool-1 - Starting...
2026-02-16 19:17:20,892 INFO [http-nio-8080-exec-7] c.z.h.p.HikariPool [HikariPool.java:580] HikariPool-1 - Added connection com.mysql.cj.jdbc.ConnectionImpl@3636374e
2026-02-16 19:17:20,893 INFO [http-nio-8080-exec-7] c.z.h.HikariDataSource [HikariDataSource.java:122] HikariPool-1 - Start completed.
2026-02-16 19:20:40,189 INFO [SpringApplicationShutdownHook] o.s.b.t.GracefulShutdown [GracefulShutdown.java:54] Commencing graceful shutdown. Waiting for active requests to complete
2026-02-16 19:20:41,201 INFO [tomcat-shutdown] o.s.b.t.GracefulShutdown [GracefulShutdown.java:76] Graceful shutdown complete
2026-02-16 19:20:41,217 INFO [SpringApplicationShutdownHook] c.z.h.HikariDataSource [HikariDataSource.java:349] HikariPool-1 - Shutdown initiated...
2026-02-16 19:20:41,235 INFO [SpringApplicationShutdownHook] c.z.h.HikariDataSource [HikariDataSource.java:351] HikariPool-1 - Shutdown completed.
2026-02-16 19:26:55,344 INFO [restartedMain] c.n.c.CommunityApplication [StartupInfoLogger.java:54] Starting CommunityApplication using Java 22.0.2 with PID 60344 (/Users/shawncai/work/workspace/community/target/classes started by shawncai in /Users/shawncai/work/workspace/community)
2026-02-16 19:26:55,346 INFO [restartedMain] c.n.c.CommunityApplication [SpringApplication.java:652] No active profile set, falling back to 1 default profile: "default"
2026-02-16 19:26:55,361 INFO [restartedMain] o.s.b.d.e.DevToolsPropertyDefaultsPostProcessor [LogLevel.java:69] Devtools property defaults active! Set 'spring.devtools.add-properties' to 'false' to disable
2026-02-16 19:26:55,361 INFO [restartedMain] o.s.b.d.e.DevToolsPropertyDefaultsPostProcessor [LogLevel.java:69] For additional web related logging consider setting the 'logging.level.web' property to 'DEBUG'
2026-02-16 19:26:55,707 INFO [restartedMain] o.s.b.t.TomcatWebServer [TomcatWebServer.java:114] Tomcat initialized with port 8080 (http)
2026-02-16 19:26:55,711 INFO [restartedMain] o.a.c.h.Http11NioProtocol [DirectJDKLog.java:168] Initializing ProtocolHandler ["http-nio-8080"]
2026-02-16 19:26:55,712 INFO [restartedMain] o.a.c.c.StandardService [DirectJDKLog.java:168] Starting service [Tomcat]
2026-02-16 19:26:55,712 INFO [restartedMain] o.a.c.c.StandardEngine [DirectJDKLog.java:168] Starting Servlet engine: [Apache Tomcat/11.0.15]
2026-02-16 19:26:55,723 INFO [restartedMain] o.s.b.w.c.s.WebApplicationContextInitializer [WebApplicationContextInitializer.java:77] Root WebApplicationContext: initialization completed in 362 ms
2026-02-16 19:26:55,864 INFO [restartedMain] o.s.b.w.a.WelcomePageHandlerMapping [WelcomePageHandlerMapping.java:60] Adding welcome page template: index
2026-02-16 19:26:55,979 INFO [restartedMain] o.a.c.h.Http11NioProtocol [DirectJDKLog.java:168] Starting ProtocolHandler ["http-nio-8080"]
2026-02-16 19:26:55,986 INFO [restartedMain] o.s.b.t.TomcatWebServer [TomcatWebServer.java:240] Tomcat started on port 8080 (http) with context path '/community'
2026-02-16 19:26:55,989 INFO [restartedMain] c.n.c.CommunityApplication [StartupInfoLogger.java:60] Started CommunityApplication in 0.824 seconds (process running for 1.18)
2026-02-16 19:27:02,647 INFO [http-nio-8080-exec-1] o.a.c.c.C.[.[.[/community] [DirectJDKLog.java:168] Initializing Spring DispatcherServlet 'dispatcherServlet'
2026-02-16 19:27:02,647 INFO [http-nio-8080-exec-1] o.s.w.s.DispatcherServlet [FrameworkServlet.java:523] Initializing Servlet 'dispatcherServlet'
2026-02-16 19:27:02,649 INFO [http-nio-8080-exec-1] o.s.w.s.DispatcherServlet [FrameworkServlet.java:545] Completed initialization in 2 ms
2026-02-16 19:27:02,683 INFO [http-nio-8080-exec-1] c.z.h.HikariDataSource [HikariDataSource.java:109] HikariPool-1 - Starting...
2026-02-16 19:27:02,743 INFO [http-nio-8080-exec-1] c.z.h.p.HikariPool [HikariPool.java:580] HikariPool-1 - Added connection com.mysql.cj.jdbc.ConnectionImpl@141cd7cf
2026-02-16 19:27:02,744 INFO [http-nio-8080-exec-1] c.z.h.HikariDataSource [HikariDataSource.java:122] HikariPool-1 - Start completed.
2026-02-16 19:51:44,557 INFO [SpringApplicationShutdownHook] o.s.b.t.GracefulShutdown [GracefulShutdown.java:54] Commencing graceful shutdown. Waiting for active requests to complete
2026-02-16 19:51:44,561 INFO [tomcat-shutdown] o.s.b.t.GracefulShutdown [GracefulShutdown.java:76] Graceful shutdown complete
2026-02-16 19:51:44,566 INFO [SpringApplicationShutdownHook] c.z.h.HikariDataSource [HikariDataSource.java:349] HikariPool-1 - Shutdown initiated...
2026-02-16 19:51:44,567 INFO [SpringApplicationShutdownHook] c.z.h.HikariDataSource [HikariDataSource.java:351] HikariPool-1 - Shutdown completed.
2026-02-16 19:51:46,552 INFO [restartedMain] c.n.c.CommunityApplication [StartupInfoLogger.java:54] Starting CommunityApplication using Java 22.0.2 with PID 60884 (/Users/shawncai/work/workspace/community/target/classes started by shawncai in /Users/shawncai/work/workspace/community)
2026-02-16 19:51:46,553 INFO [restartedMain] c.n.c.CommunityApplication [SpringApplication.java:652] No active profile set, falling back to 1 default profile: "default"
2026-02-16 19:51:46,568 INFO [restartedMain] o.s.b.d.e.DevToolsPropertyDefaultsPostProcessor [LogLevel.java:69] Devtools property defaults active! Set 'spring.devtools.add-properties' to 'false' to disable
2026-02-16 19:51:46,569 INFO [restartedMain] o.s.b.d.e.DevToolsPropertyDefaultsPostProcessor [LogLevel.java:69] For additional web related logging consider setting the 'logging.level.web' property to 'DEBUG'
2026-02-16 19:51:46,928 INFO [restartedMain] o.s.b.t.TomcatWebServer [TomcatWebServer.java:114] Tomcat initialized with port 8080 (http)
2026-02-16 19:51:46,932 INFO [restartedMain] o.a.c.h.Http11NioProtocol [DirectJDKLog.java:168] Initializing ProtocolHandler ["http-nio-8080"]
2026-02-16 19:51:46,932 INFO [restartedMain] o.a.c.c.StandardService [DirectJDKLog.java:168] Starting service [Tomcat]
2026-02-16 19:51:46,932 INFO [restartedMain] o.a.c.c.StandardEngine [DirectJDKLog.java:168] Starting Servlet engine: [Apache Tomcat/11.0.15]
2026-02-16 19:51:46,944 INFO [restartedMain] o.s.b.w.c.s.WebApplicationContextInitializer [WebApplicationContextInitializer.java:77] Root WebApplicationContext: initialization completed in 375 ms
2026-02-16 19:51:47,101 INFO [restartedMain] o.s.b.w.a.WelcomePageHandlerMapping [WelcomePageHandlerMapping.java:60] Adding welcome page template: index
2026-02-16 19:51:47,224 INFO [restartedMain] o.a.c.h.Http11NioProtocol [DirectJDKLog.java:168] Starting ProtocolHandler ["http-nio-8080"]
2026-02-16 19:51:47,231 INFO [restartedMain] o.s.b.t.TomcatWebServer [TomcatWebServer.java:240] Tomcat started on port 8080 (http) with context path '/community'
2026-02-16 19:51:47,233 INFO [restartedMain] c.n.c.CommunityApplication [StartupInfoLogger.java:60] Started CommunityApplication in 0.885 seconds (process running for 1.259)
2026-02-16 19:51:52,635 INFO [http-nio-8080-exec-1] o.a.c.c.C.[.[.[/community] [DirectJDKLog.java:168] Initializing Spring DispatcherServlet 'dispatcherServlet'
2026-02-16 19:51:52,635 INFO [http-nio-8080-exec-1] o.s.w.s.DispatcherServlet [FrameworkServlet.java:523] Initializing Servlet 'dispatcherServlet'
2026-02-16 19:51:52,637 INFO [http-nio-8080-exec-1] o.s.w.s.DispatcherServlet [FrameworkServlet.java:545] Completed initialization in 2 ms
2026-02-16 19:51:56,975 INFO [http-nio-8080-exec-7] c.z.h.HikariDataSource [HikariDataSource.java:109] HikariPool-1 - Starting...
2026-02-16 19:51:57,069 INFO [http-nio-8080-exec-7] c.z.h.p.HikariPool [HikariPool.java:580] HikariPool-1 - Added connection com.mysql.cj.jdbc.ConnectionImpl@6d072627
2026-02-16 19:51:57,070 INFO [http-nio-8080-exec-7] c.z.h.HikariDataSource [HikariDataSource.java:122] HikariPool-1 - Start completed.
2026-02-16 19:53:12,053 INFO [SpringApplicationShutdownHook] o.s.b.t.GracefulShutdown [GracefulShutdown.java:54] Commencing graceful shutdown. Waiting for active requests to complete
2026-02-16 19:53:12,058 INFO [tomcat-shutdown] o.s.b.t.GracefulShutdown [GracefulShutdown.java:76] Graceful shutdown complete
2026-02-16 19:53:12,071 INFO [SpringApplicationShutdownHook] c.z.h.HikariDataSource [HikariDataSource.java:349] HikariPool-1 - Shutdown initiated...
2026-02-16 19:53:12,078 INFO [SpringApplicationShutdownHook] c.z.h.HikariDataSource [HikariDataSource.java:351] HikariPool-1 - Shutdown completed.
2026-02-16 19:53:13,625 INFO [restartedMain] c.n.c.CommunityApplication [StartupInfoLogger.java:54] Starting CommunityApplication using Java 22.0.2 with PID 60945 (/Users/shawncai/work/workspace/community/target/classes started by shawncai in /Users/shawncai/work/workspace/community)
2026-02-16 19:53:13,626 INFO [restartedMain] c.n.c.CommunityApplication [SpringApplication.java:652] No active profile set, falling back to 1 default profile: "default"
2026-02-16 19:53:13,639 INFO [restartedMain] o.s.b.d.e.DevToolsPropertyDefaultsPostProcessor [LogLevel.java:69] Devtools property defaults active! Set 'spring.devtools.add-properties' to 'false' to disable
2026-02-16 19:53:13,640 INFO [restartedMain] o.s.b.d.e.DevToolsPropertyDefaultsPostProcessor [LogLevel.java:69] For additional web related logging consider setting the 'logging.level.web' property to 'DEBUG'
2026-02-16 19:53:13,993 INFO [restartedMain] o.s.b.t.TomcatWebServer [TomcatWebServer.java:114] Tomcat initialized with port 8080 (http)
2026-02-16 19:53:13,998 INFO [restartedMain] o.a.c.h.Http11NioProtocol [DirectJDKLog.java:168] Initializing ProtocolHandler ["http-nio-8080"]
2026-02-16 19:53:13,998 INFO [restartedMain] o.a.c.c.StandardService [DirectJDKLog.java:168] Starting service [Tomcat]
2026-02-16 19:53:13,998 INFO [restartedMain] o.a.c.c.StandardEngine [DirectJDKLog.java:168] Starting Servlet engine: [Apache Tomcat/11.0.15]
2026-02-16 19:53:14,010 INFO [restartedMain] o.s.b.w.c.s.WebApplicationContextInitializer [WebApplicationContextInitializer.java:77] Root WebApplicationContext: initialization completed in 370 ms
2026-02-16 19:53:14,144 INFO [restartedMain] o.s.b.w.a.WelcomePageHandlerMapping [WelcomePageHandlerMapping.java:60] Adding welcome page template: index
2026-02-16 19:53:14,254 INFO [restartedMain] o.a.c.h.Http11NioProtocol [DirectJDKLog.java:168] Starting ProtocolHandler ["http-nio-8080"]
2026-02-16 19:53:14,261 INFO [restartedMain] o.s.b.t.TomcatWebServer [TomcatWebServer.java:240] Tomcat started on port 8080 (http) with context path '/community'
2026-02-16 19:53:14,265 INFO [restartedMain] c.n.c.CommunityApplication [StartupInfoLogger.java:60] Started CommunityApplication in 0.827 seconds (process running for 1.109)
2026-02-16 19:53:41,867 INFO [http-nio-8080-exec-1] o.a.c.c.C.[.[.[/community] [DirectJDKLog.java:168] Initializing Spring DispatcherServlet 'dispatcherServlet'
2026-02-16 19:53:41,867 INFO [http-nio-8080-exec-1] o.s.w.s.DispatcherServlet [FrameworkServlet.java:523] Initializing Servlet 'dispatcherServlet'
2026-02-16 19:53:41,868 INFO [http-nio-8080-exec-1] o.s.w.s.DispatcherServlet [FrameworkServlet.java:545] Completed initialization in 1 ms
2026-02-16 23:44:59,744 INFO [SpringApplicationShutdownHook] o.s.b.t.GracefulShutdown [GracefulShutdown.java:54] Commencing graceful shutdown. Waiting for active requests to complete
2026-02-16 23:44:59,754 INFO [tomcat-shutdown] o.s.b.t.GracefulShutdown [GracefulShutdown.java:76] Graceful shutdown complete
