2026-02-17 17:22:02,843 INFO [restartedMain] c.n.c.CommunityApplication [StartupInfoLogger.java:54] Starting CommunityApplication using Java 22.0.2 with PID 94493 (/Users/shawncai/work/workspace/community/target/classes started by shawncai in /Users/shawncai/work/workspace/community)
2026-02-17 17:22:02,844 INFO [restartedMain] c.n.c.CommunityApplication [SpringApplication.java:652] No active profile set, falling back to 1 default profile: "default"
2026-02-17 17:22:02,860 INFO [restartedMain] o.s.b.d.e.DevToolsPropertyDefaultsPostProcessor [LogLevel.java:69] Devtools property defaults active! Set 'spring.devtools.add-properties' to 'false' to disable
2026-02-17 17:22:02,860 INFO [restartedMain] o.s.b.d.e.DevToolsPropertyDefaultsPostProcessor [LogLevel.java:69] For additional web related logging consider setting the 'logging.level.web' property to 'DEBUG'
2026-02-17 17:22:03,222 INFO [restartedMain] o.s.b.t.TomcatWebServer [TomcatWebServer.java:114] Tomcat initialized with port 8080 (http)
2026-02-17 17:22:03,226 INFO [restartedMain] o.a.c.h.Http11NioProtocol [DirectJDKLog.java:168] Initializing ProtocolHandler ["http-nio-8080"]
2026-02-17 17:22:03,227 INFO [restartedMain] o.a.c.c.StandardService [DirectJDKLog.java:168] Starting service [Tomcat]
2026-02-17 17:22:03,227 INFO [restartedMain] o.a.c.c.StandardEngine [DirectJDKLog.java:168] Starting Servlet engine: [Apache Tomcat/11.0.15]
2026-02-17 17:22:03,242 INFO [restartedMain] o.s.b.w.c.s.WebApplicationContextInitializer [WebApplicationContextInitializer.java:77] Root WebApplicationContext: initialization completed in 381 ms
2026-02-17 17:22:03,378 INFO [restartedMain] o.a.c.c.StandardService [DirectJDKLog.java:168] Stopping service [Tomcat]
2026-02-17 17:22:03,382 INFO [restartedMain] o.s.b.a.l.ConditionEvaluationReportLogger [ConditionEvaluationReportLogger.java:82] 

Error starting ApplicationContext. To display the condition evaluation report re-run your application with 'debug' enabled.
2026-02-17 17:23:13,222 INFO [restartedMain] c.n.c.CommunityApplication [StartupInfoLogger.java:54] Starting CommunityApplication using Java 22.0.2 with PID 94526 (/Users/shawncai/work/workspace/community/target/classes started by shawncai in /Users/shawncai/work/workspace/community)
2026-02-17 17:23:13,224 INFO [restartedMain] c.n.c.CommunityApplication [SpringApplication.java:652] No active profile set, falling back to 1 default profile: "default"
2026-02-17 17:23:13,238 INFO [restartedMain] o.s.b.d.e.DevToolsPropertyDefaultsPostProcessor [LogLevel.java:69] Devtools property defaults active! Set 'spring.devtools.add-properties' to 'false' to disable
2026-02-17 17:23:13,239 INFO [restartedMain] o.s.b.d.e.DevToolsPropertyDefaultsPostProcessor [LogLevel.java:69] For additional web related logging consider setting the 'logging.level.web' property to 'DEBUG'
2026-02-17 17:23:13,563 INFO [restartedMain] o.s.b.t.TomcatWebServer [TomcatWebServer.java:114] Tomcat initialized with port 8080 (http)
2026-02-17 17:23:13,567 INFO [restartedMain] o.a.c.h.Http11NioProtocol [DirectJDKLog.java:168] Initializing ProtocolHandler ["http-nio-8080"]
2026-02-17 17:23:13,568 INFO [restartedMain] o.a.c.c.StandardService [DirectJDKLog.java:168] Starting service [Tomcat]
2026-02-17 17:23:13,568 INFO [restartedMain] o.a.c.c.StandardEngine [DirectJDKLog.java:168] Starting Servlet engine: [Apache Tomcat/11.0.15]
2026-02-17 17:23:13,579 INFO [restartedMain] o.s.b.w.c.s.WebApplicationContextInitializer [WebApplicationContextInitializer.java:77] Root WebApplicationContext: initialization completed in 339 ms
2026-02-17 17:23:13,719 INFO [restartedMain] o.s.b.w.a.WelcomePageHandlerMapping [WelcomePageHandlerMapping.java:60] Adding welcome page template: index
2026-02-17 17:23:13,846 INFO [restartedMain] o.a.c.h.Http11NioProtocol [DirectJDKLog.java:168] Starting ProtocolHandler ["http-nio-8080"]
2026-02-17 17:23:13,853 INFO [restartedMain] o.s.b.t.TomcatWebServer [TomcatWebServer.java:240] Tomcat started on port 8080 (http) with context path '/community'
2026-02-17 17:23:13,856 INFO [restartedMain] c.n.c.CommunityApplication [StartupInfoLogger.java:60] Started CommunityApplication in 0.829 seconds (process running for 1.107)
2026-02-17 17:23:17,346 INFO [http-nio-8080-exec-1] o.a.c.c.C.[.[.[/community] [DirectJDKLog.java:168] Initializing Spring DispatcherServlet 'dispatcherServlet'
2026-02-17 17:23:17,346 INFO [http-nio-8080-exec-1] o.s.w.s.DispatcherServlet [FrameworkServlet.java:523] Initializing Servlet 'dispatcherServlet'
2026-02-17 17:23:17,347 INFO [http-nio-8080-exec-1] o.s.w.s.DispatcherServlet [FrameworkServlet.java:545] Completed initialization in 1 ms
2026-02-17 17:23:39,564 INFO [http-nio-8080-exec-6] c.z.h.HikariDataSource [HikariDataSource.java:109] HikariPool-1 - Starting...
2026-02-17 17:23:39,654 INFO [http-nio-8080-exec-6] c.z.h.p.HikariPool [HikariPool.java:580] HikariPool-1 - Added connection com.mysql.cj.jdbc.ConnectionImpl@43a2c071
2026-02-17 17:23:39,655 INFO [http-nio-8080-exec-6] c.z.h.HikariDataSource [HikariDataSource.java:122] HikariPool-1 - Start completed.
2026-02-17 17:27:53,861 INFO [File Watcher] o.s.b.d.a.LocalDevToolsAutoConfiguration$RestartingClassPathChangeChangedEventListener [LocalDevToolsAutoConfiguration.java:214] Restarting due to 1 class path change (0 additions, 0 deletions, 1 modification)
2026-02-17 17:27:53,867 INFO [Thread-1] o.s.b.t.GracefulShutdown [GracefulShutdown.java:54] Commencing graceful shutdown. Waiting for active requests to complete
2026-02-17 17:27:53,868 INFO [tomcat-shutdown] o.a.c.h.Http11NioProtocol [DirectJDKLog.java:168] Pausing ProtocolHandler ["http-nio-8080"]
2026-02-17 17:27:53,872 INFO [tomcat-shutdown] o.s.b.t.GracefulShutdown [GracefulShutdown.java:76] Graceful shutdown complete
2026-02-17 17:27:53,872 INFO [Thread-1] o.a.c.h.Http11NioProtocol [DirectJDKLog.java:168] Stopping ProtocolHandler ["http-nio-8080"]
2026-02-17 17:27:53,879 INFO [Thread-1] c.z.h.HikariDataSource [HikariDataSource.java:349] HikariPool-1 - Shutdown initiated...
2026-02-17 17:27:53,885 INFO [Thread-1] c.z.h.HikariDataSource [HikariDataSource.java:351] HikariPool-1 - Shutdown completed.
2026-02-17 17:27:53,934 INFO [restartedMain] c.n.c.CommunityApplication [StartupInfoLogger.java:54] Starting CommunityApplication using Java 22.0.2 with PID 94526 (/Users/shawncai/work/workspace/community/target/classes started by shawncai in /Users/shawncai/work/workspace/community)
2026-02-17 17:27:53,934 INFO [restartedMain] c.n.c.CommunityApplication [SpringApplication.java:652] No active profile set, falling back to 1 default profile: "default"
2026-02-17 17:27:54,012 INFO [restartedMain] o.s.b.t.TomcatWebServer [TomcatWebServer.java:114] Tomcat initialized with port 8080 (http)
2026-02-17 17:27:54,012 INFO [restartedMain] o.a.c.h.Http11NioProtocol [DirectJDKLog.java:168] Initializing ProtocolHandler ["http-nio-8080"]
2026-02-17 17:27:54,012 INFO [restartedMain] o.a.c.c.StandardService [DirectJDKLog.java:168] Starting service [Tomcat]
2026-02-17 17:27:54,012 INFO [restartedMain] o.a.c.c.StandardEngine [DirectJDKLog.java:168] Starting Servlet engine: [Apache Tomcat/11.0.15]
2026-02-17 17:27:54,016 INFO [restartedMain] o.s.b.w.c.s.WebApplicationContextInitializer [WebApplicationContextInitializer.java:77] Root WebApplicationContext: initialization completed in 81 ms
2026-02-17 17:27:54,057 INFO [restartedMain] o.s.b.w.a.WelcomePageHandlerMapping [WelcomePageHandlerMapping.java:60] Adding welcome page template: index
2026-02-17 17:27:54,098 INFO [restartedMain] o.a.c.h.Http11NioProtocol [DirectJDKLog.java:168] Starting ProtocolHandler ["http-nio-8080"]
2026-02-17 17:27:54,099 INFO [restartedMain] o.s.b.t.TomcatWebServer [TomcatWebServer.java:240] Tomcat started on port 8080 (http) with context path '/community'
2026-02-17 17:27:54,101 INFO [restartedMain] c.n.c.CommunityApplication [StartupInfoLogger.java:60] Started CommunityApplication in 0.182 seconds (process running for 281.347)
2026-02-17 17:27:54,102 INFO [restartedMain] o.s.b.d.a.ConditionEvaluationDeltaLoggingListener [ConditionEvaluationDeltaLoggingListener.java:66] Condition evaluation unchanged
2026-02-17 17:28:02,575 INFO [File Watcher] o.s.b.d.a.LocalDevToolsAutoConfiguration$RestartingClassPathChangeChangedEventListener [LocalDevToolsAutoConfiguration.java:214] Restarting due to 1 class path change (0 additions, 0 deletions, 1 modification)
2026-02-17 17:28:02,576 INFO [Thread-5] o.s.b.t.GracefulShutdown [GracefulShutdown.java:54] Commencing graceful shutdown. Waiting for active requests to complete
2026-02-17 17:28:02,576 INFO [tomcat-shutdown] o.a.c.h.Http11NioProtocol [DirectJDKLog.java:168] Pausing ProtocolHandler ["http-nio-8080"]
2026-02-17 17:28:02,579 INFO [tomcat-shutdown] o.s.b.t.GracefulShutdown [GracefulShutdown.java:76] Graceful shutdown complete
2026-02-17 17:28:02,580 INFO [Thread-5] o.a.c.h.Http11NioProtocol [DirectJDKLog.java:168] Stopping ProtocolHandler ["http-nio-8080"]
2026-02-17 17:28:02,620 INFO [restartedMain] c.n.c.CommunityApplication [StartupInfoLogger.java:54] Starting CommunityApplication using Java 22.0.2 with PID 94526 (/Users/shawncai/work/workspace/community/target/classes started by shawncai in /Users/shawncai/work/workspace/community)
2026-02-17 17:28:02,620 INFO [restartedMain] c.n.c.CommunityApplication [SpringApplication.java:652] No active profile set, falling back to 1 default profile: "default"
2026-02-17 17:28:02,686 INFO [restartedMain] o.s.b.t.TomcatWebServer [TomcatWebServer.java:114] Tomcat initialized with port 8080 (http)
2026-02-17 17:28:02,687 INFO [restartedMain] o.a.c.h.Http11NioProtocol [DirectJDKLog.java:168] Initializing ProtocolHandler ["http-nio-8080"]
2026-02-17 17:28:02,687 INFO [restartedMain] o.a.c.c.StandardService [DirectJDKLog.java:168] Starting service [Tomcat]
2026-02-17 17:28:02,687 INFO [restartedMain] o.a.c.c.StandardEngine [DirectJDKLog.java:168] Starting Servlet engine: [Apache Tomcat/11.0.15]
2026-02-17 17:28:02,690 INFO [restartedMain] o.s.b.w.c.s.WebApplicationContextInitializer [WebApplicationContextInitializer.java:77] Root WebApplicationContext: initialization completed in 69 ms
2026-02-17 17:28:02,727 INFO [restartedMain] o.s.b.w.a.WelcomePageHandlerMapping [WelcomePageHandlerMapping.java:60] Adding welcome page template: index
2026-02-17 17:28:02,755 INFO [restartedMain] o.a.c.h.Http11NioProtocol [DirectJDKLog.java:168] Starting ProtocolHandler ["http-nio-8080"]
2026-02-17 17:28:02,756 INFO [restartedMain] o.s.b.t.TomcatWebServer [TomcatWebServer.java:240] Tomcat started on port 8080 (http) with context path '/community'
2026-02-17 17:28:02,757 INFO [restartedMain] c.n.c.CommunityApplication [StartupInfoLogger.java:60] Started CommunityApplication in 0.149 seconds (process running for 290.003)
2026-02-17 17:28:02,757 INFO [restartedMain] o.s.b.d.a.ConditionEvaluationDeltaLoggingListener [ConditionEvaluationDeltaLoggingListener.java:66] Condition evaluation unchanged
2026-02-17 17:29:15,149 INFO [SpringApplicationShutdownHook] o.s.b.t.GracefulShutdown [GracefulShutdown.java:54] Commencing graceful shutdown. Waiting for active requests to complete
2026-02-17 17:29:15,151 INFO [tomcat-shutdown] o.s.b.t.GracefulShutdown [GracefulShutdown.java:76] Graceful shutdown complete
2026-02-17 17:29:16,675 INFO [restartedMain] c.n.c.CommunityApplication [StartupInfoLogger.java:54] Starting CommunityApplication using Java 22.0.2 with PID 94647 (/Users/shawncai/work/workspace/community/target/classes started by shawncai in /Users/shawncai/work/workspace/community)
2026-02-17 17:29:16,676 INFO [restartedMain] c.n.c.CommunityApplication [SpringApplication.java:652] No active profile set, falling back to 1 default profile: "default"
2026-02-17 17:29:16,690 INFO [restartedMain] o.s.b.d.e.DevToolsPropertyDefaultsPostProcessor [LogLevel.java:69] Devtools property defaults active! Set 'spring.devtools.add-properties' to 'false' to disable
2026-02-17 17:29:16,691 INFO [restartedMain] o.s.b.d.e.DevToolsPropertyDefaultsPostProcessor [LogLevel.java:69] For additional web related logging consider setting the 'logging.level.web' property to 'DEBUG'
2026-02-17 17:29:17,028 INFO [restartedMain] o.s.b.t.TomcatWebServer [TomcatWebServer.java:114] Tomcat initialized with port 8080 (http)
2026-02-17 17:29:17,032 INFO [restartedMain] o.a.c.h.Http11NioProtocol [DirectJDKLog.java:168] Initializing ProtocolHandler ["http-nio-8080"]
2026-02-17 17:29:17,033 INFO [restartedMain] o.a.c.c.StandardService [DirectJDKLog.java:168] Starting service [Tomcat]
2026-02-17 17:29:17,033 INFO [restartedMain] o.a.c.c.StandardEngine [DirectJDKLog.java:168] Starting Servlet engine: [Apache Tomcat/11.0.15]
2026-02-17 17:29:17,043 INFO [restartedMain] o.s.b.w.c.s.WebApplicationContextInitializer [WebApplicationContextInitializer.java:77] Root WebApplicationContext: initialization completed in 352 ms
2026-02-17 17:29:17,178 INFO [restartedMain] o.s.b.w.a.WelcomePageHandlerMapping [WelcomePageHandlerMapping.java:60] Adding welcome page template: index
2026-02-17 17:29:17,284 INFO [restartedMain] o.a.c.h.Http11NioProtocol [DirectJDKLog.java:168] Starting ProtocolHandler ["http-nio-8080"]
2026-02-17 17:29:17,292 INFO [restartedMain] o.s.b.t.TomcatWebServer [TomcatWebServer.java:240] Tomcat started on port 8080 (http) with context path '/community'
2026-02-17 17:29:17,295 INFO [restartedMain] c.n.c.CommunityApplication [StartupInfoLogger.java:60] Started CommunityApplication in 0.805 seconds (process running for 1.085)
2026-02-17 17:29:20,740 INFO [http-nio-8080-exec-1] o.a.c.c.C.[.[.[/community] [DirectJDKLog.java:168] Initializing Spring DispatcherServlet 'dispatcherServlet'
2026-02-17 17:29:20,740 INFO [http-nio-8080-exec-1] o.s.w.s.DispatcherServlet [FrameworkServlet.java:523] Initializing Servlet 'dispatcherServlet'
2026-02-17 17:29:20,741 INFO [http-nio-8080-exec-1] o.s.w.s.DispatcherServlet [FrameworkServlet.java:545] Completed initialization in 1 ms
2026-02-17 17:29:20,757 INFO [http-nio-8080-exec-1] c.z.h.HikariDataSource [HikariDataSource.java:109] HikariPool-1 - Starting...
2026-02-17 17:29:20,824 INFO [http-nio-8080-exec-1] c.z.h.p.HikariPool [HikariPool.java:580] HikariPool-1 - Added connection com.mysql.cj.jdbc.ConnectionImpl@6061d8d0
2026-02-17 17:29:20,825 INFO [http-nio-8080-exec-1] c.z.h.HikariDataSource [HikariDataSource.java:122] HikariPool-1 - Start completed.
2026-02-17 17:30:41,784 INFO [File Watcher] o.s.b.d.a.LocalDevToolsAutoConfiguration$RestartingClassPathChangeChangedEventListener [LocalDevToolsAutoConfiguration.java:214] Restarting due to 1 class path change (0 additions, 0 deletions, 1 modification)
2026-02-17 17:30:41,791 INFO [Thread-1] o.s.b.t.GracefulShutdown [GracefulShutdown.java:54] Commencing graceful shutdown. Waiting for active requests to complete
2026-02-17 17:30:41,792 INFO [tomcat-shutdown] o.a.c.h.Http11NioProtocol [DirectJDKLog.java:168] Pausing ProtocolHandler ["http-nio-8080"]
2026-02-17 17:30:41,795 INFO [tomcat-shutdown] o.s.b.t.GracefulShutdown [GracefulShutdown.java:76] Graceful shutdown complete
2026-02-17 17:30:41,795 INFO [Thread-1] o.a.c.h.Http11NioProtocol [DirectJDKLog.java:168] Stopping ProtocolHandler ["http-nio-8080"]
2026-02-17 17:30:41,798 INFO [Thread-1] c.z.h.HikariDataSource [HikariDataSource.java:349] HikariPool-1 - Shutdown initiated...
2026-02-17 17:30:41,801 INFO [Thread-1] c.z.h.HikariDataSource [HikariDataSource.java:351] HikariPool-1 - Shutdown completed.
2026-02-17 17:30:41,842 INFO [restartedMain] c.n.c.CommunityApplication [StartupInfoLogger.java:54] Starting CommunityApplication using Java 22.0.2 with PID 94647 (/Users/shawncai/work/workspace/community/target/classes started by shawncai in /Users/shawncai/work/workspace/community)
2026-02-17 17:30:41,842 INFO [restartedMain] c.n.c.CommunityApplication [SpringApplication.java:652] No active profile set, falling back to 1 default profile: "default"
2026-02-17 17:30:41,922 INFO [restartedMain] o.s.b.t.TomcatWebServer [TomcatWebServer.java:114] Tomcat initialized with port 8080 (http)
2026-02-17 17:30:41,923 INFO [restartedMain] o.a.c.h.Http11NioProtocol [DirectJDKLog.java:168] Initializing ProtocolHandler ["http-nio-8080"]
2026-02-17 17:30:41,923 INFO [restartedMain] o.a.c.c.StandardService [DirectJDKLog.java:168] Starting service [Tomcat]
2026-02-17 17:30:41,923 INFO [restartedMain] o.a.c.c.StandardEngine [DirectJDKLog.java:168] Starting Servlet engine: [Apache Tomcat/11.0.15]
2026-02-17 17:30:41,926 INFO [restartedMain] o.s.b.w.c.s.WebApplicationContextInitializer [WebApplicationContextInitializer.java:77] Root WebApplicationContext: initialization completed in 83 ms
2026-02-17 17:30:41,960 INFO [restartedMain] o.a.c.c.StandardService [DirectJDKLog.java:168] Stopping service [Tomcat]
2026-02-17 17:30:41,963 INFO [restartedMain] o.s.b.a.l.ConditionEvaluationReportLogger [ConditionEvaluationReportLogger.java:82] 

Error starting ApplicationContext. To display the condition evaluation report re-run your application with 'debug' enabled.
2026-02-17 17:31:05,726 INFO [restartedMain] c.n.c.CommunityApplication [StartupInfoLogger.java:54] Starting CommunityApplication using Java 22.0.2 with PID 94647 (/Users/shawncai/work/workspace/community/target/classes started by shawncai in /Users/shawncai/work/workspace/community)
2026-02-17 17:31:05,726 INFO [restartedMain] c.n.c.CommunityApplication [SpringApplication.java:652] No active profile set, falling back to 1 default profile: "default"
2026-02-17 17:31:05,795 INFO [restartedMain] o.s.b.t.TomcatWebServer [TomcatWebServer.java:114] Tomcat initialized with port 8080 (http)
2026-02-17 17:31:05,795 INFO [restartedMain] o.a.c.h.Http11NioProtocol [DirectJDKLog.java:168] Initializing ProtocolHandler ["http-nio-8080"]
2026-02-17 17:31:05,795 INFO [restartedMain] o.a.c.c.StandardService [DirectJDKLog.java:168] Starting service [Tomcat]
2026-02-17 17:31:05,795 INFO [restartedMain] o.a.c.c.StandardEngine [DirectJDKLog.java:168] Starting Servlet engine: [Apache Tomcat/11.0.15]
2026-02-17 17:31:05,798 INFO [restartedMain] o.s.b.w.c.s.WebApplicationContextInitializer [WebApplicationContextInitializer.java:77] Root WebApplicationContext: initialization completed in 71 ms
2026-02-17 17:31:05,824 INFO [restartedMain] o.a.c.c.StandardService [DirectJDKLog.java:168] Stopping service [Tomcat]
2026-02-17 17:31:05,826 INFO [restartedMain] o.s.b.a.l.ConditionEvaluationReportLogger [ConditionEvaluationReportLogger.java:82] 

Error starting ApplicationContext. To display the condition evaluation report re-run your application with 'debug' enabled.
2026-02-17 17:31:55,016 INFO [restartedMain] c.n.c.CommunityApplication [StartupInfoLogger.java:54] Starting CommunityApplication using Java 22.0.2 with PID 94713 (/Users/shawncai/work/workspace/community/target/classes started by shawncai in /Users/shawncai/work/workspace/community)
2026-02-17 17:31:55,016 INFO [restartedMain] c.n.c.CommunityApplication [SpringApplication.java:652] No active profile set, falling back to 1 default profile: "default"
2026-02-17 17:31:55,030 INFO [restartedMain] o.s.b.d.e.DevToolsPropertyDefaultsPostProcessor [LogLevel.java:69] Devtools property defaults active! Set 'spring.devtools.add-properties' to 'false' to disable
2026-02-17 17:31:55,030 INFO [restartedMain] o.s.b.d.e.DevToolsPropertyDefaultsPostProcessor [LogLevel.java:69] For additional web related logging consider setting the 'logging.level.web' property to 'DEBUG'
2026-02-17 17:31:55,360 INFO [restartedMain] o.s.b.t.TomcatWebServer [TomcatWebServer.java:114] Tomcat initialized with port 8080 (http)
2026-02-17 17:31:55,364 INFO [restartedMain] o.a.c.h.Http11NioProtocol [DirectJDKLog.java:168] Initializing ProtocolHandler ["http-nio-8080"]
2026-02-17 17:31:55,364 INFO [restartedMain] o.a.c.c.StandardService [DirectJDKLog.java:168] Starting service [Tomcat]
2026-02-17 17:31:55,365 INFO [restartedMain] o.a.c.c.StandardEngine [DirectJDKLog.java:168] Starting Servlet engine: [Apache Tomcat/11.0.15]
2026-02-17 17:31:55,375 INFO [restartedMain] o.s.b.w.c.s.WebApplicationContextInitializer [WebApplicationContextInitializer.java:77] Root WebApplicationContext: initialization completed in 345 ms
2026-02-17 17:31:55,493 INFO [restartedMain] o.a.c.c.StandardService [DirectJDKLog.java:168] Stopping service [Tomcat]
2026-02-17 17:31:55,497 INFO [restartedMain] o.s.b.a.l.ConditionEvaluationReportLogger [ConditionEvaluationReportLogger.java:82] 

Error starting ApplicationContext. To display the condition evaluation report re-run your application with 'debug' enabled.
2026-02-17 17:32:23,607 INFO [restartedMain] c.n.c.CommunityApplication [StartupInfoLogger.java:54] Starting CommunityApplication using Java 22.0.2 with PID 94728 (/Users/shawncai/work/workspace/community/target/classes started by shawncai in /Users/shawncai/work/workspace/community)
2026-02-17 17:32:23,608 INFO [restartedMain] c.n.c.CommunityApplication [SpringApplication.java:652] No active profile set, falling back to 1 default profile: "default"
2026-02-17 17:32:23,621 INFO [restartedMain] o.s.b.d.e.DevToolsPropertyDefaultsPostProcessor [LogLevel.java:69] Devtools property defaults active! Set 'spring.devtools.add-properties' to 'false' to disable
2026-02-17 17:32:23,621 INFO [restartedMain] o.s.b.d.e.DevToolsPropertyDefaultsPostProcessor [LogLevel.java:69] For additional web related logging consider setting the 'logging.level.web' property to 'DEBUG'
2026-02-17 17:32:23,940 INFO [restartedMain] o.s.b.t.TomcatWebServer [TomcatWebServer.java:114] Tomcat initialized with port 8080 (http)
2026-02-17 17:32:23,943 INFO [restartedMain] o.a.c.h.Http11NioProtocol [DirectJDKLog.java:168] Initializing ProtocolHandler ["http-nio-8080"]
2026-02-17 17:32:23,944 INFO [restartedMain] o.a.c.c.StandardService [DirectJDKLog.java:168] Starting service [Tomcat]
2026-02-17 17:32:23,944 INFO [restartedMain] o.a.c.c.StandardEngine [DirectJDKLog.java:168] Starting Servlet engine: [Apache Tomcat/11.0.15]
2026-02-17 17:32:23,955 INFO [restartedMain] o.s.b.w.c.s.WebApplicationContextInitializer [WebApplicationContextInitializer.java:77] Root WebApplicationContext: initialization completed in 333 ms
2026-02-17 17:32:24,085 INFO [restartedMain] o.s.b.w.a.WelcomePageHandlerMapping [WelcomePageHandlerMapping.java:60] Adding welcome page template: index
2026-02-17 17:32:24,186 INFO [restartedMain] o.a.c.h.Http11NioProtocol [DirectJDKLog.java:168] Starting ProtocolHandler ["http-nio-8080"]
2026-02-17 17:32:24,194 INFO [restartedMain] o.s.b.t.TomcatWebServer [TomcatWebServer.java:240] Tomcat started on port 8080 (http) with context path '/community'
2026-02-17 17:32:24,197 INFO [restartedMain] c.n.c.CommunityApplication [StartupInfoLogger.java:60] Started CommunityApplication in 0.778 seconds (process running for 1.023)
2026-02-17 17:32:27,446 INFO [http-nio-8080-exec-1] o.a.c.c.C.[.[.[/community] [DirectJDKLog.java:168] Initializing Spring DispatcherServlet 'dispatcherServlet'
2026-02-17 17:32:27,447 INFO [http-nio-8080-exec-1] o.s.w.s.DispatcherServlet [FrameworkServlet.java:523] Initializing Servlet 'dispatcherServlet'
2026-02-17 17:32:27,448 INFO [http-nio-8080-exec-1] o.s.w.s.DispatcherServlet [FrameworkServlet.java:545] Completed initialization in 1 ms
2026-02-17 17:32:27,467 INFO [http-nio-8080-exec-1] c.z.h.HikariDataSource [HikariDataSource.java:109] HikariPool-1 - Starting...
2026-02-17 17:32:27,535 INFO [http-nio-8080-exec-1] c.z.h.p.HikariPool [HikariPool.java:580] HikariPool-1 - Added connection com.mysql.cj.jdbc.ConnectionImpl@21f580e8
2026-02-17 17:32:27,536 INFO [http-nio-8080-exec-1] c.z.h.HikariDataSource [HikariDataSource.java:122] HikariPool-1 - Start completed.
2026-02-17 17:33:57,710 INFO [File Watcher] o.s.b.d.a.LocalDevToolsAutoConfiguration$RestartingClassPathChangeChangedEventListener [LocalDevToolsAutoConfiguration.java:214] Restarting due to 1 class path change (0 additions, 1 deletion, 0 modifications)
2026-02-17 17:33:57,712 INFO [Thread-1] o.s.b.t.GracefulShutdown [GracefulShutdown.java:54] Commencing graceful shutdown. Waiting for active requests to complete
2026-02-17 17:33:57,713 INFO [tomcat-shutdown] o.a.c.h.Http11NioProtocol [DirectJDKLog.java:168] Pausing ProtocolHandler ["http-nio-8080"]
2026-02-17 17:33:57,715 INFO [tomcat-shutdown] o.s.b.t.GracefulShutdown [GracefulShutdown.java:76] Graceful shutdown complete
2026-02-17 17:33:57,716 INFO [Thread-1] o.a.c.h.Http11NioProtocol [DirectJDKLog.java:168] Stopping ProtocolHandler ["http-nio-8080"]
2026-02-17 17:33:57,719 INFO [Thread-1] c.z.h.HikariDataSource [HikariDataSource.java:349] HikariPool-1 - Shutdown initiated...
2026-02-17 17:33:57,721 INFO [Thread-1] c.z.h.HikariDataSource [HikariDataSource.java:351] HikariPool-1 - Shutdown completed.
2026-02-17 17:33:57,760 INFO [restartedMain] c.n.c.CommunityApplication [StartupInfoLogger.java:54] Starting CommunityApplication using Java 22.0.2 with PID 94728 (/Users/shawncai/work/workspace/community/target/classes started by shawncai in /Users/shawncai/work/workspace/community)
2026-02-17 17:33:57,760 INFO [restartedMain] c.n.c.CommunityApplication [SpringApplication.java:652] No active profile set, falling back to 1 default profile: "default"
2026-02-17 17:33:57,833 INFO [restartedMain] o.s.b.t.TomcatWebServer [TomcatWebServer.java:114] Tomcat initialized with port 8080 (http)
2026-02-17 17:33:57,833 INFO [restartedMain] o.a.c.h.Http11NioProtocol [DirectJDKLog.java:168] Initializing ProtocolHandler ["http-nio-8080"]
2026-02-17 17:33:57,833 INFO [restartedMain] o.a.c.c.StandardService [DirectJDKLog.java:168] Starting service [Tomcat]
2026-02-17 17:33:57,833 INFO [restartedMain] o.a.c.c.StandardEngine [DirectJDKLog.java:168] Starting Servlet engine: [Apache Tomcat/11.0.15]
2026-02-17 17:33:57,836 INFO [restartedMain] o.s.b.w.c.s.WebApplicationContextInitializer [WebApplicationContextInitializer.java:77] Root WebApplicationContext: initialization completed in 75 ms
2026-02-17 17:33:57,873 INFO [restartedMain] o.s.b.w.a.WelcomePageHandlerMapping [WelcomePageHandlerMapping.java:60] Adding welcome page template: index
2026-02-17 17:33:57,902 INFO [restartedMain] o.a.c.h.Http11NioProtocol [DirectJDKLog.java:168] Starting ProtocolHandler ["http-nio-8080"]
2026-02-17 17:33:57,903 INFO [restartedMain] o.s.b.t.TomcatWebServer [TomcatWebServer.java:240] Tomcat started on port 8080 (http) with context path '/community'
2026-02-17 17:33:57,904 INFO [restartedMain] c.n.c.CommunityApplication [StartupInfoLogger.java:60] Started CommunityApplication in 0.158 seconds (process running for 94.729)
2026-02-17 17:33:57,905 INFO [restartedMain] o.s.b.d.a.ConditionEvaluationDeltaLoggingListener [ConditionEvaluationDeltaLoggingListener.java:66] Condition evaluation unchanged
2026-02-17 17:34:45,168 INFO [SpringApplicationShutdownHook] o.s.b.t.GracefulShutdown [GracefulShutdown.java:54] Commencing graceful shutdown. Waiting for active requests to complete
2026-02-17 17:34:45,170 INFO [tomcat-shutdown] o.s.b.t.GracefulShutdown [GracefulShutdown.java:76] Graceful shutdown complete
2026-02-17 17:36:06,438 INFO [restartedMain] c.n.c.CommunityApplication [StartupInfoLogger.java:54] Starting CommunityApplication using Java 22.0.2 with PID 94801 (/Users/shawncai/work/workspace/community/target/classes started by shawncai in /Users/shawncai/work/workspace/community)
2026-02-17 17:36:06,439 INFO [restartedMain] c.n.c.CommunityApplication [SpringApplication.java:652] No active profile set, falling back to 1 default profile: "default"
2026-02-17 17:36:06,452 INFO [restartedMain] o.s.b.d.e.DevToolsPropertyDefaultsPostProcessor [LogLevel.java:69] Devtools property defaults active! Set 'spring.devtools.add-properties' to 'false' to disable
2026-02-17 17:36:06,453 INFO [restartedMain] o.s.b.d.e.DevToolsPropertyDefaultsPostProcessor [LogLevel.java:69] For additional web related logging consider setting the 'logging.level.web' property to 'DEBUG'
2026-02-17 17:36:06,787 INFO [restartedMain] o.s.b.t.TomcatWebServer [TomcatWebServer.java:114] Tomcat initialized with port 8080 (http)
2026-02-17 17:36:06,791 INFO [restartedMain] o.a.c.h.Http11NioProtocol [DirectJDKLog.java:168] Initializing ProtocolHandler ["http-nio-8080"]
2026-02-17 17:36:06,792 INFO [restartedMain] o.a.c.c.StandardService [DirectJDKLog.java:168] Starting service [Tomcat]
2026-02-17 17:36:06,792 INFO [restartedMain] o.a.c.c.StandardEngine [DirectJDKLog.java:168] Starting Servlet engine: [Apache Tomcat/11.0.15]
2026-02-17 17:36:06,806 INFO [restartedMain] o.s.b.w.c.s.WebApplicationContextInitializer [WebApplicationContextInitializer.java:77] Root WebApplicationContext: initialization completed in 353 ms
2026-02-17 17:36:06,943 INFO [restartedMain] o.s.b.w.a.WelcomePageHandlerMapping [WelcomePageHandlerMapping.java:60] Adding welcome page template: index
2026-02-17 17:36:07,056 INFO [restartedMain] o.a.c.h.Http11NioProtocol [DirectJDKLog.java:168] Starting ProtocolHandler ["http-nio-8080"]
2026-02-17 17:36:07,064 INFO [restartedMain] o.s.b.t.TomcatWebServer [TomcatWebServer.java:240] Tomcat started on port 8080 (http) with context path '/community'
2026-02-17 17:36:07,067 INFO [restartedMain] c.n.c.CommunityApplication [StartupInfoLogger.java:60] Started CommunityApplication in 0.822 seconds (process running for 1.095)
2026-02-17 17:36:10,395 INFO [http-nio-8080-exec-1] o.a.c.c.C.[.[.[/community] [DirectJDKLog.java:168] Initializing Spring DispatcherServlet 'dispatcherServlet'
2026-02-17 17:36:10,396 INFO [http-nio-8080-exec-1] o.s.w.s.DispatcherServlet [FrameworkServlet.java:523] Initializing Servlet 'dispatcherServlet'
2026-02-17 17:36:10,397 INFO [http-nio-8080-exec-1] o.s.w.s.DispatcherServlet [FrameworkServlet.java:545] Completed initialization in 1 ms
2026-02-17 17:36:10,416 INFO [http-nio-8080-exec-1] c.z.h.HikariDataSource [HikariDataSource.java:109] HikariPool-1 - Starting...
2026-02-17 17:36:10,484 INFO [http-nio-8080-exec-1] c.z.h.p.HikariPool [HikariPool.java:580] HikariPool-1 - Added connection com.mysql.cj.jdbc.ConnectionImpl@47b3d03c
2026-02-17 17:36:10,485 INFO [http-nio-8080-exec-1] c.z.h.HikariDataSource [HikariDataSource.java:122] HikariPool-1 - Start completed.
2026-02-17 17:37:16,301 INFO [File Watcher] o.s.b.d.a.LocalDevToolsAutoConfiguration$RestartingClassPathChangeChangedEventListener [LocalDevToolsAutoConfiguration.java:214] Restarting due to 1 class path change (0 additions, 1 deletion, 0 modifications)
2026-02-17 17:37:16,306 INFO [Thread-1] o.s.b.t.GracefulShutdown [GracefulShutdown.java:54] Commencing graceful shutdown. Waiting for active requests to complete
2026-02-17 17:37:16,307 INFO [tomcat-shutdown] o.a.c.h.Http11NioProtocol [DirectJDKLog.java:168] Pausing ProtocolHandler ["http-nio-8080"]
2026-02-17 17:37:16,310 INFO [tomcat-shutdown] o.s.b.t.GracefulShutdown [GracefulShutdown.java:76] Graceful shutdown complete
2026-02-17 17:37:16,311 INFO [Thread-1] o.a.c.h.Http11NioProtocol [DirectJDKLog.java:168] Stopping ProtocolHandler ["http-nio-8080"]
2026-02-17 17:37:16,316 INFO [Thread-1] c.z.h.HikariDataSource [HikariDataSource.java:349] HikariPool-1 - Shutdown initiated...
2026-02-17 17:37:16,321 INFO [Thread-1] c.z.h.HikariDataSource [HikariDataSource.java:351] HikariPool-1 - Shutdown completed.
2026-02-17 17:37:16,363 INFO [restartedMain] c.n.c.CommunityApplication [StartupInfoLogger.java:54] Starting CommunityApplication using Java 22.0.2 with PID 94801 (/Users/shawncai/work/workspace/community/target/classes started by shawncai in /Users/shawncai/work/workspace/community)
2026-02-17 17:37:16,363 INFO [restartedMain] c.n.c.CommunityApplication [SpringApplication.java:652] No active profile set, falling back to 1 default profile: "default"
2026-02-17 17:37:16,431 INFO [restartedMain] o.s.b.t.TomcatWebServer [TomcatWebServer.java:114] Tomcat initialized with port 8080 (http)
2026-02-17 17:37:16,432 INFO [restartedMain] o.a.c.h.Http11NioProtocol [DirectJDKLog.java:168] Initializing ProtocolHandler ["http-nio-8080"]
2026-02-17 17:37:16,432 INFO [restartedMain] o.a.c.c.StandardService [DirectJDKLog.java:168] Starting service [Tomcat]
2026-02-17 17:37:16,432 INFO [restartedMain] o.a.c.c.StandardEngine [DirectJDKLog.java:168] Starting Servlet engine: [Apache Tomcat/11.0.15]
2026-02-17 17:37:16,435 INFO [restartedMain] o.s.b.w.c.s.WebApplicationContextInitializer [WebApplicationContextInitializer.java:77] Root WebApplicationContext: initialization completed in 71 ms
2026-02-17 17:37:16,470 INFO [restartedMain] o.s.b.w.a.WelcomePageHandlerMapping [WelcomePageHandlerMapping.java:60] Adding welcome page template: index
2026-02-17 17:37:16,500 INFO [restartedMain] o.a.c.h.Http11NioProtocol [DirectJDKLog.java:168] Starting ProtocolHandler ["http-nio-8080"]
2026-02-17 17:37:16,501 INFO [restartedMain] o.s.b.t.TomcatWebServer [TomcatWebServer.java:240] Tomcat started on port 8080 (http) with context path '/community'
2026-02-17 17:37:16,502 INFO [restartedMain] c.n.c.CommunityApplication [StartupInfoLogger.java:60] Started CommunityApplication in 0.152 seconds (process running for 70.53)
2026-02-17 17:37:16,503 INFO [restartedMain] o.s.b.d.a.ConditionEvaluationDeltaLoggingListener [ConditionEvaluationDeltaLoggingListener.java:66] Condition evaluation unchanged
2026-02-17 17:37:41,453 INFO [SpringApplicationShutdownHook] o.s.b.t.GracefulShutdown [GracefulShutdown.java:54] Commencing graceful shutdown. Waiting for active requests to complete
2026-02-17 17:37:41,455 INFO [tomcat-shutdown] o.s.b.t.GracefulShutdown [GracefulShutdown.java:76] Graceful shutdown complete
2026-02-17 17:42:49,551 INFO [restartedMain] c.n.c.CommunityApplication [StartupInfoLogger.java:54] Starting CommunityApplication using Java 22.0.2 with PID 94944 (/Users/shawncai/work/workspace/community/target/classes started by shawncai in /Users/shawncai/work/workspace/community)
2026-02-17 17:42:49,552 INFO [restartedMain] c.n.c.CommunityApplication [SpringApplication.java:652] No active profile set, falling back to 1 default profile: "default"
2026-02-17 17:42:49,567 INFO [restartedMain] o.s.b.d.e.DevToolsPropertyDefaultsPostProcessor [LogLevel.java:69] Devtools property defaults active! Set 'spring.devtools.add-properties' to 'false' to disable
2026-02-17 17:42:49,567 INFO [restartedMain] o.s.b.d.e.DevToolsPropertyDefaultsPostProcessor [LogLevel.java:69] For additional web related logging consider setting the 'logging.level.web' property to 'DEBUG'
2026-02-17 17:42:49,915 INFO [restartedMain] o.s.b.t.TomcatWebServer [TomcatWebServer.java:114] Tomcat initialized with port 8080 (http)
2026-02-17 17:42:49,919 INFO [restartedMain] o.a.c.h.Http11NioProtocol [DirectJDKLog.java:168] Initializing ProtocolHandler ["http-nio-8080"]
2026-02-17 17:42:49,919 INFO [restartedMain] o.a.c.c.StandardService [DirectJDKLog.java:168] Starting service [Tomcat]
2026-02-17 17:42:49,919 INFO [restartedMain] o.a.c.c.StandardEngine [DirectJDKLog.java:168] Starting Servlet engine: [Apache Tomcat/11.0.15]
2026-02-17 17:42:49,935 INFO [restartedMain] o.s.b.w.c.s.WebApplicationContextInitializer [WebApplicationContextInitializer.java:77] Root WebApplicationContext: initialization completed in 368 ms
2026-02-17 17:42:50,079 INFO [restartedMain] o.s.b.w.a.WelcomePageHandlerMapping [WelcomePageHandlerMapping.java:60] Adding welcome page template: index
2026-02-17 17:42:50,192 INFO [restartedMain] o.a.c.h.Http11NioProtocol [DirectJDKLog.java:168] Starting ProtocolHandler ["http-nio-8080"]
2026-02-17 17:42:50,199 INFO [restartedMain] o.s.b.t.TomcatWebServer [TomcatWebServer.java:240] Tomcat started on port 8080 (http) with context path '/community'
2026-02-17 17:42:50,202 INFO [restartedMain] c.n.c.CommunityApplication [StartupInfoLogger.java:60] Started CommunityApplication in 0.854 seconds (process running for 1.144)
2026-02-17 17:42:53,560 INFO [http-nio-8080-exec-1] o.a.c.c.C.[.[.[/community] [DirectJDKLog.java:168] Initializing Spring DispatcherServlet 'dispatcherServlet'
2026-02-17 17:42:53,561 INFO [http-nio-8080-exec-1] o.s.w.s.DispatcherServlet [FrameworkServlet.java:523] Initializing Servlet 'dispatcherServlet'
2026-02-17 17:42:53,562 INFO [http-nio-8080-exec-1] o.s.w.s.DispatcherServlet [FrameworkServlet.java:545] Completed initialization in 1 ms
2026-02-17 17:42:53,578 INFO [http-nio-8080-exec-1] c.z.h.HikariDataSource [HikariDataSource.java:109] HikariPool-1 - Starting...
2026-02-17 17:42:53,640 INFO [http-nio-8080-exec-1] c.z.h.p.HikariPool [HikariPool.java:580] HikariPool-1 - Added connection com.mysql.cj.jdbc.ConnectionImpl@40c8dbcb
2026-02-17 17:42:53,641 INFO [http-nio-8080-exec-1] c.z.h.HikariDataSource [HikariDataSource.java:122] HikariPool-1 - Start completed.
2026-02-17 17:43:51,602 INFO [http-nio-8080-exec-6] c.n.c.c.UserController [UserController.java:86] upload header: userId=158, headerUrl=http://localhost:8080/community/user/header/5caec1bdd26d4702bb70bbacdb7c01c6.png
2026-02-17 17:43:51,611 INFO [http-nio-8080-exec-6] c.n.c.c.UserController [UserController.java:88] updateHeader rows=1
2026-02-17 17:43:59,847 INFO [http-nio-8080-exec-3] c.n.c.c.UserController [UserController.java:86] upload header: userId=158, headerUrl=http://localhost:8080/community/user/header/392e5c368d5b4dd9a25e962166913ca5.png
2026-02-17 17:43:59,851 INFO [http-nio-8080-exec-3] c.n.c.c.UserController [UserController.java:88] updateHeader rows=1
2026-02-17 17:45:35,439 INFO [http-nio-8080-exec-4] c.n.c.c.UserController [UserController.java:86] upload header: userId=158, headerUrl=http://localhost:8080/community/user/header/652aa22054204a139c6908f196791855.png
2026-02-17 17:45:35,441 INFO [http-nio-8080-exec-4] c.n.c.c.UserController [UserController.java:88] updateHeader rows=1
2026-02-17 17:49:13,608 INFO [File Watcher] o.s.b.d.a.LocalDevToolsAutoConfiguration$RestartingClassPathChangeChangedEventListener [LocalDevToolsAutoConfiguration.java:214] Restarting due to 1 class path change (0 additions, 0 deletions, 1 modification)
2026-02-17 17:49:13,614 INFO [Thread-1] o.s.b.t.GracefulShutdown [GracefulShutdown.java:54] Commencing graceful shutdown. Waiting for active requests to complete
2026-02-17 17:49:13,615 INFO [tomcat-shutdown] o.a.c.h.Http11NioProtocol [DirectJDKLog.java:168] Pausing ProtocolHandler ["http-nio-8080"]
2026-02-17 17:49:13,619 INFO [tomcat-shutdown] o.s.b.t.GracefulShutdown [GracefulShutdown.java:76] Graceful shutdown complete
2026-02-17 17:49:13,619 INFO [Thread-1] o.a.c.h.Http11NioProtocol [DirectJDKLog.java:168] Stopping ProtocolHandler ["http-nio-8080"]
2026-02-17 17:49:13,626 INFO [Thread-1] c.z.h.HikariDataSource [HikariDataSource.java:349] HikariPool-1 - Shutdown initiated...
2026-02-17 17:49:13,631 INFO [Thread-1] c.z.h.HikariDataSource [HikariDataSource.java:351] HikariPool-1 - Shutdown completed.
2026-02-17 17:49:13,696 INFO [restartedMain] c.n.c.CommunityApplication [StartupInfoLogger.java:54] Starting CommunityApplication using Java 22.0.2 with PID 94944 (/Users/shawncai/work/workspace/community/target/classes started by shawncai in /Users/shawncai/work/workspace/community)
2026-02-17 17:49:13,697 INFO [restartedMain] c.n.c.CommunityApplication [SpringApplication.java:652] No active profile set, falling back to 1 default profile: "default"
2026-02-17 17:49:13,773 INFO [restartedMain] o.s.b.t.TomcatWebServer [TomcatWebServer.java:114] Tomcat initialized with port 8080 (http)
2026-02-17 17:49:13,773 INFO [restartedMain] o.a.c.h.Http11NioProtocol [DirectJDKLog.java:168] Initializing ProtocolHandler ["http-nio-8080"]
2026-02-17 17:49:13,773 INFO [restartedMain] o.a.c.c.StandardService [DirectJDKLog.java:168] Starting service [Tomcat]
2026-02-17 17:49:13,773 INFO [restartedMain] o.a.c.c.StandardEngine [DirectJDKLog.java:168] Starting Servlet engine: [Apache Tomcat/11.0.15]
2026-02-17 17:49:13,776 INFO [restartedMain] o.s.b.w.c.s.WebApplicationContextInitializer [WebApplicationContextInitializer.java:77] Root WebApplicationContext: initialization completed in 78 ms
2026-02-17 17:49:13,815 INFO [restartedMain] o.s.b.w.a.WelcomePageHandlerMapping [WelcomePageHandlerMapping.java:60] Adding welcome page template: index
2026-02-17 17:49:13,848 INFO [restartedMain] o.a.c.h.Http11NioProtocol [DirectJDKLog.java:168] Starting ProtocolHandler ["http-nio-8080"]
2026-02-17 17:49:13,849 INFO [restartedMain] o.s.b.t.TomcatWebServer [TomcatWebServer.java:240] Tomcat started on port 8080 (http) with context path '/community'
2026-02-17 17:49:13,850 INFO [restartedMain] c.n.c.CommunityApplication [StartupInfoLogger.java:60] Started CommunityApplication in 0.169 seconds (process running for 384.787)
2026-02-17 17:49:13,851 INFO [restartedMain] o.s.b.d.a.ConditionEvaluationDeltaLoggingListener [ConditionEvaluationDeltaLoggingListener.java:66] Condition evaluation unchanged
2026-02-17 17:49:55,801 INFO [File Watcher] o.s.b.d.a.LocalDevToolsAutoConfiguration$RestartingClassPathChangeChangedEventListener [LocalDevToolsAutoConfiguration.java:214] Restarting due to 1 class path change (0 additions, 0 deletions, 1 modification)
2026-02-17 17:49:55,803 INFO [Thread-5] o.s.b.t.GracefulShutdown [GracefulShutdown.java:54] Commencing graceful shutdown. Waiting for active requests to complete
2026-02-17 17:49:55,803 INFO [tomcat-shutdown] o.a.c.h.Http11NioProtocol [DirectJDKLog.java:168] Pausing ProtocolHandler ["http-nio-8080"]
2026-02-17 17:49:55,807 INFO [tomcat-shutdown] o.s.b.t.GracefulShutdown [GracefulShutdown.java:76] Graceful shutdown complete
2026-02-17 17:49:55,808 INFO [Thread-5] o.a.c.h.Http11NioProtocol [DirectJDKLog.java:168] Stopping ProtocolHandler ["http-nio-8080"]
2026-02-17 17:49:55,870 INFO [restartedMain] c.n.c.CommunityApplication [StartupInfoLogger.java:54] Starting CommunityApplication using Java 22.0.2 with PID 94944 (/Users/shawncai/work/workspace/community/target/classes started by shawncai in /Users/shawncai/work/workspace/community)
2026-02-17 17:49:55,870 INFO [restartedMain] c.n.c.CommunityApplication [SpringApplication.java:652] No active profile set, falling back to 1 default profile: "default"
2026-02-17 17:49:55,932 INFO [restartedMain] o.s.b.t.TomcatWebServer [TomcatWebServer.java:114] Tomcat initialized with port 8080 (http)
2026-02-17 17:49:55,932 INFO [restartedMain] o.a.c.h.Http11NioProtocol [DirectJDKLog.java:168] Initializing ProtocolHandler ["http-nio-8080"]
2026-02-17 17:49:55,932 INFO [restartedMain] o.a.c.c.StandardService [DirectJDKLog.java:168] Starting service [Tomcat]
2026-02-17 17:49:55,932 INFO [restartedMain] o.a.c.c.StandardEngine [DirectJDKLog.java:168] Starting Servlet engine: [Apache Tomcat/11.0.15]
2026-02-17 17:49:55,936 INFO [restartedMain] o.s.b.w.c.s.WebApplicationContextInitializer [WebApplicationContextInitializer.java:77] Root WebApplicationContext: initialization completed in 66 ms
2026-02-17 17:49:55,970 INFO [restartedMain] o.s.b.w.a.WelcomePageHandlerMapping [WelcomePageHandlerMapping.java:60] Adding welcome page template: index
2026-02-17 17:49:55,997 INFO [restartedMain] o.a.c.h.Http11NioProtocol [DirectJDKLog.java:168] Starting ProtocolHandler ["http-nio-8080"]
2026-02-17 17:49:55,998 INFO [restartedMain] o.s.b.t.TomcatWebServer [TomcatWebServer.java:240] Tomcat started on port 8080 (http) with context path '/community'
2026-02-17 17:49:55,999 INFO [restartedMain] c.n.c.CommunityApplication [StartupInfoLogger.java:60] Started CommunityApplication in 0.143 seconds (process running for 426.936)
2026-02-17 17:49:55,999 INFO [restartedMain] o.s.b.d.a.ConditionEvaluationDeltaLoggingListener [ConditionEvaluationDeltaLoggingListener.java:66] Condition evaluation unchanged
2026-02-17 17:50:10,554 INFO [File Watcher] o.s.b.d.a.LocalDevToolsAutoConfiguration$RestartingClassPathChangeChangedEventListener [LocalDevToolsAutoConfiguration.java:214] Restarting due to 1 class path change (0 additions, 1 deletion, 0 modifications)
2026-02-17 17:50:10,556 INFO [Thread-9] o.s.b.t.GracefulShutdown [GracefulShutdown.java:54] Commencing graceful shutdown. Waiting for active requests to complete
2026-02-17 17:50:10,557 INFO [tomcat-shutdown] o.a.c.h.Http11NioProtocol [DirectJDKLog.java:168] Pausing ProtocolHandler ["http-nio-8080"]
2026-02-17 17:50:10,561 INFO [tomcat-shutdown] o.s.b.t.GracefulShutdown [GracefulShutdown.java:76] Graceful shutdown complete
2026-02-17 17:50:10,561 INFO [Thread-9] o.a.c.h.Http11NioProtocol [DirectJDKLog.java:168] Stopping ProtocolHandler ["http-nio-8080"]
2026-02-17 17:50:10,632 INFO [restartedMain] c.n.c.CommunityApplication [StartupInfoLogger.java:54] Starting CommunityApplication using Java 22.0.2 with PID 94944 (/Users/shawncai/work/workspace/community/target/classes started by shawncai in /Users/shawncai/work/workspace/community)
2026-02-17 17:50:10,632 INFO [restartedMain] c.n.c.CommunityApplication [SpringApplication.java:652] No active profile set, falling back to 1 default profile: "default"
2026-02-17 17:50:10,686 INFO [restartedMain] o.s.b.t.TomcatWebServer [TomcatWebServer.java:114] Tomcat initialized with port 8080 (http)
2026-02-17 17:50:10,686 INFO [restartedMain] o.a.c.h.Http11NioProtocol [DirectJDKLog.java:168] Initializing ProtocolHandler ["http-nio-8080"]
2026-02-17 17:50:10,686 INFO [restartedMain] o.a.c.c.StandardService [DirectJDKLog.java:168] Starting service [Tomcat]
2026-02-17 17:50:10,686 INFO [restartedMain] o.a.c.c.StandardEngine [DirectJDKLog.java:168] Starting Servlet engine: [Apache Tomcat/11.0.15]
2026-02-17 17:50:10,689 INFO [restartedMain] o.s.b.w.c.s.WebApplicationContextInitializer [WebApplicationContextInitializer.java:77] Root WebApplicationContext: initialization completed in 56 ms
2026-02-17 17:50:10,717 INFO [restartedMain] o.s.b.w.a.WelcomePageHandlerMapping [WelcomePageHandlerMapping.java:60] Adding welcome page template: index
2026-02-17 17:50:10,741 INFO [restartedMain] o.a.c.h.Http11NioProtocol [DirectJDKLog.java:168] Starting ProtocolHandler ["http-nio-8080"]
2026-02-17 17:50:10,741 INFO [restartedMain] o.s.b.t.TomcatWebServer [TomcatWebServer.java:240] Tomcat started on port 8080 (http) with context path '/community'
2026-02-17 17:50:10,742 INFO [restartedMain] c.n.c.CommunityApplication [StartupInfoLogger.java:60] Started CommunityApplication in 0.12 seconds (process running for 441.678)
2026-02-17 17:50:10,742 INFO [restartedMain] o.s.b.d.a.ConditionEvaluationDeltaLoggingListener [ConditionEvaluationDeltaLoggingListener.java:66] Condition evaluation unchanged
2026-02-17 17:50:12,258 INFO [SpringApplicationShutdownHook] o.s.b.t.GracefulShutdown [GracefulShutdown.java:54] Commencing graceful shutdown. Waiting for active requests to complete
2026-02-17 17:50:13,267 INFO [tomcat-shutdown] o.s.b.t.GracefulShutdown [GracefulShutdown.java:76] Graceful shutdown complete
2026-02-17 17:51:41,957 INFO [restartedMain] c.n.c.CommunityApplication [StartupInfoLogger.java:54] Starting CommunityApplication using Java 22.0.2 with PID 95175 (/Users/shawncai/work/workspace/community/target/classes started by shawncai in /Users/shawncai/work/workspace/community)
2026-02-17 17:51:41,957 INFO [restartedMain] c.n.c.CommunityApplication [SpringApplication.java:652] No active profile set, falling back to 1 default profile: "default"
2026-02-17 17:51:41,971 INFO [restartedMain] o.s.b.d.e.DevToolsPropertyDefaultsPostProcessor [LogLevel.java:69] Devtools property defaults active! Set 'spring.devtools.add-properties' to 'false' to disable
2026-02-17 17:51:41,972 INFO [restartedMain] o.s.b.d.e.DevToolsPropertyDefaultsPostProcessor [LogLevel.java:69] For additional web related logging consider setting the 'logging.level.web' property to 'DEBUG'
2026-02-17 17:51:42,315 INFO [restartedMain] o.s.b.t.TomcatWebServer [TomcatWebServer.java:114] Tomcat initialized with port 8080 (http)
2026-02-17 17:51:42,319 INFO [restartedMain] o.a.c.h.Http11NioProtocol [DirectJDKLog.java:168] Initializing ProtocolHandler ["http-nio-8080"]
2026-02-17 17:51:42,319 INFO [restartedMain] o.a.c.c.StandardService [DirectJDKLog.java:168] Starting service [Tomcat]
2026-02-17 17:51:42,319 INFO [restartedMain] o.a.c.c.StandardEngine [DirectJDKLog.java:168] Starting Servlet engine: [Apache Tomcat/11.0.15]
2026-02-17 17:51:42,330 INFO [restartedMain] o.s.b.w.c.s.WebApplicationContextInitializer [WebApplicationContextInitializer.java:77] Root WebApplicationContext: initialization completed in 358 ms
2026-02-17 17:51:42,469 INFO [restartedMain] o.s.b.w.a.WelcomePageHandlerMapping [WelcomePageHandlerMapping.java:60] Adding welcome page template: index
2026-02-17 17:51:42,582 INFO [restartedMain] o.a.c.h.Http11NioProtocol [DirectJDKLog.java:168] Starting ProtocolHandler ["http-nio-8080"]
2026-02-17 17:51:42,590 INFO [restartedMain] o.s.b.t.TomcatWebServer [TomcatWebServer.java:240] Tomcat started on port 8080 (http) with context path '/community'
2026-02-17 17:51:42,593 INFO [restartedMain] c.n.c.CommunityApplication [StartupInfoLogger.java:60] Started CommunityApplication in 0.821 seconds (process running for 1.07)
2026-02-17 17:51:46,366 INFO [http-nio-8080-exec-1] o.a.c.c.C.[.[.[/community] [DirectJDKLog.java:168] Initializing Spring DispatcherServlet 'dispatcherServlet'
2026-02-17 17:51:46,366 INFO [http-nio-8080-exec-1] o.s.w.s.DispatcherServlet [FrameworkServlet.java:523] Initializing Servlet 'dispatcherServlet'
2026-02-17 17:51:46,368 INFO [http-nio-8080-exec-1] o.s.w.s.DispatcherServlet [FrameworkServlet.java:545] Completed initialization in 1 ms
2026-02-17 17:51:46,384 INFO [http-nio-8080-exec-1] c.z.h.HikariDataSource [HikariDataSource.java:109] HikariPool-1 - Starting...
2026-02-17 17:51:46,449 INFO [http-nio-8080-exec-1] c.z.h.p.HikariPool [HikariPool.java:580] HikariPool-1 - Added connection com.mysql.cj.jdbc.ConnectionImpl@1af387dd
2026-02-17 17:51:46,450 INFO [http-nio-8080-exec-1] c.z.h.HikariDataSource [HikariDataSource.java:122] HikariPool-1 - Start completed.
2026-02-17 17:51:57,694 INFO [http-nio-8080-exec-2] c.n.c.c.UserController [UserController.java:86] upload header: userId=158, headerUrl=http://localhost:8080/community/user/header/0aba475ea72f4523adb1c760ec1c3c7f.png
2026-02-17 17:51:57,698 INFO [http-nio-8080-exec-2] c.n.c.c.UserController [UserController.java:88] updateHeader rows=1
2026-02-17 17:52:36,036 INFO [SpringApplicationShutdownHook] o.s.b.t.GracefulShutdown [GracefulShutdown.java:54] Commencing graceful shutdown. Waiting for active requests to complete
2026-02-17 17:52:36,039 INFO [tomcat-shutdown] o.s.b.t.GracefulShutdown [GracefulShutdown.java:76] Graceful shutdown complete
2026-02-17 17:52:36,042 INFO [SpringApplicationShutdownHook] c.z.h.HikariDataSource [HikariDataSource.java:349] HikariPool-1 - Shutdown initiated...
2026-02-17 17:52:36,045 INFO [SpringApplicationShutdownHook] c.z.h.HikariDataSource [HikariDataSource.java:351] HikariPool-1 - Shutdown completed.
2026-02-17 17:52:37,506 INFO [restartedMain] c.n.c.CommunityApplication [StartupInfoLogger.java:54] Starting CommunityApplication using Java 22.0.2 with PID 95212 (/Users/shawncai/work/workspace/community/target/classes started by shawncai in /Users/shawncai/work/workspace/community)
2026-02-17 17:52:37,507 INFO [restartedMain] c.n.c.CommunityApplication [SpringApplication.java:652] No active profile set, falling back to 1 default profile: "default"
2026-02-17 17:52:37,522 INFO [restartedMain] o.s.b.d.e.DevToolsPropertyDefaultsPostProcessor [LogLevel.java:69] Devtools property defaults active! Set 'spring.devtools.add-properties' to 'false' to disable
2026-02-17 17:52:37,522 INFO [restartedMain] o.s.b.d.e.DevToolsPropertyDefaultsPostProcessor [LogLevel.java:69] For additional web related logging consider setting the 'logging.level.web' property to 'DEBUG'
2026-02-17 17:52:37,856 INFO [restartedMain] o.s.b.t.TomcatWebServer [TomcatWebServer.java:114] Tomcat initialized with port 8080 (http)
2026-02-17 17:52:37,859 INFO [restartedMain] o.a.c.h.Http11NioProtocol [DirectJDKLog.java:168] Initializing ProtocolHandler ["http-nio-8080"]
2026-02-17 17:52:37,860 INFO [restartedMain] o.a.c.c.StandardService [DirectJDKLog.java:168] Starting service [Tomcat]
2026-02-17 17:52:37,860 INFO [restartedMain] o.a.c.c.StandardEngine [DirectJDKLog.java:168] Starting Servlet engine: [Apache Tomcat/11.0.15]
2026-02-17 17:52:37,874 INFO [restartedMain] o.s.b.w.c.s.WebApplicationContextInitializer [WebApplicationContextInitializer.java:77] Root WebApplicationContext: initialization completed in 352 ms
2026-02-17 17:52:38,007 INFO [restartedMain] o.s.b.w.a.WelcomePageHandlerMapping [WelcomePageHandlerMapping.java:60] Adding welcome page template: index
2026-02-17 17:52:38,112 INFO [restartedMain] o.a.c.h.Http11NioProtocol [DirectJDKLog.java:168] Starting ProtocolHandler ["http-nio-8080"]
2026-02-17 17:52:38,120 INFO [restartedMain] o.s.b.t.TomcatWebServer [TomcatWebServer.java:240] Tomcat started on port 8080 (http) with context path '/community'
2026-02-17 17:52:38,122 INFO [restartedMain] c.n.c.CommunityApplication [StartupInfoLogger.java:60] Started CommunityApplication in 0.799 seconds (process running for 1.064)
2026-02-17 17:52:40,797 INFO [http-nio-8080-exec-1] o.a.c.c.C.[.[.[/community] [DirectJDKLog.java:168] Initializing Spring DispatcherServlet 'dispatcherServlet'
2026-02-17 17:52:40,798 INFO [http-nio-8080-exec-1] o.s.w.s.DispatcherServlet [FrameworkServlet.java:523] Initializing Servlet 'dispatcherServlet'
2026-02-17 17:52:40,799 INFO [http-nio-8080-exec-1] o.s.w.s.DispatcherServlet [FrameworkServlet.java:545] Completed initialization in 1 ms
2026-02-17 17:52:40,816 INFO [http-nio-8080-exec-1] c.z.h.HikariDataSource [HikariDataSource.java:109] HikariPool-1 - Starting...
2026-02-17 17:52:40,881 INFO [http-nio-8080-exec-1] c.z.h.p.HikariPool [HikariPool.java:580] HikariPool-1 - Added connection com.mysql.cj.jdbc.ConnectionImpl@553478c7
2026-02-17 17:52:40,881 INFO [http-nio-8080-exec-1] c.z.h.HikariDataSource [HikariDataSource.java:122] HikariPool-1 - Start completed.
2026-02-17 17:52:50,660 INFO [http-nio-8080-exec-7] c.n.c.c.UserController [UserController.java:86] upload header: userId=null, headerUrl=http://localhost:8080/community/user/header/b41c029a4706476a8b02cb595c2b99f6.png
2026-02-17 17:55:05,250 INFO [SpringApplicationShutdownHook] o.s.b.t.GracefulShutdown [GracefulShutdown.java:54] Commencing graceful shutdown. Waiting for active requests to complete
2026-02-17 17:55:06,260 INFO [tomcat-shutdown] o.s.b.t.GracefulShutdown [GracefulShutdown.java:76] Graceful shutdown complete
2026-02-17 17:55:06,269 INFO [SpringApplicationShutdownHook] c.z.h.HikariDataSource [HikariDataSource.java:349] HikariPool-1 - Shutdown initiated...
2026-02-17 17:55:06,275 INFO [SpringApplicationShutdownHook] c.z.h.HikariDataSource [HikariDataSource.java:351] HikariPool-1 - Shutdown completed.
2026-02-17 20:34:30,185 INFO [restartedMain] c.n.c.CommunityApplication [StartupInfoLogger.java:54] Starting CommunityApplication using Java 22.0.2 with PID 97061 (/Users/shawncai/work/workspace/community/target/classes started by shawncai in /Users/shawncai/work/workspace/community)
2026-02-17 20:34:30,187 INFO [restartedMain] c.n.c.CommunityApplication [SpringApplication.java:652] No active profile set, falling back to 1 default profile: "default"
2026-02-17 20:34:30,203 INFO [restartedMain] o.s.b.d.e.DevToolsPropertyDefaultsPostProcessor [LogLevel.java:69] Devtools property defaults active! Set 'spring.devtools.add-properties' to 'false' to disable
2026-02-17 20:34:30,203 INFO [restartedMain] o.s.b.d.e.DevToolsPropertyDefaultsPostProcessor [LogLevel.java:69] For additional web related logging consider setting the 'logging.level.web' property to 'DEBUG'
2026-02-17 20:34:30,577 INFO [restartedMain] o.s.b.t.TomcatWebServer [TomcatWebServer.java:114] Tomcat initialized with port 8080 (http)
2026-02-17 20:34:30,581 INFO [restartedMain] o.a.c.h.Http11NioProtocol [DirectJDKLog.java:168] Initializing ProtocolHandler ["http-nio-8080"]
2026-02-17 20:34:30,582 INFO [restartedMain] o.a.c.c.StandardService [DirectJDKLog.java:168] Starting service [Tomcat]
2026-02-17 20:34:30,582 INFO [restartedMain] o.a.c.c.StandardEngine [DirectJDKLog.java:168] Starting Servlet engine: [Apache Tomcat/11.0.15]
2026-02-17 20:34:30,594 INFO [restartedMain] o.s.b.w.c.s.WebApplicationContextInitializer [WebApplicationContextInitializer.java:77] Root WebApplicationContext: initialization completed in 391 ms
2026-02-17 20:34:30,748 INFO [restartedMain] o.s.b.w.a.WelcomePageHandlerMapping [WelcomePageHandlerMapping.java:60] Adding welcome page template: index
2026-02-17 20:34:30,877 INFO [restartedMain] o.a.c.h.Http11NioProtocol [DirectJDKLog.java:168] Starting ProtocolHandler ["http-nio-8080"]
2026-02-17 20:34:30,884 INFO [restartedMain] o.s.b.t.TomcatWebServer [TomcatWebServer.java:240] Tomcat started on port 8080 (http) with context path '/community'
2026-02-17 20:34:30,887 INFO [restartedMain] c.n.c.CommunityApplication [StartupInfoLogger.java:60] Started CommunityApplication in 0.915 seconds (process running for 1.215)
2026-02-17 20:34:32,426 INFO [SpringApplicationShutdownHook] o.s.b.t.GracefulShutdown [GracefulShutdown.java:54] Commencing graceful shutdown. Waiting for active requests to complete
2026-02-17 20:34:32,430 INFO [tomcat-shutdown] o.s.b.t.GracefulShutdown [GracefulShutdown.java:76] Graceful shutdown complete
