2026-02-15 00:03:34,951 INFO [restartedMain] c.n.c.CommunityApplication [StartupInfoLogger.java:54] Starting CommunityApplication using Java 22.0.2 with PID 22943 (/Users/shawncai/work/workspace/community/target/classes started by shawncai in /Users/shawncai/work/workspace/community)
2026-02-15 00:03:34,955 INFO [restartedMain] c.n.c.CommunityApplication [SpringApplication.java:652] No active profile set, falling back to 1 default profile: "default"
2026-02-15 00:03:34,972 INFO [restartedMain] o.s.b.d.e.DevToolsPropertyDefaultsPostProcessor [LogLevel.java:69] Devtools property defaults active! Set 'spring.devtools.add-properties' to 'false' to disable
2026-02-15 00:03:34,973 INFO [restartedMain] o.s.b.d.e.DevToolsPropertyDefaultsPostProcessor [LogLevel.java:69] For additional web related logging consider setting the 'logging.level.web' property to 'DEBUG'
2026-02-15 00:03:35,340 INFO [restartedMain] o.s.b.t.TomcatWebServer [TomcatWebServer.java:114] Tomcat initialized with port 8080 (http)
2026-02-15 00:03:35,344 INFO [restartedMain] o.a.c.h.Http11NioProtocol [DirectJDKLog.java:168] Initializing ProtocolHandler ["http-nio-8080"]
2026-02-15 00:03:35,344 INFO [restartedMain] o.a.c.c.StandardService [DirectJDKLog.java:168] Starting service [Tomcat]
2026-02-15 00:03:35,345 INFO [restartedMain] o.a.c.c.StandardEngine [DirectJDKLog.java:168] Starting Servlet engine: [Apache Tomcat/11.0.15]
2026-02-15 00:03:35,356 INFO [restartedMain] o.s.b.w.c.s.WebApplicationContextInitializer [WebApplicationContextInitializer.java:77] Root WebApplicationContext: initialization completed in 383 ms
2026-02-15 00:03:35,498 INFO [restartedMain] o.s.b.w.a.WelcomePageHandlerMapping [WelcomePageHandlerMapping.java:60] Adding welcome page template: index
2026-02-15 00:03:35,610 INFO [restartedMain] o.a.c.h.Http11NioProtocol [DirectJDKLog.java:168] Starting ProtocolHandler ["http-nio-8080"]
2026-02-15 00:03:35,618 INFO [restartedMain] o.s.b.t.TomcatWebServer [TomcatWebServer.java:240] Tomcat started on port 8080 (http) with context path '/community'
2026-02-15 00:03:35,621 INFO [restartedMain] c.n.c.CommunityApplication [StartupInfoLogger.java:60] Started CommunityApplication in 0.891 seconds (process running for 1.193)
2026-02-15 00:03:39,660 INFO [http-nio-8080-exec-1] o.a.c.c.C.[.[.[/community] [DirectJDKLog.java:168] Initializing Spring DispatcherServlet 'dispatcherServlet'
2026-02-15 00:03:39,660 INFO [http-nio-8080-exec-1] o.s.w.s.DispatcherServlet [FrameworkServlet.java:523] Initializing Servlet 'dispatcherServlet'
2026-02-15 00:03:39,661 INFO [http-nio-8080-exec-1] o.s.w.s.DispatcherServlet [FrameworkServlet.java:545] Completed initialization in 1 ms
2026-02-15 00:03:51,384 INFO [http-nio-8080-exec-6] c.z.h.HikariDataSource [HikariDataSource.java:109] HikariPool-1 - Starting...
2026-02-15 00:03:51,487 INFO [http-nio-8080-exec-6] c.z.h.p.HikariPool [HikariPool.java:580] HikariPool-1 - Added connection com.mysql.cj.jdbc.ConnectionImpl@9867a6e
2026-02-15 00:03:51,488 INFO [http-nio-8080-exec-6] c.z.h.HikariDataSource [HikariDataSource.java:122] HikariPool-1 - Start completed.
2026-02-15 00:07:55,644 INFO [SpringApplicationShutdownHook] o.s.b.t.GracefulShutdown [GracefulShutdown.java:54] Commencing graceful shutdown. Waiting for active requests to complete
2026-02-15 00:07:55,646 INFO [tomcat-shutdown] o.s.b.t.GracefulShutdown [GracefulShutdown.java:76] Graceful shutdown complete
2026-02-15 00:07:55,650 INFO [SpringApplicationShutdownHook] c.z.h.HikariDataSource [HikariDataSource.java:349] HikariPool-1 - Shutdown initiated...
2026-02-15 00:07:55,653 INFO [SpringApplicationShutdownHook] c.z.h.HikariDataSource [HikariDataSource.java:351] HikariPool-1 - Shutdown completed.
2026-02-15 00:07:57,188 INFO [restartedMain] c.n.c.CommunityApplication [StartupInfoLogger.java:54] Starting CommunityApplication using Java 22.0.2 with PID 23009 (/Users/shawncai/work/workspace/community/target/classes started by shawncai in /Users/shawncai/work/workspace/community)
2026-02-15 00:07:57,189 INFO [restartedMain] c.n.c.CommunityApplication [SpringApplication.java:652] No active profile set, falling back to 1 default profile: "default"
2026-02-15 00:07:57,204 INFO [restartedMain] o.s.b.d.e.DevToolsPropertyDefaultsPostProcessor [LogLevel.java:69] Devtools property defaults active! Set 'spring.devtools.add-properties' to 'false' to disable
2026-02-15 00:07:57,205 INFO [restartedMain] o.s.b.d.e.DevToolsPropertyDefaultsPostProcessor [LogLevel.java:69] For additional web related logging consider setting the 'logging.level.web' property to 'DEBUG'
2026-02-15 00:07:57,535 INFO [restartedMain] o.s.b.t.TomcatWebServer [TomcatWebServer.java:114] Tomcat initialized with port 8080 (http)
2026-02-15 00:07:57,539 INFO [restartedMain] o.a.c.h.Http11NioProtocol [DirectJDKLog.java:168] Initializing ProtocolHandler ["http-nio-8080"]
2026-02-15 00:07:57,540 INFO [restartedMain] o.a.c.c.StandardService [DirectJDKLog.java:168] Starting service [Tomcat]
2026-02-15 00:07:57,540 INFO [restartedMain] o.a.c.c.StandardEngine [DirectJDKLog.java:168] Starting Servlet engine: [Apache Tomcat/11.0.15]
2026-02-15 00:07:57,551 INFO [restartedMain] o.s.b.w.c.s.WebApplicationContextInitializer [WebApplicationContextInitializer.java:77] Root WebApplicationContext: initialization completed in 346 ms
2026-02-15 00:07:57,691 INFO [restartedMain] o.s.b.w.a.WelcomePageHandlerMapping [WelcomePageHandlerMapping.java:60] Adding welcome page template: index
2026-02-15 00:07:57,802 INFO [restartedMain] o.a.c.h.Http11NioProtocol [DirectJDKLog.java:168] Starting ProtocolHandler ["http-nio-8080"]
2026-02-15 00:07:57,810 INFO [restartedMain] o.s.b.t.TomcatWebServer [TomcatWebServer.java:240] Tomcat started on port 8080 (http) with context path '/community'
2026-02-15 00:07:57,813 INFO [restartedMain] c.n.c.CommunityApplication [StartupInfoLogger.java:60] Started CommunityApplication in 0.828 seconds (process running for 1.101)
2026-02-15 00:08:03,496 INFO [http-nio-8080-exec-1] o.a.c.c.C.[.[.[/community] [DirectJDKLog.java:168] Initializing Spring DispatcherServlet 'dispatcherServlet'
2026-02-15 00:08:03,496 INFO [http-nio-8080-exec-1] o.s.w.s.DispatcherServlet [FrameworkServlet.java:523] Initializing Servlet 'dispatcherServlet'
2026-02-15 00:08:03,497 INFO [http-nio-8080-exec-1] o.s.w.s.DispatcherServlet [FrameworkServlet.java:545] Completed initialization in 1 ms
2026-02-15 00:08:03,523 INFO [http-nio-8080-exec-1] c.z.h.HikariDataSource [HikariDataSource.java:109] HikariPool-1 - Starting...
2026-02-15 00:08:03,583 INFO [http-nio-8080-exec-1] c.z.h.p.HikariPool [HikariPool.java:580] HikariPool-1 - Added connection com.mysql.cj.jdbc.ConnectionImpl@60ceac2
2026-02-15 00:08:03,584 INFO [http-nio-8080-exec-1] c.z.h.HikariDataSource [HikariDataSource.java:122] HikariPool-1 - Start completed.
2026-02-15 00:11:26,552 INFO [SpringApplicationShutdownHook] o.s.b.t.GracefulShutdown [GracefulShutdown.java:54] Commencing graceful shutdown. Waiting for active requests to complete
2026-02-15 00:11:26,555 INFO [tomcat-shutdown] o.s.b.t.GracefulShutdown [GracefulShutdown.java:76] Graceful shutdown complete
2026-02-15 00:11:26,558 INFO [SpringApplicationShutdownHook] c.z.h.HikariDataSource [HikariDataSource.java:349] HikariPool-1 - Shutdown initiated...
2026-02-15 00:11:26,560 INFO [SpringApplicationShutdownHook] c.z.h.HikariDataSource [HikariDataSource.java:351] HikariPool-1 - Shutdown completed.
2026-02-15 00:11:27,724 INFO [restartedMain] c.n.c.CommunityApplication [StartupInfoLogger.java:54] Starting CommunityApplication using Java 22.0.2 with PID 23062 (/Users/shawncai/work/workspace/community/target/classes started by shawncai in /Users/shawncai/work/workspace/community)
2026-02-15 00:11:27,725 INFO [restartedMain] c.n.c.CommunityApplication [SpringApplication.java:652] No active profile set, falling back to 1 default profile: "default"
2026-02-15 00:11:27,741 INFO [restartedMain] o.s.b.d.e.DevToolsPropertyDefaultsPostProcessor [LogLevel.java:69] Devtools property defaults active! Set 'spring.devtools.add-properties' to 'false' to disable
2026-02-15 00:11:27,741 INFO [restartedMain] o.s.b.d.e.DevToolsPropertyDefaultsPostProcessor [LogLevel.java:69] For additional web related logging consider setting the 'logging.level.web' property to 'DEBUG'
2026-02-15 00:11:28,087 INFO [restartedMain] o.s.b.t.TomcatWebServer [TomcatWebServer.java:114] Tomcat initialized with port 8080 (http)
2026-02-15 00:11:28,090 INFO [restartedMain] o.a.c.h.Http11NioProtocol [DirectJDKLog.java:168] Initializing ProtocolHandler ["http-nio-8080"]
2026-02-15 00:11:28,091 INFO [restartedMain] o.a.c.c.StandardService [DirectJDKLog.java:168] Starting service [Tomcat]
2026-02-15 00:11:28,091 INFO [restartedMain] o.a.c.c.StandardEngine [DirectJDKLog.java:168] Starting Servlet engine: [Apache Tomcat/11.0.15]
2026-02-15 00:11:28,102 INFO [restartedMain] o.s.b.w.c.s.WebApplicationContextInitializer [WebApplicationContextInitializer.java:77] Root WebApplicationContext: initialization completed in 361 ms
2026-02-15 00:11:28,229 INFO [restartedMain] o.s.b.w.a.WelcomePageHandlerMapping [WelcomePageHandlerMapping.java:60] Adding welcome page template: index
2026-02-15 00:11:28,334 INFO [restartedMain] o.a.c.h.Http11NioProtocol [DirectJDKLog.java:168] Starting ProtocolHandler ["http-nio-8080"]
2026-02-15 00:11:28,341 INFO [restartedMain] o.s.b.t.TomcatWebServer [TomcatWebServer.java:240] Tomcat started on port 8080 (http) with context path '/community'
2026-02-15 00:11:28,344 INFO [restartedMain] c.n.c.CommunityApplication [StartupInfoLogger.java:60] Started CommunityApplication in 0.861 seconds (process running for 1.149)
2026-02-15 00:11:33,215 INFO [http-nio-8080-exec-1] o.a.c.c.C.[.[.[/community] [DirectJDKLog.java:168] Initializing Spring DispatcherServlet 'dispatcherServlet'
2026-02-15 00:11:33,215 INFO [http-nio-8080-exec-1] o.s.w.s.DispatcherServlet [FrameworkServlet.java:523] Initializing Servlet 'dispatcherServlet'
2026-02-15 00:11:33,217 INFO [http-nio-8080-exec-1] o.s.w.s.DispatcherServlet [FrameworkServlet.java:545] Completed initialization in 2 ms
2026-02-15 00:11:33,253 INFO [http-nio-8080-exec-1] c.z.h.HikariDataSource [HikariDataSource.java:109] HikariPool-1 - Starting...
2026-02-15 00:11:33,327 INFO [http-nio-8080-exec-1] c.z.h.p.HikariPool [HikariPool.java:580] HikariPool-1 - Added connection com.mysql.cj.jdbc.ConnectionImpl@59b48bd
2026-02-15 00:11:33,328 INFO [http-nio-8080-exec-1] c.z.h.HikariDataSource [HikariDataSource.java:122] HikariPool-1 - Start completed.
2026-02-15 00:14:51,177 INFO [SpringApplicationShutdownHook] o.s.b.t.GracefulShutdown [GracefulShutdown.java:54] Commencing graceful shutdown. Waiting for active requests to complete
2026-02-15 00:14:51,180 INFO [tomcat-shutdown] o.s.b.t.GracefulShutdown [GracefulShutdown.java:76] Graceful shutdown complete
2026-02-15 00:14:51,183 INFO [SpringApplicationShutdownHook] c.z.h.HikariDataSource [HikariDataSource.java:349] HikariPool-1 - Shutdown initiated...
2026-02-15 00:14:51,186 INFO [SpringApplicationShutdownHook] c.z.h.HikariDataSource [HikariDataSource.java:351] HikariPool-1 - Shutdown completed.
2026-02-15 00:14:52,239 INFO [restartedMain] c.n.c.CommunityApplication [StartupInfoLogger.java:54] Starting CommunityApplication using Java 22.0.2 with PID 23113 (/Users/shawncai/work/workspace/community/target/classes started by shawncai in /Users/shawncai/work/workspace/community)
2026-02-15 00:14:52,240 INFO [restartedMain] c.n.c.CommunityApplication [SpringApplication.java:652] No active profile set, falling back to 1 default profile: "default"
2026-02-15 00:14:52,256 INFO [restartedMain] o.s.b.d.e.DevToolsPropertyDefaultsPostProcessor [LogLevel.java:69] Devtools property defaults active! Set 'spring.devtools.add-properties' to 'false' to disable
2026-02-15 00:14:52,256 INFO [restartedMain] o.s.b.d.e.DevToolsPropertyDefaultsPostProcessor [LogLevel.java:69] For additional web related logging consider setting the 'logging.level.web' property to 'DEBUG'
2026-02-15 00:14:52,596 INFO [restartedMain] o.s.b.t.TomcatWebServer [TomcatWebServer.java:114] Tomcat initialized with port 8080 (http)
2026-02-15 00:14:52,600 INFO [restartedMain] o.a.c.h.Http11NioProtocol [DirectJDKLog.java:168] Initializing ProtocolHandler ["http-nio-8080"]
2026-02-15 00:14:52,600 INFO [restartedMain] o.a.c.c.StandardService [DirectJDKLog.java:168] Starting service [Tomcat]
2026-02-15 00:14:52,600 INFO [restartedMain] o.a.c.c.StandardEngine [DirectJDKLog.java:168] Starting Servlet engine: [Apache Tomcat/11.0.15]
2026-02-15 00:14:52,611 INFO [restartedMain] o.s.b.w.c.s.WebApplicationContextInitializer [WebApplicationContextInitializer.java:77] Root WebApplicationContext: initialization completed in 355 ms
2026-02-15 00:14:52,739 INFO [restartedMain] o.s.b.w.a.WelcomePageHandlerMapping [WelcomePageHandlerMapping.java:60] Adding welcome page template: index
2026-02-15 00:14:52,845 INFO [restartedMain] o.a.c.h.Http11NioProtocol [DirectJDKLog.java:168] Starting ProtocolHandler ["http-nio-8080"]
2026-02-15 00:14:52,853 INFO [restartedMain] o.s.b.t.TomcatWebServer [TomcatWebServer.java:240] Tomcat started on port 8080 (http) with context path '/community'
2026-02-15 00:14:52,856 INFO [restartedMain] c.n.c.CommunityApplication [StartupInfoLogger.java:60] Started CommunityApplication in 0.834 seconds (process running for 1.124)
2026-02-15 00:14:56,203 INFO [http-nio-8080-exec-1] o.a.c.c.C.[.[.[/community] [DirectJDKLog.java:168] Initializing Spring DispatcherServlet 'dispatcherServlet'
2026-02-15 00:14:56,203 INFO [http-nio-8080-exec-1] o.s.w.s.DispatcherServlet [FrameworkServlet.java:523] Initializing Servlet 'dispatcherServlet'
2026-02-15 00:14:56,204 INFO [http-nio-8080-exec-1] o.s.w.s.DispatcherServlet [FrameworkServlet.java:545] Completed initialization in 0 ms
2026-02-15 00:14:56,233 INFO [http-nio-8080-exec-1] c.z.h.HikariDataSource [HikariDataSource.java:109] HikariPool-1 - Starting...
2026-02-15 00:14:56,297 INFO [http-nio-8080-exec-1] c.z.h.p.HikariPool [HikariPool.java:580] HikariPool-1 - Added connection com.mysql.cj.jdbc.ConnectionImpl@74363e37
2026-02-15 00:14:56,297 INFO [http-nio-8080-exec-1] c.z.h.HikariDataSource [HikariDataSource.java:122] HikariPool-1 - Start completed.
2026-02-15 00:20:45,454 INFO [File Watcher] o.s.b.d.a.LocalDevToolsAutoConfiguration$RestartingClassPathChangeChangedEventListener [LocalDevToolsAutoConfiguration.java:214] Restarting due to 1 class path change (0 additions, 0 deletions, 1 modification)
2026-02-15 00:20:45,462 INFO [Thread-1] o.s.b.t.GracefulShutdown [GracefulShutdown.java:54] Commencing graceful shutdown. Waiting for active requests to complete
2026-02-15 00:20:45,464 INFO [tomcat-shutdown] o.a.c.h.Http11NioProtocol [DirectJDKLog.java:168] Pausing ProtocolHandler ["http-nio-8080"]
2026-02-15 00:20:45,467 INFO [tomcat-shutdown] o.s.b.t.GracefulShutdown [GracefulShutdown.java:76] Graceful shutdown complete
2026-02-15 00:20:45,467 INFO [Thread-1] o.a.c.h.Http11NioProtocol [DirectJDKLog.java:168] Stopping ProtocolHandler ["http-nio-8080"]
2026-02-15 00:20:45,471 INFO [Thread-1] c.z.h.HikariDataSource [HikariDataSource.java:349] HikariPool-1 - Shutdown initiated...
2026-02-15 00:20:45,475 INFO [Thread-1] c.z.h.HikariDataSource [HikariDataSource.java:351] HikariPool-1 - Shutdown completed.
2026-02-15 00:20:45,524 INFO [restartedMain] c.n.c.CommunityApplication [StartupInfoLogger.java:54] Starting CommunityApplication using Java 22.0.2 with PID 23113 (/Users/shawncai/work/workspace/community/target/classes started by shawncai in /Users/shawncai/work/workspace/community)
2026-02-15 00:20:45,524 INFO [restartedMain] c.n.c.CommunityApplication [SpringApplication.java:652] No active profile set, falling back to 1 default profile: "default"
2026-02-15 00:20:45,610 INFO [restartedMain] o.s.b.t.TomcatWebServer [TomcatWebServer.java:114] Tomcat initialized with port 8080 (http)
2026-02-15 00:20:45,611 INFO [restartedMain] o.a.c.h.Http11NioProtocol [DirectJDKLog.java:168] Initializing ProtocolHandler ["http-nio-8080"]
2026-02-15 00:20:45,611 INFO [restartedMain] o.a.c.c.StandardService [DirectJDKLog.java:168] Starting service [Tomcat]
2026-02-15 00:20:45,611 INFO [restartedMain] o.a.c.c.StandardEngine [DirectJDKLog.java:168] Starting Servlet engine: [Apache Tomcat/11.0.15]
2026-02-15 00:20:45,615 INFO [restartedMain] o.s.b.w.c.s.WebApplicationContextInitializer [WebApplicationContextInitializer.java:77] Root WebApplicationContext: initialization completed in 90 ms
2026-02-15 00:20:45,660 INFO [restartedMain] o.s.b.w.a.WelcomePageHandlerMapping [WelcomePageHandlerMapping.java:60] Adding welcome page template: index
2026-02-15 00:20:45,702 INFO [restartedMain] o.a.c.h.Http11NioProtocol [DirectJDKLog.java:168] Starting ProtocolHandler ["http-nio-8080"]
2026-02-15 00:20:45,703 INFO [restartedMain] o.s.b.t.TomcatWebServer [TomcatWebServer.java:240] Tomcat started on port 8080 (http) with context path '/community'
2026-02-15 00:20:45,704 INFO [restartedMain] c.n.c.CommunityApplication [StartupInfoLogger.java:60] Started CommunityApplication in 0.197 seconds (process running for 353.967)
2026-02-15 00:20:45,705 INFO [restartedMain] o.s.b.d.a.ConditionEvaluationDeltaLoggingListener [ConditionEvaluationDeltaLoggingListener.java:66] Condition evaluation unchanged
2026-02-15 00:21:40,184 INFO [File Watcher] o.s.b.d.a.LocalDevToolsAutoConfiguration$RestartingClassPathChangeChangedEventListener [LocalDevToolsAutoConfiguration.java:214] Restarting due to 1 class path change (0 additions, 0 deletions, 1 modification)
2026-02-15 00:21:40,187 INFO [Thread-5] o.s.b.t.GracefulShutdown [GracefulShutdown.java:54] Commencing graceful shutdown. Waiting for active requests to complete
2026-02-15 00:21:40,188 INFO [tomcat-shutdown] o.a.c.h.Http11NioProtocol [DirectJDKLog.java:168] Pausing ProtocolHandler ["http-nio-8080"]
2026-02-15 00:21:40,192 INFO [tomcat-shutdown] o.s.b.t.GracefulShutdown [GracefulShutdown.java:76] Graceful shutdown complete
2026-02-15 00:21:40,193 INFO [Thread-5] o.a.c.h.Http11NioProtocol [DirectJDKLog.java:168] Stopping ProtocolHandler ["http-nio-8080"]
2026-02-15 00:21:40,248 INFO [restartedMain] c.n.c.CommunityApplication [StartupInfoLogger.java:54] Starting CommunityApplication using Java 22.0.2 with PID 23113 (/Users/shawncai/work/workspace/community/target/classes started by shawncai in /Users/shawncai/work/workspace/community)
2026-02-15 00:21:40,248 INFO [restartedMain] c.n.c.CommunityApplication [SpringApplication.java:652] No active profile set, falling back to 1 default profile: "default"
2026-02-15 00:21:40,308 INFO [restartedMain] o.s.b.t.TomcatWebServer [TomcatWebServer.java:114] Tomcat initialized with port 8080 (http)
2026-02-15 00:21:40,309 INFO [restartedMain] o.a.c.h.Http11NioProtocol [DirectJDKLog.java:168] Initializing ProtocolHandler ["http-nio-8080"]
2026-02-15 00:21:40,309 INFO [restartedMain] o.a.c.c.StandardService [DirectJDKLog.java:168] Starting service [Tomcat]
2026-02-15 00:21:40,309 INFO [restartedMain] o.a.c.c.StandardEngine [DirectJDKLog.java:168] Starting Servlet engine: [Apache Tomcat/11.0.15]
2026-02-15 00:21:40,312 INFO [restartedMain] o.s.b.w.c.s.WebApplicationContextInitializer [WebApplicationContextInitializer.java:77] Root WebApplicationContext: initialization completed in 63 ms
2026-02-15 00:21:40,339 INFO [restartedMain] o.s.b.w.a.WelcomePageHandlerMapping [WelcomePageHandlerMapping.java:60] Adding welcome page template: index
2026-02-15 00:21:40,366 INFO [restartedMain] o.a.c.h.Http11NioProtocol [DirectJDKLog.java:168] Starting ProtocolHandler ["http-nio-8080"]
2026-02-15 00:21:40,367 INFO [restartedMain] o.s.b.t.TomcatWebServer [TomcatWebServer.java:240] Tomcat started on port 8080 (http) with context path '/community'
2026-02-15 00:21:40,368 INFO [restartedMain] c.n.c.CommunityApplication [StartupInfoLogger.java:60] Started CommunityApplication in 0.133 seconds (process running for 408.63)
2026-02-15 00:21:40,368 INFO [restartedMain] o.s.b.d.a.ConditionEvaluationDeltaLoggingListener [ConditionEvaluationDeltaLoggingListener.java:66] Condition evaluation unchanged
2026-02-15 00:21:51,901 INFO [File Watcher] o.s.b.d.a.LocalDevToolsAutoConfiguration$RestartingClassPathChangeChangedEventListener [LocalDevToolsAutoConfiguration.java:214] Restarting due to 1 class path change (0 additions, 0 deletions, 1 modification)
2026-02-15 00:21:51,903 INFO [Thread-9] o.s.b.t.GracefulShutdown [GracefulShutdown.java:54] Commencing graceful shutdown. Waiting for active requests to complete
2026-02-15 00:21:51,903 INFO [tomcat-shutdown] o.a.c.h.Http11NioProtocol [DirectJDKLog.java:168] Pausing ProtocolHandler ["http-nio-8080"]
2026-02-15 00:21:51,907 INFO [tomcat-shutdown] o.s.b.t.GracefulShutdown [GracefulShutdown.java:76] Graceful shutdown complete
2026-02-15 00:21:51,908 INFO [Thread-9] o.a.c.h.Http11NioProtocol [DirectJDKLog.java:168] Stopping ProtocolHandler ["http-nio-8080"]
2026-02-15 00:21:51,952 INFO [restartedMain] c.n.c.CommunityApplication [StartupInfoLogger.java:54] Starting CommunityApplication using Java 22.0.2 with PID 23113 (/Users/shawncai/work/workspace/community/target/classes started by shawncai in /Users/shawncai/work/workspace/community)
2026-02-15 00:21:51,952 INFO [restartedMain] c.n.c.CommunityApplication [SpringApplication.java:652] No active profile set, falling back to 1 default profile: "default"
2026-02-15 00:21:52,012 INFO [restartedMain] o.s.b.t.TomcatWebServer [TomcatWebServer.java:114] Tomcat initialized with port 8080 (http)
2026-02-15 00:21:52,013 INFO [restartedMain] o.a.c.h.Http11NioProtocol [DirectJDKLog.java:168] Initializing ProtocolHandler ["http-nio-8080"]
2026-02-15 00:21:52,013 INFO [restartedMain] o.a.c.c.StandardService [DirectJDKLog.java:168] Starting service [Tomcat]
2026-02-15 00:21:52,013 INFO [restartedMain] o.a.c.c.StandardEngine [DirectJDKLog.java:168] Starting Servlet engine: [Apache Tomcat/11.0.15]
2026-02-15 00:21:52,016 INFO [restartedMain] o.s.b.w.c.s.WebApplicationContextInitializer [WebApplicationContextInitializer.java:77] Root WebApplicationContext: initialization completed in 63 ms
2026-02-15 00:21:52,047 INFO [restartedMain] o.s.b.w.a.WelcomePageHandlerMapping [WelcomePageHandlerMapping.java:60] Adding welcome page template: index
2026-02-15 00:21:52,074 INFO [restartedMain] o.a.c.h.Http11NioProtocol [DirectJDKLog.java:168] Starting ProtocolHandler ["http-nio-8080"]
2026-02-15 00:21:52,074 INFO [restartedMain] o.s.b.t.TomcatWebServer [TomcatWebServer.java:240] Tomcat started on port 8080 (http) with context path '/community'
2026-02-15 00:21:52,075 INFO [restartedMain] c.n.c.CommunityApplication [StartupInfoLogger.java:60] Started CommunityApplication in 0.136 seconds (process running for 420.337)
2026-02-15 00:21:52,075 INFO [restartedMain] o.s.b.d.a.ConditionEvaluationDeltaLoggingListener [ConditionEvaluationDeltaLoggingListener.java:66] Condition evaluation unchanged
2026-02-15 00:22:24,895 INFO [File Watcher] o.s.b.d.a.LocalDevToolsAutoConfiguration$RestartingClassPathChangeChangedEventListener [LocalDevToolsAutoConfiguration.java:214] Restarting due to 1 class path change (0 additions, 0 deletions, 1 modification)
2026-02-15 00:22:24,897 INFO [Thread-13] o.s.b.t.GracefulShutdown [GracefulShutdown.java:54] Commencing graceful shutdown. Waiting for active requests to complete
2026-02-15 00:22:24,897 INFO [tomcat-shutdown] o.a.c.h.Http11NioProtocol [DirectJDKLog.java:168] Pausing ProtocolHandler ["http-nio-8080"]
2026-02-15 00:22:24,901 INFO [tomcat-shutdown] o.s.b.t.GracefulShutdown [GracefulShutdown.java:76] Graceful shutdown complete
2026-02-15 00:22:24,902 INFO [Thread-13] o.a.c.h.Http11NioProtocol [DirectJDKLog.java:168] Stopping ProtocolHandler ["http-nio-8080"]
2026-02-15 00:22:24,950 INFO [restartedMain] c.n.c.CommunityApplication [StartupInfoLogger.java:54] Starting CommunityApplication using Java 22.0.2 with PID 23113 (/Users/shawncai/work/workspace/community/target/classes started by shawncai in /Users/shawncai/work/workspace/community)
2026-02-15 00:22:24,950 INFO [restartedMain] c.n.c.CommunityApplication [SpringApplication.java:652] No active profile set, falling back to 1 default profile: "default"
2026-02-15 00:22:25,008 INFO [restartedMain] o.s.b.t.TomcatWebServer [TomcatWebServer.java:114] Tomcat initialized with port 8080 (http)
2026-02-15 00:22:25,008 INFO [restartedMain] o.a.c.h.Http11NioProtocol [DirectJDKLog.java:168] Initializing ProtocolHandler ["http-nio-8080"]
2026-02-15 00:22:25,008 INFO [restartedMain] o.a.c.c.StandardService [DirectJDKLog.java:168] Starting service [Tomcat]
2026-02-15 00:22:25,008 INFO [restartedMain] o.a.c.c.StandardEngine [DirectJDKLog.java:168] Starting Servlet engine: [Apache Tomcat/11.0.15]
2026-02-15 00:22:25,011 INFO [restartedMain] o.s.b.w.c.s.WebApplicationContextInitializer [WebApplicationContextInitializer.java:77] Root WebApplicationContext: initialization completed in 60 ms
2026-02-15 00:22:25,038 INFO [restartedMain] o.s.b.w.a.WelcomePageHandlerMapping [WelcomePageHandlerMapping.java:60] Adding welcome page template: index
2026-02-15 00:22:25,064 INFO [restartedMain] o.a.c.h.Http11NioProtocol [DirectJDKLog.java:168] Starting ProtocolHandler ["http-nio-8080"]
2026-02-15 00:22:25,064 INFO [restartedMain] o.s.b.t.TomcatWebServer [TomcatWebServer.java:240] Tomcat started on port 8080 (http) with context path '/community'
2026-02-15 00:22:25,065 INFO [restartedMain] c.n.c.CommunityApplication [StartupInfoLogger.java:60] Started CommunityApplication in 0.128 seconds (process running for 453.327)
2026-02-15 00:22:25,066 INFO [restartedMain] o.s.b.d.a.ConditionEvaluationDeltaLoggingListener [ConditionEvaluationDeltaLoggingListener.java:66] Condition evaluation unchanged
2026-02-15 00:23:13,461 INFO [SpringApplicationShutdownHook] o.s.b.t.GracefulShutdown [GracefulShutdown.java:54] Commencing graceful shutdown. Waiting for active requests to complete
2026-02-15 00:23:13,464 INFO [tomcat-shutdown] o.s.b.t.GracefulShutdown [GracefulShutdown.java:76] Graceful shutdown complete
2026-02-15 00:23:14,549 INFO [restartedMain] c.n.c.CommunityApplication [StartupInfoLogger.java:54] Starting CommunityApplication using Java 22.0.2 with PID 23296 (/Users/shawncai/work/workspace/community/target/classes started by shawncai in /Users/shawncai/work/workspace/community)
2026-02-15 00:23:14,550 INFO [restartedMain] c.n.c.CommunityApplication [SpringApplication.java:652] No active profile set, falling back to 1 default profile: "default"
2026-02-15 00:23:14,565 INFO [restartedMain] o.s.b.d.e.DevToolsPropertyDefaultsPostProcessor [LogLevel.java:69] Devtools property defaults active! Set 'spring.devtools.add-properties' to 'false' to disable
2026-02-15 00:23:14,565 INFO [restartedMain] o.s.b.d.e.DevToolsPropertyDefaultsPostProcessor [LogLevel.java:69] For additional web related logging consider setting the 'logging.level.web' property to 'DEBUG'
2026-02-15 00:23:14,912 INFO [restartedMain] o.s.b.t.TomcatWebServer [TomcatWebServer.java:114] Tomcat initialized with port 8080 (http)
2026-02-15 00:23:14,916 INFO [restartedMain] o.a.c.h.Http11NioProtocol [DirectJDKLog.java:168] Initializing ProtocolHandler ["http-nio-8080"]
2026-02-15 00:23:14,917 INFO [restartedMain] o.a.c.c.StandardService [DirectJDKLog.java:168] Starting service [Tomcat]
2026-02-15 00:23:14,917 INFO [restartedMain] o.a.c.c.StandardEngine [DirectJDKLog.java:168] Starting Servlet engine: [Apache Tomcat/11.0.15]
2026-02-15 00:23:14,927 INFO [restartedMain] o.s.b.w.c.s.WebApplicationContextInitializer [WebApplicationContextInitializer.java:77] Root WebApplicationContext: initialization completed in 362 ms
2026-02-15 00:23:15,055 INFO [restartedMain] o.s.b.w.a.WelcomePageHandlerMapping [WelcomePageHandlerMapping.java:60] Adding welcome page template: index
2026-02-15 00:23:15,165 INFO [restartedMain] o.a.c.h.Http11NioProtocol [DirectJDKLog.java:168] Starting ProtocolHandler ["http-nio-8080"]
2026-02-15 00:23:15,172 INFO [restartedMain] o.s.b.t.TomcatWebServer [TomcatWebServer.java:240] Tomcat started on port 8080 (http) with context path '/community'
2026-02-15 00:23:15,175 INFO [restartedMain] c.n.c.CommunityApplication [StartupInfoLogger.java:60] Started CommunityApplication in 0.828 seconds (process running for 1.106)
2026-02-15 00:23:18,743 INFO [http-nio-8080-exec-1] o.a.c.c.C.[.[.[/community] [DirectJDKLog.java:168] Initializing Spring DispatcherServlet 'dispatcherServlet'
2026-02-15 00:23:18,743 INFO [http-nio-8080-exec-1] o.s.w.s.DispatcherServlet [FrameworkServlet.java:523] Initializing Servlet 'dispatcherServlet'
2026-02-15 00:23:18,745 INFO [http-nio-8080-exec-1] o.s.w.s.DispatcherServlet [FrameworkServlet.java:545] Completed initialization in 1 ms
2026-02-15 00:23:18,776 INFO [http-nio-8080-exec-1] c.z.h.HikariDataSource [HikariDataSource.java:109] HikariPool-1 - Starting...
2026-02-15 00:23:18,835 INFO [http-nio-8080-exec-1] c.z.h.p.HikariPool [HikariPool.java:580] HikariPool-1 - Added connection com.mysql.cj.jdbc.ConnectionImpl@7024e328
2026-02-15 00:23:18,835 INFO [http-nio-8080-exec-1] c.z.h.HikariDataSource [HikariDataSource.java:122] HikariPool-1 - Start completed.
2026-02-15 00:26:12,796 INFO [SpringApplicationShutdownHook] o.s.b.t.GracefulShutdown [GracefulShutdown.java:54] Commencing graceful shutdown. Waiting for active requests to complete
2026-02-15 00:26:12,799 INFO [tomcat-shutdown] o.s.b.t.GracefulShutdown [GracefulShutdown.java:76] Graceful shutdown complete
2026-02-15 00:26:12,801 INFO [SpringApplicationShutdownHook] c.z.h.HikariDataSource [HikariDataSource.java:349] HikariPool-1 - Shutdown initiated...
2026-02-15 00:26:12,804 INFO [SpringApplicationShutdownHook] c.z.h.HikariDataSource [HikariDataSource.java:351] HikariPool-1 - Shutdown completed.
2026-02-15 00:26:13,950 INFO [restartedMain] c.n.c.CommunityApplication [StartupInfoLogger.java:54] Starting CommunityApplication using Java 22.0.2 with PID 23341 (/Users/shawncai/work/workspace/community/target/classes started by shawncai in /Users/shawncai/work/workspace/community)
2026-02-15 00:26:13,951 INFO [restartedMain] c.n.c.CommunityApplication [SpringApplication.java:652] No active profile set, falling back to 1 default profile: "default"
2026-02-15 00:26:13,967 INFO [restartedMain] o.s.b.d.e.DevToolsPropertyDefaultsPostProcessor [LogLevel.java:69] Devtools property defaults active! Set 'spring.devtools.add-properties' to 'false' to disable
2026-02-15 00:26:13,967 INFO [restartedMain] o.s.b.d.e.DevToolsPropertyDefaultsPostProcessor [LogLevel.java:69] For additional web related logging consider setting the 'logging.level.web' property to 'DEBUG'
2026-02-15 00:26:14,319 INFO [restartedMain] o.s.b.t.TomcatWebServer [TomcatWebServer.java:114] Tomcat initialized with port 8080 (http)
2026-02-15 00:26:14,323 INFO [restartedMain] o.a.c.h.Http11NioProtocol [DirectJDKLog.java:168] Initializing ProtocolHandler ["http-nio-8080"]
2026-02-15 00:26:14,324 INFO [restartedMain] o.a.c.c.StandardService [DirectJDKLog.java:168] Starting service [Tomcat]
2026-02-15 00:26:14,324 INFO [restartedMain] o.a.c.c.StandardEngine [DirectJDKLog.java:168] Starting Servlet engine: [Apache Tomcat/11.0.15]
2026-02-15 00:26:14,336 INFO [restartedMain] o.s.b.w.c.s.WebApplicationContextInitializer [WebApplicationContextInitializer.java:77] Root WebApplicationContext: initialization completed in 368 ms
2026-02-15 00:26:14,487 INFO [restartedMain] o.s.b.w.a.WelcomePageHandlerMapping [WelcomePageHandlerMapping.java:60] Adding welcome page template: index
2026-02-15 00:26:14,611 INFO [restartedMain] o.a.c.h.Http11NioProtocol [DirectJDKLog.java:168] Starting ProtocolHandler ["http-nio-8080"]
2026-02-15 00:26:14,619 INFO [restartedMain] o.s.b.t.TomcatWebServer [TomcatWebServer.java:240] Tomcat started on port 8080 (http) with context path '/community'
2026-02-15 00:26:14,621 INFO [restartedMain] c.n.c.CommunityApplication [StartupInfoLogger.java:60] Started CommunityApplication in 0.87 seconds (process running for 1.176)
2026-02-15 00:26:16,999 INFO [http-nio-8080-exec-1] o.a.c.c.C.[.[.[/community] [DirectJDKLog.java:168] Initializing Spring DispatcherServlet 'dispatcherServlet'
2026-02-15 00:26:17,000 INFO [http-nio-8080-exec-1] o.s.w.s.DispatcherServlet [FrameworkServlet.java:523] Initializing Servlet 'dispatcherServlet'
2026-02-15 00:26:17,001 INFO [http-nio-8080-exec-1] o.s.w.s.DispatcherServlet [FrameworkServlet.java:545] Completed initialization in 1 ms
2026-02-15 00:26:36,932 INFO [http-nio-8080-exec-6] c.z.h.HikariDataSource [HikariDataSource.java:109] HikariPool-1 - Starting...
2026-02-15 00:26:37,010 INFO [http-nio-8080-exec-6] c.z.h.p.HikariPool [HikariPool.java:580] HikariPool-1 - Added connection com.mysql.cj.jdbc.ConnectionImpl@5268d466
2026-02-15 00:26:37,011 INFO [http-nio-8080-exec-6] c.z.h.HikariDataSource [HikariDataSource.java:122] HikariPool-1 - Start completed.
2026-02-15 00:27:31,843 INFO [SpringApplicationShutdownHook] o.s.b.t.GracefulShutdown [GracefulShutdown.java:54] Commencing graceful shutdown. Waiting for active requests to complete
2026-02-15 00:27:32,853 INFO [tomcat-shutdown] o.s.b.t.GracefulShutdown [GracefulShutdown.java:76] Graceful shutdown complete
2026-02-15 00:27:32,862 INFO [SpringApplicationShutdownHook] c.z.h.HikariDataSource [HikariDataSource.java:349] HikariPool-1 - Shutdown initiated...
2026-02-15 00:27:32,869 INFO [SpringApplicationShutdownHook] c.z.h.HikariDataSource [HikariDataSource.java:351] HikariPool-1 - Shutdown completed.
2026-02-15 15:01:54,205 INFO [restartedMain] c.n.c.CommunityApplication [StartupInfoLogger.java:54] Starting CommunityApplication using Java 22.0.2 with PID 33823 (/Users/shawncai/work/workspace/community/target/classes started by shawncai in /Users/shawncai/work/workspace/community)
2026-02-15 15:01:54,206 INFO [restartedMain] c.n.c.CommunityApplication [SpringApplication.java:652] No active profile set, falling back to 1 default profile: "default"
2026-02-15 15:01:54,223 INFO [restartedMain] o.s.b.d.e.DevToolsPropertyDefaultsPostProcessor [LogLevel.java:69] Devtools property defaults active! Set 'spring.devtools.add-properties' to 'false' to disable
2026-02-15 15:01:54,223 INFO [restartedMain] o.s.b.d.e.DevToolsPropertyDefaultsPostProcessor [LogLevel.java:69] For additional web related logging consider setting the 'logging.level.web' property to 'DEBUG'
2026-02-15 15:01:54,569 INFO [restartedMain] o.s.b.t.TomcatWebServer [TomcatWebServer.java:114] Tomcat initialized with port 8080 (http)
2026-02-15 15:01:54,573 INFO [restartedMain] o.a.c.h.Http11NioProtocol [DirectJDKLog.java:168] Initializing ProtocolHandler ["http-nio-8080"]
2026-02-15 15:01:54,574 INFO [restartedMain] o.a.c.c.StandardService [DirectJDKLog.java:168] Starting service [Tomcat]
2026-02-15 15:01:54,574 INFO [restartedMain] o.a.c.c.StandardEngine [DirectJDKLog.java:168] Starting Servlet engine: [Apache Tomcat/11.0.15]
2026-02-15 15:01:54,585 INFO [restartedMain] o.s.b.w.c.s.WebApplicationContextInitializer [WebApplicationContextInitializer.java:77] Root WebApplicationContext: initialization completed in 362 ms
2026-02-15 15:01:54,724 INFO [restartedMain] o.s.b.w.a.WelcomePageHandlerMapping [WelcomePageHandlerMapping.java:60] Adding welcome page template: index
2026-02-15 15:01:54,841 INFO [restartedMain] o.a.c.h.Http11NioProtocol [DirectJDKLog.java:168] Starting ProtocolHandler ["http-nio-8080"]
2026-02-15 15:01:54,849 INFO [restartedMain] o.s.b.t.TomcatWebServer [TomcatWebServer.java:240] Tomcat started on port 8080 (http) with context path '/community'
2026-02-15 15:01:54,851 INFO [restartedMain] c.n.c.CommunityApplication [StartupInfoLogger.java:60] Started CommunityApplication in 0.865 seconds (process running for 1.196)
2026-02-15 15:02:00,611 INFO [http-nio-8080-exec-1] o.a.c.c.C.[.[.[/community] [DirectJDKLog.java:168] Initializing Spring DispatcherServlet 'dispatcherServlet'
2026-02-15 15:02:00,612 INFO [http-nio-8080-exec-1] o.s.w.s.DispatcherServlet [FrameworkServlet.java:523] Initializing Servlet 'dispatcherServlet'
2026-02-15 15:02:00,613 INFO [http-nio-8080-exec-1] o.s.w.s.DispatcherServlet [FrameworkServlet.java:545] Completed initialization in 1 ms
2026-02-15 15:02:00,656 INFO [http-nio-8080-exec-1] c.z.h.HikariDataSource [HikariDataSource.java:109] HikariPool-1 - Starting...
2026-02-15 15:02:00,732 INFO [http-nio-8080-exec-1] c.z.h.p.HikariPool [HikariPool.java:580] HikariPool-1 - Added connection com.mysql.cj.jdbc.ConnectionImpl@1cedc6bb
2026-02-15 15:02:00,733 INFO [http-nio-8080-exec-1] c.z.h.HikariDataSource [HikariDataSource.java:122] HikariPool-1 - Start completed.
2026-02-15 15:04:09,713 INFO [SpringApplicationShutdownHook] o.s.b.t.GracefulShutdown [GracefulShutdown.java:54] Commencing graceful shutdown. Waiting for active requests to complete
2026-02-15 15:04:09,717 INFO [tomcat-shutdown] o.s.b.t.GracefulShutdown [GracefulShutdown.java:76] Graceful shutdown complete
2026-02-15 15:04:09,720 INFO [SpringApplicationShutdownHook] c.z.h.HikariDataSource [HikariDataSource.java:349] HikariPool-1 - Shutdown initiated...
2026-02-15 15:04:09,723 INFO [SpringApplicationShutdownHook] c.z.h.HikariDataSource [HikariDataSource.java:351] HikariPool-1 - Shutdown completed.
2026-02-15 15:04:10,892 INFO [restartedMain] c.n.c.CommunityApplication [StartupInfoLogger.java:54] Starting CommunityApplication using Java 22.0.2 with PID 33866 (/Users/shawncai/work/workspace/community/target/classes started by shawncai in /Users/shawncai/work/workspace/community)
2026-02-15 15:04:10,893 INFO [restartedMain] c.n.c.CommunityApplication [SpringApplication.java:652] No active profile set, falling back to 1 default profile: "default"
2026-02-15 15:04:10,908 INFO [restartedMain] o.s.b.d.e.DevToolsPropertyDefaultsPostProcessor [LogLevel.java:69] Devtools property defaults active! Set 'spring.devtools.add-properties' to 'false' to disable
2026-02-15 15:04:10,909 INFO [restartedMain] o.s.b.d.e.DevToolsPropertyDefaultsPostProcessor [LogLevel.java:69] For additional web related logging consider setting the 'logging.level.web' property to 'DEBUG'
2026-02-15 15:04:11,273 INFO [restartedMain] o.s.b.t.TomcatWebServer [TomcatWebServer.java:114] Tomcat initialized with port 8080 (http)
2026-02-15 15:04:11,277 INFO [restartedMain] o.a.c.h.Http11NioProtocol [DirectJDKLog.java:168] Initializing ProtocolHandler ["http-nio-8080"]
2026-02-15 15:04:11,278 INFO [restartedMain] o.a.c.c.StandardService [DirectJDKLog.java:168] Starting service [Tomcat]
2026-02-15 15:04:11,278 INFO [restartedMain] o.a.c.c.StandardEngine [DirectJDKLog.java:168] Starting Servlet engine: [Apache Tomcat/11.0.15]
2026-02-15 15:04:11,290 INFO [restartedMain] o.s.b.w.c.s.WebApplicationContextInitializer [WebApplicationContextInitializer.java:77] Root WebApplicationContext: initialization completed in 380 ms
2026-02-15 15:04:11,424 INFO [restartedMain] o.s.b.w.a.WelcomePageHandlerMapping [WelcomePageHandlerMapping.java:60] Adding welcome page template: index
2026-02-15 15:04:11,532 INFO [restartedMain] o.a.c.h.Http11NioProtocol [DirectJDKLog.java:168] Starting ProtocolHandler ["http-nio-8080"]
2026-02-15 15:04:11,540 INFO [restartedMain] o.s.b.t.TomcatWebServer [TomcatWebServer.java:240] Tomcat started on port 8080 (http) with context path '/community'
2026-02-15 15:04:11,543 INFO [restartedMain] c.n.c.CommunityApplication [StartupInfoLogger.java:60] Started CommunityApplication in 0.856 seconds (process running for 1.177)
2026-02-15 15:04:14,464 INFO [http-nio-8080-exec-1] o.a.c.c.C.[.[.[/community] [DirectJDKLog.java:168] Initializing Spring DispatcherServlet 'dispatcherServlet'
2026-02-15 15:04:14,464 INFO [http-nio-8080-exec-1] o.s.w.s.DispatcherServlet [FrameworkServlet.java:523] Initializing Servlet 'dispatcherServlet'
2026-02-15 15:04:14,465 INFO [http-nio-8080-exec-1] o.s.w.s.DispatcherServlet [FrameworkServlet.java:545] Completed initialization in 1 ms
2026-02-15 15:04:52,795 INFO [http-nio-8080-exec-6] c.z.h.HikariDataSource [HikariDataSource.java:109] HikariPool-1 - Starting...
2026-02-15 15:04:52,873 INFO [http-nio-8080-exec-6] c.z.h.p.HikariPool [HikariPool.java:580] HikariPool-1 - Added connection com.mysql.cj.jdbc.ConnectionImpl@4eee26c7
2026-02-15 15:04:52,874 INFO [http-nio-8080-exec-6] c.z.h.HikariDataSource [HikariDataSource.java:122] HikariPool-1 - Start completed.
2026-02-15 15:07:52,013 INFO [File Watcher] o.s.b.d.a.LocalDevToolsAutoConfiguration$RestartingClassPathChangeChangedEventListener [LocalDevToolsAutoConfiguration.java:214] Restarting due to 1 class path change (0 additions, 0 deletions, 1 modification)
2026-02-15 15:07:52,016 INFO [Thread-1] o.s.b.t.GracefulShutdown [GracefulShutdown.java:54] Commencing graceful shutdown. Waiting for active requests to complete
2026-02-15 15:07:52,017 INFO [tomcat-shutdown] o.a.c.h.Http11NioProtocol [DirectJDKLog.java:168] Pausing ProtocolHandler ["http-nio-8080"]
2026-02-15 15:07:52,020 INFO [tomcat-shutdown] o.s.b.t.GracefulShutdown [GracefulShutdown.java:76] Graceful shutdown complete
2026-02-15 15:07:52,020 INFO [Thread-1] o.a.c.h.Http11NioProtocol [DirectJDKLog.java:168] Stopping ProtocolHandler ["http-nio-8080"]
2026-02-15 15:07:52,023 INFO [Thread-1] c.z.h.HikariDataSource [HikariDataSource.java:349] HikariPool-1 - Shutdown initiated...
2026-02-15 15:07:52,026 INFO [Thread-1] c.z.h.HikariDataSource [HikariDataSource.java:351] HikariPool-1 - Shutdown completed.
2026-02-15 15:07:52,075 INFO [restartedMain] c.n.c.CommunityApplication [StartupInfoLogger.java:54] Starting CommunityApplication using Java 22.0.2 with PID 33866 (/Users/shawncai/work/workspace/community/target/classes started by shawncai in /Users/shawncai/work/workspace/community)
2026-02-15 15:07:52,075 INFO [restartedMain] c.n.c.CommunityApplication [SpringApplication.java:652] No active profile set, falling back to 1 default profile: "default"
2026-02-15 15:07:52,150 INFO [restartedMain] o.s.b.t.TomcatWebServer [TomcatWebServer.java:114] Tomcat initialized with port 8080 (http)
2026-02-15 15:07:52,151 INFO [restartedMain] o.a.c.h.Http11NioProtocol [DirectJDKLog.java:168] Initializing ProtocolHandler ["http-nio-8080"]
2026-02-15 15:07:52,151 INFO [restartedMain] o.a.c.c.StandardService [DirectJDKLog.java:168] Starting service [Tomcat]
2026-02-15 15:07:52,151 INFO [restartedMain] o.a.c.c.StandardEngine [DirectJDKLog.java:168] Starting Servlet engine: [Apache Tomcat/11.0.15]
2026-02-15 15:07:52,154 INFO [restartedMain] o.s.b.w.c.s.WebApplicationContextInitializer [WebApplicationContextInitializer.java:77] Root WebApplicationContext: initialization completed in 78 ms
2026-02-15 15:07:52,190 INFO [restartedMain] o.s.b.w.a.WelcomePageHandlerMapping [WelcomePageHandlerMapping.java:60] Adding welcome page template: index
2026-02-15 15:07:52,226 INFO [restartedMain] o.a.c.h.Http11NioProtocol [DirectJDKLog.java:168] Starting ProtocolHandler ["http-nio-8080"]
2026-02-15 15:07:52,227 INFO [restartedMain] o.s.b.t.TomcatWebServer [TomcatWebServer.java:240] Tomcat started on port 8080 (http) with context path '/community'
2026-02-15 15:07:52,228 INFO [restartedMain] c.n.c.CommunityApplication [StartupInfoLogger.java:60] Started CommunityApplication in 0.169 seconds (process running for 221.86)
2026-02-15 15:07:52,229 INFO [restartedMain] o.s.b.d.a.ConditionEvaluationDeltaLoggingListener [ConditionEvaluationDeltaLoggingListener.java:66] Condition evaluation unchanged
2026-02-15 15:08:08,767 INFO [http-nio-8080-exec-1] o.a.c.c.C.[.[.[/community] [DirectJDKLog.java:168] Initializing Spring DispatcherServlet 'dispatcherServlet'
2026-02-15 15:08:08,768 INFO [http-nio-8080-exec-1] o.s.w.s.DispatcherServlet [FrameworkServlet.java:523] Initializing Servlet 'dispatcherServlet'
2026-02-15 15:08:08,770 INFO [http-nio-8080-exec-1] o.s.w.s.DispatcherServlet [FrameworkServlet.java:545] Completed initialization in 2 ms
2026-02-15 15:08:08,775 INFO [http-nio-8080-exec-1] c.z.h.HikariDataSource [HikariDataSource.java:109] HikariPool-2 - Starting...
2026-02-15 15:08:08,781 INFO [http-nio-8080-exec-1] c.z.h.p.HikariPool [HikariPool.java:580] HikariPool-2 - Added connection com.mysql.cj.jdbc.ConnectionImpl@49722f54
2026-02-15 15:08:08,781 INFO [http-nio-8080-exec-1] c.z.h.HikariDataSource [HikariDataSource.java:122] HikariPool-2 - Start completed.
2026-02-15 17:07:55,909 INFO [SpringApplicationShutdownHook] o.s.b.t.GracefulShutdown [GracefulShutdown.java:54] Commencing graceful shutdown. Waiting for active requests to complete
2026-02-15 17:07:57,915 INFO [tomcat-shutdown] o.s.b.t.GracefulShutdown [GracefulShutdown.java:76] Graceful shutdown complete
2026-02-15 17:07:57,918 INFO [SpringApplicationShutdownHook] c.z.h.HikariDataSource [HikariDataSource.java:349] HikariPool-2 - Shutdown initiated...
2026-02-15 17:07:57,919 INFO [SpringApplicationShutdownHook] c.z.h.HikariDataSource [HikariDataSource.java:351] HikariPool-2 - Shutdown completed.
2026-02-15 17:13:00,276 INFO [restartedMain] c.n.c.CommunityApplication [StartupInfoLogger.java:54] Starting CommunityApplication using Java 22.0.2 with PID 35318 (/Users/shawncai/work/workspace/community/target/classes started by shawncai in /Users/shawncai/work/workspace/community)
2026-02-15 17:13:00,277 INFO [restartedMain] c.n.c.CommunityApplication [SpringApplication.java:652] No active profile set, falling back to 1 default profile: "default"
2026-02-15 17:13:00,293 INFO [restartedMain] o.s.b.d.e.DevToolsPropertyDefaultsPostProcessor [LogLevel.java:69] Devtools property defaults active! Set 'spring.devtools.add-properties' to 'false' to disable
2026-02-15 17:13:00,293 INFO [restartedMain] o.s.b.d.e.DevToolsPropertyDefaultsPostProcessor [LogLevel.java:69] For additional web related logging consider setting the 'logging.level.web' property to 'DEBUG'
2026-02-15 17:13:00,754 INFO [restartedMain] o.s.b.t.TomcatWebServer [TomcatWebServer.java:114] Tomcat initialized with port 8080 (http)
2026-02-15 17:13:00,760 INFO [restartedMain] o.a.c.h.Http11NioProtocol [DirectJDKLog.java:168] Initializing ProtocolHandler ["http-nio-8080"]
2026-02-15 17:13:00,761 INFO [restartedMain] o.a.c.c.StandardService [DirectJDKLog.java:168] Starting service [Tomcat]
2026-02-15 17:13:00,761 INFO [restartedMain] o.a.c.c.StandardEngine [DirectJDKLog.java:168] Starting Servlet engine: [Apache Tomcat/11.0.15]
2026-02-15 17:13:00,776 INFO [restartedMain] o.s.b.w.c.s.WebApplicationContextInitializer [WebApplicationContextInitializer.java:77] Root WebApplicationContext: initialization completed in 483 ms
2026-02-15 17:13:00,983 INFO [restartedMain] o.s.b.w.a.WelcomePageHandlerMapping [WelcomePageHandlerMapping.java:60] Adding welcome page template: index
2026-02-15 17:13:01,134 INFO [restartedMain] o.a.c.h.Http11NioProtocol [DirectJDKLog.java:168] Starting ProtocolHandler ["http-nio-8080"]
2026-02-15 17:13:01,142 INFO [restartedMain] o.s.b.t.TomcatWebServer [TomcatWebServer.java:240] Tomcat started on port 8080 (http) with context path '/community'
2026-02-15 17:13:01,145 INFO [restartedMain] c.n.c.CommunityApplication [StartupInfoLogger.java:60] Started CommunityApplication in 1.086 seconds (process running for 1.399)
2026-02-15 17:13:30,642 INFO [http-nio-8080-exec-1] o.a.c.c.C.[.[.[/community] [DirectJDKLog.java:168] Initializing Spring DispatcherServlet 'dispatcherServlet'
2026-02-15 17:13:30,642 INFO [http-nio-8080-exec-1] o.s.w.s.DispatcherServlet [FrameworkServlet.java:523] Initializing Servlet 'dispatcherServlet'
2026-02-15 17:13:30,645 INFO [http-nio-8080-exec-1] o.s.w.s.DispatcherServlet [FrameworkServlet.java:545] Completed initialization in 3 ms
2026-02-15 17:15:20,993 INFO [http-nio-8080-exec-9] c.z.h.HikariDataSource [HikariDataSource.java:109] HikariPool-1 - Starting...
2026-02-15 17:15:21,059 INFO [http-nio-8080-exec-9] c.z.h.p.HikariPool [HikariPool.java:580] HikariPool-1 - Added connection com.mysql.cj.jdbc.ConnectionImpl@5ab59cab
2026-02-15 17:15:21,060 INFO [http-nio-8080-exec-9] c.z.h.HikariDataSource [HikariDataSource.java:122] HikariPool-1 - Start completed.
2026-02-15 17:17:32,336 INFO [SpringApplicationShutdownHook] o.s.b.t.GracefulShutdown [GracefulShutdown.java:54] Commencing graceful shutdown. Waiting for active requests to complete
2026-02-15 17:17:32,340 INFO [tomcat-shutdown] o.s.b.t.GracefulShutdown [GracefulShutdown.java:76] Graceful shutdown complete
2026-02-15 17:17:32,343 INFO [SpringApplicationShutdownHook] c.z.h.HikariDataSource [HikariDataSource.java:349] HikariPool-1 - Shutdown initiated...
2026-02-15 17:17:32,348 INFO [SpringApplicationShutdownHook] c.z.h.HikariDataSource [HikariDataSource.java:351] HikariPool-1 - Shutdown completed.
2026-02-15 17:17:33,952 INFO [restartedMain] c.n.c.CommunityApplication [StartupInfoLogger.java:54] Starting CommunityApplication using Java 22.0.2 with PID 35395 (/Users/shawncai/work/workspace/community/target/classes started by shawncai in /Users/shawncai/work/workspace/community)
2026-02-15 17:17:33,953 INFO [restartedMain] c.n.c.CommunityApplication [SpringApplication.java:652] No active profile set, falling back to 1 default profile: "default"
2026-02-15 17:17:33,967 INFO [restartedMain] o.s.b.d.e.DevToolsPropertyDefaultsPostProcessor [LogLevel.java:69] Devtools property defaults active! Set 'spring.devtools.add-properties' to 'false' to disable
2026-02-15 17:17:33,967 INFO [restartedMain] o.s.b.d.e.DevToolsPropertyDefaultsPostProcessor [LogLevel.java:69] For additional web related logging consider setting the 'logging.level.web' property to 'DEBUG'
2026-02-15 17:17:34,306 INFO [restartedMain] o.s.b.t.TomcatWebServer [TomcatWebServer.java:114] Tomcat initialized with port 8080 (http)
2026-02-15 17:17:34,310 INFO [restartedMain] o.a.c.h.Http11NioProtocol [DirectJDKLog.java:168] Initializing ProtocolHandler ["http-nio-8080"]
2026-02-15 17:17:34,311 INFO [restartedMain] o.a.c.c.StandardService [DirectJDKLog.java:168] Starting service [Tomcat]
2026-02-15 17:17:34,311 INFO [restartedMain] o.a.c.c.StandardEngine [DirectJDKLog.java:168] Starting Servlet engine: [Apache Tomcat/11.0.15]
2026-02-15 17:17:34,324 INFO [restartedMain] o.s.b.w.c.s.WebApplicationContextInitializer [WebApplicationContextInitializer.java:77] Root WebApplicationContext: initialization completed in 357 ms
2026-02-15 17:17:34,461 INFO [restartedMain] o.s.b.w.a.WelcomePageHandlerMapping [WelcomePageHandlerMapping.java:60] Adding welcome page template: index
2026-02-15 17:17:34,496 INFO [restartedMain] o.a.c.c.StandardService [DirectJDKLog.java:168] Stopping service [Tomcat]
2026-02-15 17:17:34,500 INFO [restartedMain] o.s.b.a.l.ConditionEvaluationReportLogger [ConditionEvaluationReportLogger.java:82] 

Error starting ApplicationContext. To display the condition evaluation report re-run your application with 'debug' enabled.
2026-02-15 17:17:52,020 INFO [restartedMain] c.n.c.CommunityApplication [StartupInfoLogger.java:54] Starting CommunityApplication using Java 22.0.2 with PID 35411 (/Users/shawncai/work/workspace/community/target/classes started by shawncai in /Users/shawncai/work/workspace/community)
2026-02-15 17:17:52,021 INFO [restartedMain] c.n.c.CommunityApplication [SpringApplication.java:652] No active profile set, falling back to 1 default profile: "default"
2026-02-15 17:17:52,035 INFO [restartedMain] o.s.b.d.e.DevToolsPropertyDefaultsPostProcessor [LogLevel.java:69] Devtools property defaults active! Set 'spring.devtools.add-properties' to 'false' to disable
2026-02-15 17:17:52,035 INFO [restartedMain] o.s.b.d.e.DevToolsPropertyDefaultsPostProcessor [LogLevel.java:69] For additional web related logging consider setting the 'logging.level.web' property to 'DEBUG'
2026-02-15 17:17:52,361 INFO [restartedMain] o.s.b.t.TomcatWebServer [TomcatWebServer.java:114] Tomcat initialized with port 8080 (http)
2026-02-15 17:17:52,365 INFO [restartedMain] o.a.c.h.Http11NioProtocol [DirectJDKLog.java:168] Initializing ProtocolHandler ["http-nio-8080"]
2026-02-15 17:17:52,366 INFO [restartedMain] o.a.c.c.StandardService [DirectJDKLog.java:168] Starting service [Tomcat]
2026-02-15 17:17:52,366 INFO [restartedMain] o.a.c.c.StandardEngine [DirectJDKLog.java:168] Starting Servlet engine: [Apache Tomcat/11.0.15]
2026-02-15 17:17:52,377 INFO [restartedMain] o.s.b.w.c.s.WebApplicationContextInitializer [WebApplicationContextInitializer.java:77] Root WebApplicationContext: initialization completed in 342 ms
2026-02-15 17:17:52,501 INFO [restartedMain] o.s.b.w.a.WelcomePageHandlerMapping [WelcomePageHandlerMapping.java:60] Adding welcome page template: index
2026-02-15 17:17:52,534 INFO [restartedMain] o.a.c.c.StandardService [DirectJDKLog.java:168] Stopping service [Tomcat]
2026-02-15 17:17:52,538 INFO [restartedMain] o.s.b.a.l.ConditionEvaluationReportLogger [ConditionEvaluationReportLogger.java:82] 

Error starting ApplicationContext. To display the condition evaluation report re-run your application with 'debug' enabled.
2026-02-15 17:18:19,504 INFO [restartedMain] c.n.c.CommunityApplication [StartupInfoLogger.java:54] Starting CommunityApplication using Java 22.0.2 with PID 35429 (/Users/shawncai/work/workspace/community/target/classes started by shawncai in /Users/shawncai/work/workspace/community)
2026-02-15 17:18:19,505 INFO [restartedMain] c.n.c.CommunityApplication [SpringApplication.java:652] No active profile set, falling back to 1 default profile: "default"
2026-02-15 17:18:19,520 INFO [restartedMain] o.s.b.d.e.DevToolsPropertyDefaultsPostProcessor [LogLevel.java:69] Devtools property defaults active! Set 'spring.devtools.add-properties' to 'false' to disable
2026-02-15 17:18:19,520 INFO [restartedMain] o.s.b.d.e.DevToolsPropertyDefaultsPostProcessor [LogLevel.java:69] For additional web related logging consider setting the 'logging.level.web' property to 'DEBUG'
2026-02-15 17:18:19,850 INFO [restartedMain] o.s.b.t.TomcatWebServer [TomcatWebServer.java:114] Tomcat initialized with port 8080 (http)
2026-02-15 17:18:19,854 INFO [restartedMain] o.a.c.h.Http11NioProtocol [DirectJDKLog.java:168] Initializing ProtocolHandler ["http-nio-8080"]
2026-02-15 17:18:19,854 INFO [restartedMain] o.a.c.c.StandardService [DirectJDKLog.java:168] Starting service [Tomcat]
2026-02-15 17:18:19,855 INFO [restartedMain] o.a.c.c.StandardEngine [DirectJDKLog.java:168] Starting Servlet engine: [Apache Tomcat/11.0.15]
2026-02-15 17:18:19,865 INFO [restartedMain] o.s.b.w.c.s.WebApplicationContextInitializer [WebApplicationContextInitializer.java:77] Root WebApplicationContext: initialization completed in 345 ms
2026-02-15 17:18:19,999 INFO [restartedMain] o.s.b.w.a.WelcomePageHandlerMapping [WelcomePageHandlerMapping.java:60] Adding welcome page template: index
2026-02-15 17:18:20,105 INFO [restartedMain] o.a.c.h.Http11NioProtocol [DirectJDKLog.java:168] Starting ProtocolHandler ["http-nio-8080"]
2026-02-15 17:18:20,113 INFO [restartedMain] o.s.b.t.TomcatWebServer [TomcatWebServer.java:240] Tomcat started on port 8080 (http) with context path '/community'
2026-02-15 17:18:20,115 INFO [restartedMain] c.n.c.CommunityApplication [StartupInfoLogger.java:60] Started CommunityApplication in 0.813 seconds (process running for 1.074)
2026-02-15 17:18:22,809 INFO [http-nio-8080-exec-1] o.a.c.c.C.[.[.[/community] [DirectJDKLog.java:168] Initializing Spring DispatcherServlet 'dispatcherServlet'
2026-02-15 17:18:22,809 INFO [http-nio-8080-exec-1] o.s.w.s.DispatcherServlet [FrameworkServlet.java:523] Initializing Servlet 'dispatcherServlet'
2026-02-15 17:18:22,810 INFO [http-nio-8080-exec-1] o.s.w.s.DispatcherServlet [FrameworkServlet.java:545] Completed initialization in 1 ms
2026-02-15 17:19:58,929 INFO [SpringApplicationShutdownHook] o.s.b.t.GracefulShutdown [GracefulShutdown.java:54] Commencing graceful shutdown. Waiting for active requests to complete
2026-02-15 17:19:58,932 INFO [tomcat-shutdown] o.s.b.t.GracefulShutdown [GracefulShutdown.java:76] Graceful shutdown complete
2026-02-15 17:20:00,447 INFO [restartedMain] c.n.c.CommunityApplication [StartupInfoLogger.java:54] Starting CommunityApplication using Java 22.0.2 with PID 35464 (/Users/shawncai/work/workspace/community/target/classes started by shawncai in /Users/shawncai/work/workspace/community)
2026-02-15 17:20:00,447 INFO [restartedMain] c.n.c.CommunityApplication [SpringApplication.java:652] No active profile set, falling back to 1 default profile: "default"
2026-02-15 17:20:00,462 INFO [restartedMain] o.s.b.d.e.DevToolsPropertyDefaultsPostProcessor [LogLevel.java:69] Devtools property defaults active! Set 'spring.devtools.add-properties' to 'false' to disable
2026-02-15 17:20:00,462 INFO [restartedMain] o.s.b.d.e.DevToolsPropertyDefaultsPostProcessor [LogLevel.java:69] For additional web related logging consider setting the 'logging.level.web' property to 'DEBUG'
2026-02-15 17:20:00,791 INFO [restartedMain] o.s.b.t.TomcatWebServer [TomcatWebServer.java:114] Tomcat initialized with port 8080 (http)
2026-02-15 17:20:00,795 INFO [restartedMain] o.a.c.h.Http11NioProtocol [DirectJDKLog.java:168] Initializing ProtocolHandler ["http-nio-8080"]
2026-02-15 17:20:00,795 INFO [restartedMain] o.a.c.c.StandardService [DirectJDKLog.java:168] Starting service [Tomcat]
2026-02-15 17:20:00,795 INFO [restartedMain] o.a.c.c.StandardEngine [DirectJDKLog.java:168] Starting Servlet engine: [Apache Tomcat/11.0.15]
2026-02-15 17:20:00,806 INFO [restartedMain] o.s.b.w.c.s.WebApplicationContextInitializer [WebApplicationContextInitializer.java:77] Root WebApplicationContext: initialization completed in 344 ms
2026-02-15 17:20:00,935 INFO [restartedMain] o.s.b.w.a.WelcomePageHandlerMapping [WelcomePageHandlerMapping.java:60] Adding welcome page template: index
2026-02-15 17:20:01,032 INFO [restartedMain] o.a.c.h.Http11NioProtocol [DirectJDKLog.java:168] Starting ProtocolHandler ["http-nio-8080"]
2026-02-15 17:20:01,039 INFO [restartedMain] o.s.b.t.TomcatWebServer [TomcatWebServer.java:240] Tomcat started on port 8080 (http) with context path '/community'
2026-02-15 17:20:01,043 INFO [restartedMain] c.n.c.CommunityApplication [StartupInfoLogger.java:60] Started CommunityApplication in 0.778 seconds (process running for 1.05)
2026-02-15 17:20:13,552 INFO [http-nio-8080-exec-1] o.a.c.c.C.[.[.[/community] [DirectJDKLog.java:168] Initializing Spring DispatcherServlet 'dispatcherServlet'
2026-02-15 17:20:13,552 INFO [http-nio-8080-exec-1] o.s.w.s.DispatcherServlet [FrameworkServlet.java:523] Initializing Servlet 'dispatcherServlet'
2026-02-15 17:20:13,554 INFO [http-nio-8080-exec-1] o.s.w.s.DispatcherServlet [FrameworkServlet.java:545] Completed initialization in 2 ms
2026-02-15 17:21:07,018 INFO [http-nio-8080-exec-3] c.z.h.HikariDataSource [HikariDataSource.java:109] HikariPool-1 - Starting...
2026-02-15 17:21:07,087 INFO [http-nio-8080-exec-3] c.z.h.p.HikariPool [HikariPool.java:580] HikariPool-1 - Added connection com.mysql.cj.jdbc.ConnectionImpl@36c199af
2026-02-15 17:21:07,087 INFO [http-nio-8080-exec-3] c.z.h.HikariDataSource [HikariDataSource.java:122] HikariPool-1 - Start completed.
2026-02-15 17:31:06,742 INFO [SpringApplicationShutdownHook] o.s.b.t.GracefulShutdown [GracefulShutdown.java:54] Commencing graceful shutdown. Waiting for active requests to complete
2026-02-15 17:31:07,749 INFO [tomcat-shutdown] o.s.b.t.GracefulShutdown [GracefulShutdown.java:76] Graceful shutdown complete
2026-02-15 17:31:07,754 INFO [SpringApplicationShutdownHook] c.z.h.HikariDataSource [HikariDataSource.java:349] HikariPool-1 - Shutdown initiated...
2026-02-15 17:31:07,761 INFO [SpringApplicationShutdownHook] c.z.h.HikariDataSource [HikariDataSource.java:351] HikariPool-1 - Shutdown completed.
2026-02-15 17:31:09,723 INFO [restartedMain] c.n.c.CommunityApplication [StartupInfoLogger.java:54] Starting CommunityApplication using Java 22.0.2 with PID 35571 (/Users/shawncai/work/workspace/community/target/classes started by shawncai in /Users/shawncai/work/workspace/community)
2026-02-15 17:31:09,724 INFO [restartedMain] c.n.c.CommunityApplication [SpringApplication.java:652] No active profile set, falling back to 1 default profile: "default"
2026-02-15 17:31:09,740 INFO [restartedMain] o.s.b.d.e.DevToolsPropertyDefaultsPostProcessor [LogLevel.java:69] Devtools property defaults active! Set 'spring.devtools.add-properties' to 'false' to disable
2026-02-15 17:31:09,741 INFO [restartedMain] o.s.b.d.e.DevToolsPropertyDefaultsPostProcessor [LogLevel.java:69] For additional web related logging consider setting the 'logging.level.web' property to 'DEBUG'
2026-02-15 17:31:10,113 INFO [restartedMain] o.s.b.t.TomcatWebServer [TomcatWebServer.java:114] Tomcat initialized with port 8080 (http)
2026-02-15 17:31:10,117 INFO [restartedMain] o.a.c.h.Http11NioProtocol [DirectJDKLog.java:168] Initializing ProtocolHandler ["http-nio-8080"]
2026-02-15 17:31:10,118 INFO [restartedMain] o.a.c.c.StandardService [DirectJDKLog.java:168] Starting service [Tomcat]
2026-02-15 17:31:10,118 INFO [restartedMain] o.a.c.c.StandardEngine [DirectJDKLog.java:168] Starting Servlet engine: [Apache Tomcat/11.0.15]
2026-02-15 17:31:10,131 INFO [restartedMain] o.s.b.w.c.s.WebApplicationContextInitializer [WebApplicationContextInitializer.java:77] Root WebApplicationContext: initialization completed in 390 ms
2026-02-15 17:31:10,277 INFO [restartedMain] o.s.b.w.a.WelcomePageHandlerMapping [WelcomePageHandlerMapping.java:60] Adding welcome page template: index
2026-02-15 17:31:10,390 INFO [restartedMain] o.a.c.h.Http11NioProtocol [DirectJDKLog.java:168] Starting ProtocolHandler ["http-nio-8080"]
2026-02-15 17:31:10,398 INFO [restartedMain] o.s.b.t.TomcatWebServer [TomcatWebServer.java:240] Tomcat started on port 8080 (http) with context path '/community'
2026-02-15 17:31:10,401 INFO [restartedMain] c.n.c.CommunityApplication [StartupInfoLogger.java:60] Started CommunityApplication in 0.885 seconds (process running for 1.224)
2026-02-15 17:31:15,949 INFO [http-nio-8080-exec-1] o.a.c.c.C.[.[.[/community] [DirectJDKLog.java:168] Initializing Spring DispatcherServlet 'dispatcherServlet'
2026-02-15 17:31:15,949 INFO [http-nio-8080-exec-1] o.s.w.s.DispatcherServlet [FrameworkServlet.java:523] Initializing Servlet 'dispatcherServlet'
2026-02-15 17:31:15,950 INFO [http-nio-8080-exec-1] o.s.w.s.DispatcherServlet [FrameworkServlet.java:545] Completed initialization in 1 ms
2026-02-15 17:32:32,150 INFO [SpringApplicationShutdownHook] o.s.b.t.GracefulShutdown [GracefulShutdown.java:54] Commencing graceful shutdown. Waiting for active requests to complete
2026-02-15 17:32:32,153 INFO [tomcat-shutdown] o.s.b.t.GracefulShutdown [GracefulShutdown.java:76] Graceful shutdown complete
2026-02-15 17:32:33,678 INFO [restartedMain] c.n.c.CommunityApplication [StartupInfoLogger.java:54] Starting CommunityApplication using Java 22.0.2 with PID 35607 (/Users/shawncai/work/workspace/community/target/classes started by shawncai in /Users/shawncai/work/workspace/community)
2026-02-15 17:32:33,679 INFO [restartedMain] c.n.c.CommunityApplication [SpringApplication.java:652] No active profile set, falling back to 1 default profile: "default"
2026-02-15 17:32:33,693 INFO [restartedMain] o.s.b.d.e.DevToolsPropertyDefaultsPostProcessor [LogLevel.java:69] Devtools property defaults active! Set 'spring.devtools.add-properties' to 'false' to disable
2026-02-15 17:32:33,694 INFO [restartedMain] o.s.b.d.e.DevToolsPropertyDefaultsPostProcessor [LogLevel.java:69] For additional web related logging consider setting the 'logging.level.web' property to 'DEBUG'
2026-02-15 17:32:34,030 INFO [restartedMain] o.s.b.t.TomcatWebServer [TomcatWebServer.java:114] Tomcat initialized with port 8080 (http)
2026-02-15 17:32:34,034 INFO [restartedMain] o.a.c.h.Http11NioProtocol [DirectJDKLog.java:168] Initializing ProtocolHandler ["http-nio-8080"]
2026-02-15 17:32:34,035 INFO [restartedMain] o.a.c.c.StandardService [DirectJDKLog.java:168] Starting service [Tomcat]
2026-02-15 17:32:34,035 INFO [restartedMain] o.a.c.c.StandardEngine [DirectJDKLog.java:168] Starting Servlet engine: [Apache Tomcat/11.0.15]
2026-02-15 17:32:34,046 INFO [restartedMain] o.s.b.w.c.s.WebApplicationContextInitializer [WebApplicationContextInitializer.java:77] Root WebApplicationContext: initialization completed in 352 ms
2026-02-15 17:32:34,177 INFO [restartedMain] o.s.b.w.a.WelcomePageHandlerMapping [WelcomePageHandlerMapping.java:60] Adding welcome page template: index
2026-02-15 17:32:34,280 INFO [restartedMain] o.a.c.h.Http11NioProtocol [DirectJDKLog.java:168] Starting ProtocolHandler ["http-nio-8080"]
2026-02-15 17:32:34,288 INFO [restartedMain] o.s.b.t.TomcatWebServer [TomcatWebServer.java:240] Tomcat started on port 8080 (http) with context path '/community'
2026-02-15 17:32:34,291 INFO [restartedMain] c.n.c.CommunityApplication [StartupInfoLogger.java:60] Started CommunityApplication in 0.801 seconds (process running for 1.059)
2026-02-15 17:32:37,943 INFO [http-nio-8080-exec-1] o.a.c.c.C.[.[.[/community] [DirectJDKLog.java:168] Initializing Spring DispatcherServlet 'dispatcherServlet'
2026-02-15 17:32:37,944 INFO [http-nio-8080-exec-1] o.s.w.s.DispatcherServlet [FrameworkServlet.java:523] Initializing Servlet 'dispatcherServlet'
2026-02-15 17:32:37,945 INFO [http-nio-8080-exec-1] o.s.w.s.DispatcherServlet [FrameworkServlet.java:545] Completed initialization in 1 ms
2026-02-15 17:42:15,001 INFO [SpringApplicationShutdownHook] o.s.b.t.GracefulShutdown [GracefulShutdown.java:54] Commencing graceful shutdown. Waiting for active requests to complete
2026-02-15 17:42:15,004 INFO [tomcat-shutdown] o.s.b.t.GracefulShutdown [GracefulShutdown.java:76] Graceful shutdown complete
2026-02-15 18:05:53,923 INFO [restartedMain] c.n.c.CommunityApplication [StartupInfoLogger.java:54] Starting CommunityApplication using Java 22.0.2 with PID 36044 (/Users/shawncai/work/workspace/community/target/classes started by shawncai in /Users/shawncai/work/workspace/community)
2026-02-15 18:05:53,925 INFO [restartedMain] c.n.c.CommunityApplication [SpringApplication.java:652] No active profile set, falling back to 1 default profile: "default"
2026-02-15 18:05:53,941 INFO [restartedMain] o.s.b.d.e.DevToolsPropertyDefaultsPostProcessor [LogLevel.java:69] Devtools property defaults active! Set 'spring.devtools.add-properties' to 'false' to disable
2026-02-15 18:05:53,941 INFO [restartedMain] o.s.b.d.e.DevToolsPropertyDefaultsPostProcessor [LogLevel.java:69] For additional web related logging consider setting the 'logging.level.web' property to 'DEBUG'
2026-02-15 18:05:54,280 INFO [restartedMain] o.s.b.t.TomcatWebServer [TomcatWebServer.java:114] Tomcat initialized with port 8080 (http)
2026-02-15 18:05:54,284 INFO [restartedMain] o.a.c.h.Http11NioProtocol [DirectJDKLog.java:168] Initializing ProtocolHandler ["http-nio-8080"]
2026-02-15 18:05:54,285 INFO [restartedMain] o.a.c.c.StandardService [DirectJDKLog.java:168] Starting service [Tomcat]
2026-02-15 18:05:54,285 INFO [restartedMain] o.a.c.c.StandardEngine [DirectJDKLog.java:168] Starting Servlet engine: [Apache Tomcat/11.0.15]
2026-02-15 18:05:54,297 INFO [restartedMain] o.s.b.w.c.s.WebApplicationContextInitializer [WebApplicationContextInitializer.java:77] Root WebApplicationContext: initialization completed in 355 ms
2026-02-15 18:05:54,431 INFO [restartedMain] o.s.b.w.a.WelcomePageHandlerMapping [WelcomePageHandlerMapping.java:60] Adding welcome page template: index
2026-02-15 18:05:54,538 INFO [restartedMain] o.a.c.h.Http11NioProtocol [DirectJDKLog.java:168] Starting ProtocolHandler ["http-nio-8080"]
2026-02-15 18:05:54,546 INFO [restartedMain] o.s.b.t.TomcatWebServer [TomcatWebServer.java:240] Tomcat started on port 8080 (http) with context path '/community'
2026-02-15 18:05:54,549 INFO [restartedMain] c.n.c.CommunityApplication [StartupInfoLogger.java:60] Started CommunityApplication in 0.817 seconds (process running for 1.106)
2026-02-15 18:06:07,413 INFO [http-nio-8080-exec-1] o.a.c.c.C.[.[.[/community] [DirectJDKLog.java:168] Initializing Spring DispatcherServlet 'dispatcherServlet'
2026-02-15 18:06:07,414 INFO [http-nio-8080-exec-1] o.s.w.s.DispatcherServlet [FrameworkServlet.java:523] Initializing Servlet 'dispatcherServlet'
2026-02-15 18:06:07,415 INFO [http-nio-8080-exec-1] o.s.w.s.DispatcherServlet [FrameworkServlet.java:545] Completed initialization in 1 ms
2026-02-15 18:06:07,450 INFO [http-nio-8080-exec-1] c.z.h.HikariDataSource [HikariDataSource.java:109] HikariPool-1 - Starting...
2026-02-15 18:06:07,524 INFO [http-nio-8080-exec-1] c.z.h.p.HikariPool [HikariPool.java:580] HikariPool-1 - Added connection com.mysql.cj.jdbc.ConnectionImpl@4cb48376
2026-02-15 18:06:07,525 INFO [http-nio-8080-exec-1] c.z.h.HikariDataSource [HikariDataSource.java:122] HikariPool-1 - Start completed.
2026-02-15 18:06:51,580 INFO [SpringApplicationShutdownHook] o.s.b.t.GracefulShutdown [GracefulShutdown.java:54] Commencing graceful shutdown. Waiting for active requests to complete
2026-02-15 18:06:51,584 INFO [tomcat-shutdown] o.s.b.t.GracefulShutdown [GracefulShutdown.java:76] Graceful shutdown complete
2026-02-15 18:06:51,590 INFO [SpringApplicationShutdownHook] c.z.h.HikariDataSource [HikariDataSource.java:349] HikariPool-1 - Shutdown initiated...
2026-02-15 18:06:51,597 INFO [SpringApplicationShutdownHook] c.z.h.HikariDataSource [HikariDataSource.java:351] HikariPool-1 - Shutdown completed.
2026-02-15 18:06:53,123 INFO [restartedMain] c.n.c.CommunityApplication [StartupInfoLogger.java:54] Starting CommunityApplication using Java 22.0.2 with PID 36078 (/Users/shawncai/work/workspace/community/target/classes started by shawncai in /Users/shawncai/work/workspace/community)
2026-02-15 18:06:53,124 INFO [restartedMain] c.n.c.CommunityApplication [SpringApplication.java:652] No active profile set, falling back to 1 default profile: "default"
2026-02-15 18:06:53,138 INFO [restartedMain] o.s.b.d.e.DevToolsPropertyDefaultsPostProcessor [LogLevel.java:69] Devtools property defaults active! Set 'spring.devtools.add-properties' to 'false' to disable
2026-02-15 18:06:53,139 INFO [restartedMain] o.s.b.d.e.DevToolsPropertyDefaultsPostProcessor [LogLevel.java:69] For additional web related logging consider setting the 'logging.level.web' property to 'DEBUG'
2026-02-15 18:06:53,471 INFO [restartedMain] o.s.b.t.TomcatWebServer [TomcatWebServer.java:114] Tomcat initialized with port 8080 (http)
2026-02-15 18:06:53,475 INFO [restartedMain] o.a.c.h.Http11NioProtocol [DirectJDKLog.java:168] Initializing ProtocolHandler ["http-nio-8080"]
2026-02-15 18:06:53,475 INFO [restartedMain] o.a.c.c.StandardService [DirectJDKLog.java:168] Starting service [Tomcat]
2026-02-15 18:06:53,475 INFO [restartedMain] o.a.c.c.StandardEngine [DirectJDKLog.java:168] Starting Servlet engine: [Apache Tomcat/11.0.15]
2026-02-15 18:06:53,486 INFO [restartedMain] o.s.b.w.c.s.WebApplicationContextInitializer [WebApplicationContextInitializer.java:77] Root WebApplicationContext: initialization completed in 347 ms
2026-02-15 18:06:53,620 INFO [restartedMain] o.s.b.w.a.WelcomePageHandlerMapping [WelcomePageHandlerMapping.java:60] Adding welcome page template: index
2026-02-15 18:06:53,723 INFO [restartedMain] o.a.c.h.Http11NioProtocol [DirectJDKLog.java:168] Starting ProtocolHandler ["http-nio-8080"]
2026-02-15 18:06:53,731 INFO [restartedMain] o.s.b.t.TomcatWebServer [TomcatWebServer.java:240] Tomcat started on port 8080 (http) with context path '/community'
2026-02-15 18:06:53,734 INFO [restartedMain] c.n.c.CommunityApplication [StartupInfoLogger.java:60] Started CommunityApplication in 0.805 seconds (process running for 1.059)
2026-02-15 18:07:02,362 INFO [http-nio-8080-exec-1] o.a.c.c.C.[.[.[/community] [DirectJDKLog.java:168] Initializing Spring DispatcherServlet 'dispatcherServlet'
2026-02-15 18:07:02,362 INFO [http-nio-8080-exec-1] o.s.w.s.DispatcherServlet [FrameworkServlet.java:523] Initializing Servlet 'dispatcherServlet'
2026-02-15 18:07:02,364 INFO [http-nio-8080-exec-1] o.s.w.s.DispatcherServlet [FrameworkServlet.java:545] Completed initialization in 2 ms
2026-02-15 18:07:48,804 INFO [SpringApplicationShutdownHook] o.s.b.t.GracefulShutdown [GracefulShutdown.java:54] Commencing graceful shutdown. Waiting for active requests to complete
2026-02-15 18:07:48,808 INFO [tomcat-shutdown] o.s.b.t.GracefulShutdown [GracefulShutdown.java:76] Graceful shutdown complete
2026-02-15 18:07:49,970 INFO [restartedMain] c.n.c.CommunityApplication [StartupInfoLogger.java:54] Starting CommunityApplication using Java 22.0.2 with PID 36093 (/Users/shawncai/work/workspace/community/target/classes started by shawncai in /Users/shawncai/work/workspace/community)
2026-02-15 18:07:49,971 INFO [restartedMain] c.n.c.CommunityApplication [SpringApplication.java:652] No active profile set, falling back to 1 default profile: "default"
2026-02-15 18:07:49,986 INFO [restartedMain] o.s.b.d.e.DevToolsPropertyDefaultsPostProcessor [LogLevel.java:69] Devtools property defaults active! Set 'spring.devtools.add-properties' to 'false' to disable
2026-02-15 18:07:49,986 INFO [restartedMain] o.s.b.d.e.DevToolsPropertyDefaultsPostProcessor [LogLevel.java:69] For additional web related logging consider setting the 'logging.level.web' property to 'DEBUG'
2026-02-15 18:07:50,358 INFO [restartedMain] o.s.b.t.TomcatWebServer [TomcatWebServer.java:114] Tomcat initialized with port 8080 (http)
2026-02-15 18:07:50,362 INFO [restartedMain] o.a.c.h.Http11NioProtocol [DirectJDKLog.java:168] Initializing ProtocolHandler ["http-nio-8080"]
2026-02-15 18:07:50,363 INFO [restartedMain] o.a.c.c.StandardService [DirectJDKLog.java:168] Starting service [Tomcat]
2026-02-15 18:07:50,363 INFO [restartedMain] o.a.c.c.StandardEngine [DirectJDKLog.java:168] Starting Servlet engine: [Apache Tomcat/11.0.15]
2026-02-15 18:07:50,374 INFO [restartedMain] o.s.b.w.c.s.WebApplicationContextInitializer [WebApplicationContextInitializer.java:77] Root WebApplicationContext: initialization completed in 388 ms
2026-02-15 18:07:50,508 INFO [restartedMain] o.s.b.w.a.WelcomePageHandlerMapping [WelcomePageHandlerMapping.java:60] Adding welcome page template: index
2026-02-15 18:07:50,623 INFO [restartedMain] o.a.c.h.Http11NioProtocol [DirectJDKLog.java:168] Starting ProtocolHandler ["http-nio-8080"]
2026-02-15 18:07:50,631 INFO [restartedMain] o.s.b.t.TomcatWebServer [TomcatWebServer.java:240] Tomcat started on port 8080 (http) with context path '/community'
2026-02-15 18:07:50,634 INFO [restartedMain] c.n.c.CommunityApplication [StartupInfoLogger.java:60] Started CommunityApplication in 0.903 seconds (process running for 1.192)
2026-02-15 18:07:52,460 INFO [http-nio-8080-exec-1] o.a.c.c.C.[.[.[/community] [DirectJDKLog.java:168] Initializing Spring DispatcherServlet 'dispatcherServlet'
2026-02-15 18:07:52,460 INFO [http-nio-8080-exec-1] o.s.w.s.DispatcherServlet [FrameworkServlet.java:523] Initializing Servlet 'dispatcherServlet'
2026-02-15 18:07:52,461 INFO [http-nio-8080-exec-1] o.s.w.s.DispatcherServlet [FrameworkServlet.java:545] Completed initialization in 1 ms
2026-02-15 18:09:51,471 INFO [SpringApplicationShutdownHook] o.s.b.t.GracefulShutdown [GracefulShutdown.java:54] Commencing graceful shutdown. Waiting for active requests to complete
2026-02-15 18:09:51,474 INFO [tomcat-shutdown] o.s.b.t.GracefulShutdown [GracefulShutdown.java:76] Graceful shutdown complete
2026-02-15 18:09:52,566 INFO [restartedMain] c.n.c.CommunityApplication [StartupInfoLogger.java:54] Starting CommunityApplication using Java 22.0.2 with PID 36124 (/Users/shawncai/work/workspace/community/target/classes started by shawncai in /Users/shawncai/work/workspace/community)
2026-02-15 18:09:52,567 INFO [restartedMain] c.n.c.CommunityApplication [SpringApplication.java:652] No active profile set, falling back to 1 default profile: "default"
2026-02-15 18:09:52,582 INFO [restartedMain] o.s.b.d.e.DevToolsPropertyDefaultsPostProcessor [LogLevel.java:69] Devtools property defaults active! Set 'spring.devtools.add-properties' to 'false' to disable
2026-02-15 18:09:52,583 INFO [restartedMain] o.s.b.d.e.DevToolsPropertyDefaultsPostProcessor [LogLevel.java:69] For additional web related logging consider setting the 'logging.level.web' property to 'DEBUG'
2026-02-15 18:09:52,995 INFO [restartedMain] o.s.b.t.TomcatWebServer [TomcatWebServer.java:114] Tomcat initialized with port 8080 (http)
2026-02-15 18:09:52,999 INFO [restartedMain] o.a.c.h.Http11NioProtocol [DirectJDKLog.java:168] Initializing ProtocolHandler ["http-nio-8080"]
2026-02-15 18:09:52,999 INFO [restartedMain] o.a.c.c.StandardService [DirectJDKLog.java:168] Starting service [Tomcat]
2026-02-15 18:09:52,999 INFO [restartedMain] o.a.c.c.StandardEngine [DirectJDKLog.java:168] Starting Servlet engine: [Apache Tomcat/11.0.15]
2026-02-15 18:09:53,011 INFO [restartedMain] o.s.b.w.c.s.WebApplicationContextInitializer [WebApplicationContextInitializer.java:77] Root WebApplicationContext: initialization completed in 428 ms
2026-02-15 18:09:53,151 INFO [restartedMain] o.s.b.w.a.WelcomePageHandlerMapping [WelcomePageHandlerMapping.java:60] Adding welcome page template: index
2026-02-15 18:09:53,262 INFO [restartedMain] o.a.c.h.Http11NioProtocol [DirectJDKLog.java:168] Starting ProtocolHandler ["http-nio-8080"]
2026-02-15 18:09:53,270 INFO [restartedMain] o.s.b.t.TomcatWebServer [TomcatWebServer.java:240] Tomcat started on port 8080 (http) with context path '/community'
2026-02-15 18:09:53,273 INFO [restartedMain] c.n.c.CommunityApplication [StartupInfoLogger.java:60] Started CommunityApplication in 0.916 seconds (process running for 1.248)
2026-02-15 18:09:53,784 INFO [http-nio-8080-exec-1] o.a.c.c.C.[.[.[/community] [DirectJDKLog.java:168] Initializing Spring DispatcherServlet 'dispatcherServlet'
2026-02-15 18:09:53,785 INFO [http-nio-8080-exec-1] o.s.w.s.DispatcherServlet [FrameworkServlet.java:523] Initializing Servlet 'dispatcherServlet'
2026-02-15 18:09:53,785 INFO [http-nio-8080-exec-1] o.s.w.s.DispatcherServlet [FrameworkServlet.java:545] Completed initialization in 0 ms
2026-02-15 18:12:05,181 INFO [SpringApplicationShutdownHook] o.s.b.t.GracefulShutdown [GracefulShutdown.java:54] Commencing graceful shutdown. Waiting for active requests to complete
2026-02-15 18:12:05,184 INFO [tomcat-shutdown] o.s.b.t.GracefulShutdown [GracefulShutdown.java:76] Graceful shutdown complete
2026-02-15 18:12:06,832 INFO [restartedMain] c.n.c.CommunityApplication [StartupInfoLogger.java:54] Starting CommunityApplication using Java 22.0.2 with PID 36182 (/Users/shawncai/work/workspace/community/target/classes started by shawncai in /Users/shawncai/work/workspace/community)
2026-02-15 18:12:06,833 INFO [restartedMain] c.n.c.CommunityApplication [SpringApplication.java:652] No active profile set, falling back to 1 default profile: "default"
2026-02-15 18:12:06,848 INFO [restartedMain] o.s.b.d.e.DevToolsPropertyDefaultsPostProcessor [LogLevel.java:69] Devtools property defaults active! Set 'spring.devtools.add-properties' to 'false' to disable
2026-02-15 18:12:06,848 INFO [restartedMain] o.s.b.d.e.DevToolsPropertyDefaultsPostProcessor [LogLevel.java:69] For additional web related logging consider setting the 'logging.level.web' property to 'DEBUG'
2026-02-15 18:12:07,315 INFO [restartedMain] o.s.b.t.TomcatWebServer [TomcatWebServer.java:114] Tomcat initialized with port 8080 (http)
2026-02-15 18:12:07,320 INFO [restartedMain] o.a.c.h.Http11NioProtocol [DirectJDKLog.java:168] Initializing ProtocolHandler ["http-nio-8080"]
2026-02-15 18:12:07,321 INFO [restartedMain] o.a.c.c.StandardService [DirectJDKLog.java:168] Starting service [Tomcat]
2026-02-15 18:12:07,321 INFO [restartedMain] o.a.c.c.StandardEngine [DirectJDKLog.java:168] Starting Servlet engine: [Apache Tomcat/11.0.15]
2026-02-15 18:12:07,336 INFO [restartedMain] o.s.b.w.c.s.WebApplicationContextInitializer [WebApplicationContextInitializer.java:77] Root WebApplicationContext: initialization completed in 488 ms
2026-02-15 18:12:07,547 INFO [restartedMain] o.s.b.w.a.WelcomePageHandlerMapping [WelcomePageHandlerMapping.java:60] Adding welcome page template: index
2026-02-15 18:12:07,720 INFO [restartedMain] o.a.c.h.Http11NioProtocol [DirectJDKLog.java:168] Starting ProtocolHandler ["http-nio-8080"]
2026-02-15 18:12:07,730 INFO [restartedMain] o.s.b.t.TomcatWebServer [TomcatWebServer.java:240] Tomcat started on port 8080 (http) with context path '/community'
2026-02-15 18:12:07,733 INFO [restartedMain] c.n.c.CommunityApplication [StartupInfoLogger.java:60] Started CommunityApplication in 1.104 seconds (process running for 1.382)
2026-02-15 18:12:10,142 INFO [http-nio-8080-exec-2] o.a.c.c.C.[.[.[/community] [DirectJDKLog.java:168] Initializing Spring DispatcherServlet 'dispatcherServlet'
2026-02-15 18:12:10,142 INFO [http-nio-8080-exec-2] o.s.w.s.DispatcherServlet [FrameworkServlet.java:523] Initializing Servlet 'dispatcherServlet'
2026-02-15 18:12:10,143 INFO [http-nio-8080-exec-2] o.s.w.s.DispatcherServlet [FrameworkServlet.java:545] Completed initialization in 1 ms
2026-02-15 18:12:29,563 INFO [SpringApplicationShutdownHook] o.s.b.t.GracefulShutdown [GracefulShutdown.java:54] Commencing graceful shutdown. Waiting for active requests to complete
2026-02-15 18:12:29,566 INFO [tomcat-shutdown] o.s.b.t.GracefulShutdown [GracefulShutdown.java:76] Graceful shutdown complete
2026-02-15 18:12:31,144 INFO [restartedMain] c.n.c.CommunityApplication [StartupInfoLogger.java:54] Starting CommunityApplication using Java 22.0.2 with PID 36207 (/Users/shawncai/work/workspace/community/target/classes started by shawncai in /Users/shawncai/work/workspace/community)
2026-02-15 18:12:31,145 INFO [restartedMain] c.n.c.CommunityApplication [SpringApplication.java:652] No active profile set, falling back to 1 default profile: "default"
2026-02-15 18:12:31,158 INFO [restartedMain] o.s.b.d.e.DevToolsPropertyDefaultsPostProcessor [LogLevel.java:69] Devtools property defaults active! Set 'spring.devtools.add-properties' to 'false' to disable
2026-02-15 18:12:31,158 INFO [restartedMain] o.s.b.d.e.DevToolsPropertyDefaultsPostProcessor [LogLevel.java:69] For additional web related logging consider setting the 'logging.level.web' property to 'DEBUG'
2026-02-15 18:12:31,663 INFO [restartedMain] o.s.b.t.TomcatWebServer [TomcatWebServer.java:114] Tomcat initialized with port 8080 (http)
2026-02-15 18:12:31,669 INFO [restartedMain] o.a.c.h.Http11NioProtocol [DirectJDKLog.java:168] Initializing ProtocolHandler ["http-nio-8080"]
2026-02-15 18:12:31,670 INFO [restartedMain] o.a.c.c.StandardService [DirectJDKLog.java:168] Starting service [Tomcat]
2026-02-15 18:12:31,670 INFO [restartedMain] o.a.c.c.StandardEngine [DirectJDKLog.java:168] Starting Servlet engine: [Apache Tomcat/11.0.15]
2026-02-15 18:12:31,685 INFO [restartedMain] o.s.b.w.c.s.WebApplicationContextInitializer [WebApplicationContextInitializer.java:77] Root WebApplicationContext: initialization completed in 526 ms
2026-02-15 18:12:31,868 INFO [restartedMain] o.s.b.w.a.WelcomePageHandlerMapping [WelcomePageHandlerMapping.java:60] Adding welcome page template: index
2026-02-15 18:12:31,979 INFO [restartedMain] o.a.c.h.Http11NioProtocol [DirectJDKLog.java:168] Starting ProtocolHandler ["http-nio-8080"]
2026-02-15 18:12:31,986 INFO [restartedMain] o.s.b.t.TomcatWebServer [TomcatWebServer.java:240] Tomcat started on port 8080 (http) with context path '/community'
2026-02-15 18:12:31,988 INFO [restartedMain] c.n.c.CommunityApplication [StartupInfoLogger.java:60] Started CommunityApplication in 1.033 seconds (process running for 1.294)
2026-02-15 18:12:32,747 INFO [http-nio-8080-exec-1] o.a.c.c.C.[.[.[/community] [DirectJDKLog.java:168] Initializing Spring DispatcherServlet 'dispatcherServlet'
2026-02-15 18:12:32,747 INFO [http-nio-8080-exec-1] o.s.w.s.DispatcherServlet [FrameworkServlet.java:523] Initializing Servlet 'dispatcherServlet'
2026-02-15 18:12:32,748 INFO [http-nio-8080-exec-1] o.s.w.s.DispatcherServlet [FrameworkServlet.java:545] Completed initialization in 1 ms
2026-02-15 23:47:37,064 INFO [SpringApplicationShutdownHook] o.s.b.t.GracefulShutdown [GracefulShutdown.java:54] Commencing graceful shutdown. Waiting for active requests to complete
2026-02-15 23:47:37,070 INFO [tomcat-shutdown] o.s.b.t.GracefulShutdown [GracefulShutdown.java:76] Graceful shutdown complete
2026-02-15 23:49:54,518 INFO [restartedMain] c.n.c.CommunityApplication [StartupInfoLogger.java:54] Starting CommunityApplication using Java 22.0.2 with PID 41186 (/Users/shawncai/work/workspace/community/target/classes started by shawncai in /Users/shawncai/work/workspace/community)
2026-02-15 23:49:54,520 INFO [restartedMain] c.n.c.CommunityApplication [SpringApplication.java:652] No active profile set, falling back to 1 default profile: "default"
2026-02-15 23:49:54,552 INFO [restartedMain] o.s.b.d.e.DevToolsPropertyDefaultsPostProcessor [LogLevel.java:69] Devtools property defaults active! Set 'spring.devtools.add-properties' to 'false' to disable
2026-02-15 23:49:54,552 INFO [restartedMain] o.s.b.d.e.DevToolsPropertyDefaultsPostProcessor [LogLevel.java:69] For additional web related logging consider setting the 'logging.level.web' property to 'DEBUG'
2026-02-15 23:49:55,304 INFO [restartedMain] o.s.b.t.TomcatWebServer [TomcatWebServer.java:114] Tomcat initialized with port 8080 (http)
2026-02-15 23:49:55,310 INFO [restartedMain] o.a.c.h.Http11NioProtocol [DirectJDKLog.java:168] Initializing ProtocolHandler ["http-nio-8080"]
2026-02-15 23:49:55,311 INFO [restartedMain] o.a.c.c.StandardService [DirectJDKLog.java:168] Starting service [Tomcat]
2026-02-15 23:49:55,311 INFO [restartedMain] o.a.c.c.StandardEngine [DirectJDKLog.java:168] Starting Servlet engine: [Apache Tomcat/11.0.15]
2026-02-15 23:49:55,329 INFO [restartedMain] o.s.b.w.c.s.WebApplicationContextInitializer [WebApplicationContextInitializer.java:77] Root WebApplicationContext: initialization completed in 776 ms
2026-02-15 23:49:55,338 INFO [restartedMain] c.n.c.CommunityApplication [StartupInfoLogger.java:54] Starting CommunityApplication using Java 22.0.2 with PID 41192 (/Users/shawncai/work/workspace/community/target/classes started by shawncai in /Users/shawncai/work/workspace/community)
2026-02-15 23:49:55,339 INFO [restartedMain] c.n.c.CommunityApplication [SpringApplication.java:652] No active profile set, falling back to 1 default profile: "default"
2026-02-15 23:49:55,356 INFO [restartedMain] o.s.b.d.e.DevToolsPropertyDefaultsPostProcessor [LogLevel.java:69] Devtools property defaults active! Set 'spring.devtools.add-properties' to 'false' to disable
2026-02-15 23:49:55,356 INFO [restartedMain] o.s.b.d.e.DevToolsPropertyDefaultsPostProcessor [LogLevel.java:69] For additional web related logging consider setting the 'logging.level.web' property to 'DEBUG'
2026-02-15 23:49:55,531 INFO [restartedMain] o.s.b.w.a.WelcomePageHandlerMapping [WelcomePageHandlerMapping.java:60] Adding welcome page template: index
2026-02-15 23:49:55,673 INFO [restartedMain] o.a.c.h.Http11NioProtocol [DirectJDKLog.java:168] Starting ProtocolHandler ["http-nio-8080"]
2026-02-15 23:49:55,681 INFO [restartedMain] o.s.b.t.TomcatWebServer [TomcatWebServer.java:240] Tomcat started on port 8080 (http) with context path '/community'
2026-02-15 23:49:55,684 INFO [restartedMain] c.n.c.CommunityApplication [StartupInfoLogger.java:60] Started CommunityApplication in 1.655 seconds (process running for 2.313)
2026-02-15 23:49:55,754 INFO [restartedMain] o.s.b.t.TomcatWebServer [TomcatWebServer.java:114] Tomcat initialized with port 8080 (http)
2026-02-15 23:49:55,760 INFO [restartedMain] o.a.c.h.Http11NioProtocol [DirectJDKLog.java:168] Initializing ProtocolHandler ["http-nio-8080"]
2026-02-15 23:49:55,760 INFO [restartedMain] o.a.c.c.StandardService [DirectJDKLog.java:168] Starting service [Tomcat]
2026-02-15 23:49:55,760 INFO [restartedMain] o.a.c.c.StandardEngine [DirectJDKLog.java:168] Starting Servlet engine: [Apache Tomcat/11.0.15]
2026-02-15 23:49:55,773 INFO [restartedMain] o.s.b.w.c.s.WebApplicationContextInitializer [WebApplicationContextInitializer.java:77] Root WebApplicationContext: initialization completed in 416 ms
2026-02-15 23:49:55,922 INFO [restartedMain] o.s.b.w.a.WelcomePageHandlerMapping [WelcomePageHandlerMapping.java:60] Adding welcome page template: index
2026-02-15 23:49:56,045 INFO [restartedMain] o.a.c.h.Http11NioProtocol [DirectJDKLog.java:168] Starting ProtocolHandler ["http-nio-8080"]
2026-02-15 23:49:56,053 INFO [restartedMain] o.s.b.a.l.ConditionEvaluationReportLogger [ConditionEvaluationReportLogger.java:82] 

Error starting ApplicationContext. To display the condition evaluation report re-run your application with 'debug' enabled.
2026-02-15 23:50:01,058 INFO [http-nio-8080-exec-1] o.a.c.c.C.[.[.[/community] [DirectJDKLog.java:168] Initializing Spring DispatcherServlet 'dispatcherServlet'
2026-02-15 23:50:01,058 INFO [http-nio-8080-exec-1] o.s.w.s.DispatcherServlet [FrameworkServlet.java:523] Initializing Servlet 'dispatcherServlet'
2026-02-15 23:50:01,060 INFO [http-nio-8080-exec-1] o.s.w.s.DispatcherServlet [FrameworkServlet.java:545] Completed initialization in 2 ms
2026-02-15 23:50:23,211 INFO [SpringApplicationShutdownHook] o.s.b.t.GracefulShutdown [GracefulShutdown.java:54] Commencing graceful shutdown. Waiting for active requests to complete
2026-02-15 23:50:23,219 INFO [tomcat-shutdown] o.s.b.t.GracefulShutdown [GracefulShutdown.java:76] Graceful shutdown complete
2026-02-15 23:50:32,915 INFO [restartedMain] c.n.c.CommunityApplication [StartupInfoLogger.java:54] Starting CommunityApplication using Java 22.0.2 with PID 41216 (/Users/shawncai/work/workspace/community/target/classes started by shawncai in /Users/shawncai/work/workspace/community)
2026-02-15 23:50:32,916 INFO [restartedMain] c.n.c.CommunityApplication [SpringApplication.java:652] No active profile set, falling back to 1 default profile: "default"
2026-02-15 23:50:32,931 INFO [restartedMain] o.s.b.d.e.DevToolsPropertyDefaultsPostProcessor [LogLevel.java:69] Devtools property defaults active! Set 'spring.devtools.add-properties' to 'false' to disable
2026-02-15 23:50:32,931 INFO [restartedMain] o.s.b.d.e.DevToolsPropertyDefaultsPostProcessor [LogLevel.java:69] For additional web related logging consider setting the 'logging.level.web' property to 'DEBUG'
2026-02-15 23:50:33,270 INFO [restartedMain] o.s.b.t.TomcatWebServer [TomcatWebServer.java:114] Tomcat initialized with port 8080 (http)
2026-02-15 23:50:33,274 INFO [restartedMain] o.a.c.h.Http11NioProtocol [DirectJDKLog.java:168] Initializing ProtocolHandler ["http-nio-8080"]
2026-02-15 23:50:33,275 INFO [restartedMain] o.a.c.c.StandardService [DirectJDKLog.java:168] Starting service [Tomcat]
2026-02-15 23:50:33,275 INFO [restartedMain] o.a.c.c.StandardEngine [DirectJDKLog.java:168] Starting Servlet engine: [Apache Tomcat/11.0.15]
2026-02-15 23:50:33,285 INFO [restartedMain] o.s.b.w.c.s.WebApplicationContextInitializer [WebApplicationContextInitializer.java:77] Root WebApplicationContext: initialization completed in 354 ms
2026-02-15 23:50:33,411 INFO [restartedMain] o.s.b.w.a.WelcomePageHandlerMapping [WelcomePageHandlerMapping.java:60] Adding welcome page template: index
2026-02-15 23:50:33,508 INFO [restartedMain] o.a.c.h.Http11NioProtocol [DirectJDKLog.java:168] Starting ProtocolHandler ["http-nio-8080"]
2026-02-15 23:50:33,516 INFO [restartedMain] o.s.b.t.TomcatWebServer [TomcatWebServer.java:240] Tomcat started on port 8080 (http) with context path '/community'
2026-02-15 23:50:33,519 INFO [restartedMain] c.n.c.CommunityApplication [StartupInfoLogger.java:60] Started CommunityApplication in 0.787 seconds (process running for 1.045)
2026-02-15 23:50:36,975 INFO [http-nio-8080-exec-1] o.a.c.c.C.[.[.[/community] [DirectJDKLog.java:168] Initializing Spring DispatcherServlet 'dispatcherServlet'
2026-02-15 23:50:36,976 INFO [http-nio-8080-exec-1] o.s.w.s.DispatcherServlet [FrameworkServlet.java:523] Initializing Servlet 'dispatcherServlet'
2026-02-15 23:50:36,977 INFO [http-nio-8080-exec-1] o.s.w.s.DispatcherServlet [FrameworkServlet.java:545] Completed initialization in 1 ms
2026-02-15 23:51:48,399 INFO [SpringApplicationShutdownHook] o.s.b.t.GracefulShutdown [GracefulShutdown.java:54] Commencing graceful shutdown. Waiting for active requests to complete
2026-02-15 23:51:48,406 INFO [tomcat-shutdown] o.s.b.t.GracefulShutdown [GracefulShutdown.java:76] Graceful shutdown complete
2026-02-15 23:51:49,616 INFO [restartedMain] c.n.c.CommunityApplication [StartupInfoLogger.java:54] Starting CommunityApplication using Java 22.0.2 with PID 41276 (/Users/shawncai/work/workspace/community/target/classes started by shawncai in /Users/shawncai/work/workspace/community)
2026-02-15 23:51:49,618 INFO [restartedMain] c.n.c.CommunityApplication [SpringApplication.java:652] No active profile set, falling back to 1 default profile: "default"
2026-02-15 23:51:49,644 INFO [restartedMain] o.s.b.d.e.DevToolsPropertyDefaultsPostProcessor [LogLevel.java:69] Devtools property defaults active! Set 'spring.devtools.add-properties' to 'false' to disable
2026-02-15 23:51:49,645 INFO [restartedMain] o.s.b.d.e.DevToolsPropertyDefaultsPostProcessor [LogLevel.java:69] For additional web related logging consider setting the 'logging.level.web' property to 'DEBUG'
2026-02-15 23:51:50,095 INFO [restartedMain] o.s.b.t.TomcatWebServer [TomcatWebServer.java:114] Tomcat initialized with port 8080 (http)
2026-02-15 23:51:50,100 INFO [restartedMain] o.a.c.h.Http11NioProtocol [DirectJDKLog.java:168] Initializing ProtocolHandler ["http-nio-8080"]
2026-02-15 23:51:50,100 INFO [restartedMain] o.a.c.c.StandardService [DirectJDKLog.java:168] Starting service [Tomcat]
2026-02-15 23:51:50,100 INFO [restartedMain] o.a.c.c.StandardEngine [DirectJDKLog.java:168] Starting Servlet engine: [Apache Tomcat/11.0.15]
2026-02-15 23:51:50,100 INFO [restartedMain] c.n.c.CommunityApplication [StartupInfoLogger.java:54] Starting CommunityApplication using Java 22.0.2 with PID 41280 (/Users/shawncai/work/workspace/community/target/classes started by shawncai in /Users/shawncai/work/workspace/community)
2026-02-15 23:51:50,101 INFO [restartedMain] c.n.c.CommunityApplication [SpringApplication.java:652] No active profile set, falling back to 1 default profile: "default"
2026-02-15 23:51:50,114 INFO [restartedMain] o.s.b.w.c.s.WebApplicationContextInitializer [WebApplicationContextInitializer.java:77] Root WebApplicationContext: initialization completed in 468 ms
2026-02-15 23:51:50,117 INFO [restartedMain] o.s.b.d.e.DevToolsPropertyDefaultsPostProcessor [LogLevel.java:69] Devtools property defaults active! Set 'spring.devtools.add-properties' to 'false' to disable
2026-02-15 23:51:50,117 INFO [restartedMain] o.s.b.d.e.DevToolsPropertyDefaultsPostProcessor [LogLevel.java:69] For additional web related logging consider setting the 'logging.level.web' property to 'DEBUG'
2026-02-15 23:51:50,279 INFO [restartedMain] o.s.b.w.a.WelcomePageHandlerMapping [WelcomePageHandlerMapping.java:60] Adding welcome page template: index
2026-02-15 23:51:50,409 INFO [restartedMain] o.a.c.h.Http11NioProtocol [DirectJDKLog.java:168] Starting ProtocolHandler ["http-nio-8080"]
2026-02-15 23:51:50,416 INFO [restartedMain] o.s.b.t.TomcatWebServer [TomcatWebServer.java:240] Tomcat started on port 8080 (http) with context path '/community'
2026-02-15 23:51:50,418 INFO [restartedMain] c.n.c.CommunityApplication [StartupInfoLogger.java:60] Started CommunityApplication in 1.094 seconds (process running for 1.393)
2026-02-15 23:51:50,476 INFO [restartedMain] o.s.b.t.TomcatWebServer [TomcatWebServer.java:114] Tomcat initialized with port 8080 (http)
2026-02-15 23:51:50,479 INFO [restartedMain] o.a.c.h.Http11NioProtocol [DirectJDKLog.java:168] Initializing ProtocolHandler ["http-nio-8080"]
2026-02-15 23:51:50,480 INFO [restartedMain] o.a.c.c.StandardService [DirectJDKLog.java:168] Starting service [Tomcat]
2026-02-15 23:51:50,480 INFO [restartedMain] o.a.c.c.StandardEngine [DirectJDKLog.java:168] Starting Servlet engine: [Apache Tomcat/11.0.15]
2026-02-15 23:51:50,490 INFO [restartedMain] o.s.b.w.c.s.WebApplicationContextInitializer [WebApplicationContextInitializer.java:77] Root WebApplicationContext: initialization completed in 373 ms
2026-02-15 23:51:50,608 INFO [restartedMain] o.s.b.w.a.WelcomePageHandlerMapping [WelcomePageHandlerMapping.java:60] Adding welcome page template: index
2026-02-15 23:51:50,706 INFO [restartedMain] o.a.c.h.Http11NioProtocol [DirectJDKLog.java:168] Starting ProtocolHandler ["http-nio-8080"]
2026-02-15 23:51:50,716 INFO [restartedMain] o.s.b.a.l.ConditionEvaluationReportLogger [ConditionEvaluationReportLogger.java:82] 

Error starting ApplicationContext. To display the condition evaluation report re-run your application with 'debug' enabled.
2026-02-15 23:51:57,126 INFO [SpringApplicationShutdownHook] o.s.b.t.GracefulShutdown [GracefulShutdown.java:54] Commencing graceful shutdown. Waiting for active requests to complete
2026-02-15 23:51:57,129 INFO [tomcat-shutdown] o.s.b.t.GracefulShutdown [GracefulShutdown.java:76] Graceful shutdown complete
2026-02-15 23:51:59,370 INFO [restartedMain] c.n.c.CommunityApplication [StartupInfoLogger.java:54] Starting CommunityApplication using Java 22.0.2 with PID 41290 (/Users/shawncai/work/workspace/community/target/classes started by shawncai in /Users/shawncai/work/workspace/community)
2026-02-15 23:51:59,371 INFO [restartedMain] c.n.c.CommunityApplication [SpringApplication.java:652] No active profile set, falling back to 1 default profile: "default"
2026-02-15 23:51:59,383 INFO [restartedMain] o.s.b.d.e.DevToolsPropertyDefaultsPostProcessor [LogLevel.java:69] Devtools property defaults active! Set 'spring.devtools.add-properties' to 'false' to disable
2026-02-15 23:51:59,384 INFO [restartedMain] o.s.b.d.e.DevToolsPropertyDefaultsPostProcessor [LogLevel.java:69] For additional web related logging consider setting the 'logging.level.web' property to 'DEBUG'
2026-02-15 23:51:59,702 INFO [restartedMain] o.s.b.t.TomcatWebServer [TomcatWebServer.java:114] Tomcat initialized with port 8080 (http)
2026-02-15 23:51:59,706 INFO [restartedMain] o.a.c.h.Http11NioProtocol [DirectJDKLog.java:168] Initializing ProtocolHandler ["http-nio-8080"]
2026-02-15 23:51:59,707 INFO [restartedMain] o.a.c.c.StandardService [DirectJDKLog.java:168] Starting service [Tomcat]
2026-02-15 23:51:59,707 INFO [restartedMain] o.a.c.c.StandardEngine [DirectJDKLog.java:168] Starting Servlet engine: [Apache Tomcat/11.0.15]
2026-02-15 23:51:59,718 INFO [restartedMain] o.s.b.w.c.s.WebApplicationContextInitializer [WebApplicationContextInitializer.java:77] Root WebApplicationContext: initialization completed in 334 ms
2026-02-15 23:51:59,855 INFO [restartedMain] o.s.b.w.a.WelcomePageHandlerMapping [WelcomePageHandlerMapping.java:60] Adding welcome page template: index
2026-02-15 23:51:59,965 INFO [restartedMain] o.a.c.h.Http11NioProtocol [DirectJDKLog.java:168] Starting ProtocolHandler ["http-nio-8080"]
2026-02-15 23:51:59,973 INFO [restartedMain] o.s.b.t.TomcatWebServer [TomcatWebServer.java:240] Tomcat started on port 8080 (http) with context path '/community'
2026-02-15 23:51:59,976 INFO [restartedMain] c.n.c.CommunityApplication [StartupInfoLogger.java:60] Started CommunityApplication in 0.797 seconds (process running for 1.041)
2026-02-15 23:52:03,450 INFO [http-nio-8080-exec-1] o.a.c.c.C.[.[.[/community] [DirectJDKLog.java:168] Initializing Spring DispatcherServlet 'dispatcherServlet'
2026-02-15 23:52:03,450 INFO [http-nio-8080-exec-1] o.s.w.s.DispatcherServlet [FrameworkServlet.java:523] Initializing Servlet 'dispatcherServlet'
2026-02-15 23:52:03,451 INFO [http-nio-8080-exec-1] o.s.w.s.DispatcherServlet [FrameworkServlet.java:545] Completed initialization in 1 ms
